#
# There is insufficient memory for the Java Runtime Environment to continue.
# Native memory allocation (malloc) failed to allocate 1623216 bytes for Chunk::new
# Possible reasons:
#   The system is out of physical RAM or swap space
#   The process is running with CompressedOops enabled, and the Java Heap may be blocking the growth of the native heap
# Possible solutions:
#   Reduce memory load on the system
#   Increase physical memory or swap space
#   Check if swap backing store is full
#   Decrease Java heap size (-Xmx/-Xms)
#   Decrease number of Java threads
#   Decrease Java thread stack sizes (-Xss)
#   Set larger code cache with -XX:ReservedCodeCacheSize=
#   JVM is running with Unscaled Compressed Oops mode in which the Java heap is
#     placed in the first 4GB address space. The Java Heap base address is the
#     maximum limit for the native heap growth. Please use -XX:HeapBaseMinAddress
#     to set the Java Heap base and to place the Java Heap above 4GB virtual address.
# This output file may be truncated or incomplete.
#
#  Out of Memory Error (./src/hotspot/share/memory/arena.cpp:197), pid=21200, tid=29656
#
# JRE version: OpenJDK Runtime Environment JBR-11.0.13.7-1751.21-jcef (11.0.13+7) (build 11.0.13+7-b1751.21)
# Java VM: OpenJDK 64-Bit Server VM JBR-11.0.13.7-1751.21-jcef (11.0.13+7-b1751.21, mixed mode, tiered, compressed oops, g1 gc, windows-amd64)
# No core dump will be written. Minidumps are not enabled by default on client versions of Windows
#

---------------  S U M M A R Y ------------

Command Line: --add-opens=java.base/java.util=ALL-UNNAMED --add-opens=java.base/java.lang=ALL-UNNAMED --add-opens=java.base/java.lang.invoke=ALL-UNNAMED --add-opens=java.base/java.util=ALL-UNNAMED --add-opens=java.prefs/java.util.prefs=ALL-UNNAMED --add-opens=java.prefs/java.util.prefs=ALL-UNNAMED --add-opens=java.base/java.nio.charset=ALL-UNNAMED --add-opens=java.base/java.net=ALL-UNNAMED --add-opens=java.base/java.util.concurrent.atomic=ALL-UNNAMED -Xmx1536m -Dfile.encoding=GBK -Duser.country=CN -Duser.language=zh -Duser.variant org.gradle.launcher.daemon.bootstrap.GradleDaemon 7.0.2

Host: AMD Ryzen 5 4600U with Radeon Graphics         , 12 cores, 15G,  Windows 11 , 64 bit Build 25314 (10.0.25314.1000)
Time: Mon Mar 13 15:32:24 2023 马来西亚半岛标准时间 elapsed time: 12.807010 seconds (0d 0h 0m 12s)

---------------  T H R E A D  ---------------

Current thread (0x000001bab1420800):  JavaThread "C2 CompilerThread0" daemon [_thread_in_native, id=29656, stack(0x000000a221a00000,0x000000a221b00000)]


Current CompileTask:
C2:  12807 6234       4       java.net.URLClassLoader$1::run (5 bytes)

Stack: [0x000000a221a00000,0x000000a221b00000]
Native frames: (J=compiled Java code, j=interpreted, Vv=VM code, C=native code)
V  [jvm.dll+0x613daa]
V  [jvm.dll+0x799b30]
V  [jvm.dll+0x79b14d]
V  [jvm.dll+0x79b823]
V  [jvm.dll+0x24c958]
V  [jvm.dll+0xc14dc]
V  [jvm.dll+0xc1a0c]
V  [jvm.dll+0x360bfb]
V  [jvm.dll+0x19ecdc]
V  [jvm.dll+0x204e8e]
V  [jvm.dll+0x203f07]
V  [jvm.dll+0x18b2a1]
V  [jvm.dll+0x212c3b]
V  [jvm.dll+0x211491]
V  [jvm.dll+0x760b9f]
V  [jvm.dll+0x759755]
V  [jvm.dll+0x612a16]
C  [ucrtbase.dll+0x244eb]
C  [KERNEL32.DLL+0x3e2d]
C  [ntdll.dll+0x4ef48]


---------------  P R O C E S S  ---------------

Threads class SMR info:
_java_thread_list=0x000001bab9b15360, length=60, elements={
0x000001ba97c36000, 0x000001bab13a8000, 0x000001bab13a9000, 0x000001bab1418800,
0x000001bab1419800, 0x000001bab141b000, 0x000001bab1420800, 0x000001bab1421800,
0x000001bab1425000, 0x000001bab15b2800, 0x000001bab35f3000, 0x000001bab1f1c000,
0x000001bab247d000, 0x000001bab3d32000, 0x000001bab3063000, 0x000001bab3c14800,
0x000001bab2e59000, 0x000001bab3fa4800, 0x000001bab3dd1000, 0x000001bab3968800,
0x000001bab3966000, 0x000001bab396a000, 0x000001bab3969000, 0x000001bab396a800,
0x000001bab3966800, 0x000001bab396b800, 0x000001bab3967800, 0x000001bab396c800,
0x000001bab4604800, 0x000001bab4600000, 0x000001bab4601000, 0x000001bab45ff800,
0x000001bab4602000, 0x000001bab4607800, 0x000001bab4606000, 0x000001bab4609000,
0x000001bab4607000, 0x000001bab4603800, 0x000001bab460b000, 0x000001bab460a000,
0x000001bab460b800, 0x000001bab460c800, 0x000001bab460d800, 0x000001bab460e000,
0x000001bab7134000, 0x000001bab7139800, 0x000001bab713a800, 0x000001bab7135800,
0x000001bab7134800, 0x000001bab713b000, 0x000001bab713c000, 0x000001bab7139000,
0x000001bab7136800, 0x000001bab713d000, 0x000001bab7137000, 0x000001bab713d800,
0x000001bab7138000, 0x000001bab3f87800, 0x000001bab9586800, 0x000001bab7142800
}

Java Threads: ( => current thread )
  0x000001ba97c36000 JavaThread "main" [_thread_blocked, id=13856, stack(0x000000a220e00000,0x000000a220f00000)]
  0x000001bab13a8000 JavaThread "Reference Handler" daemon [_thread_blocked, id=26904, stack(0x000000a221500000,0x000000a221600000)]
  0x000001bab13a9000 JavaThread "Finalizer" daemon [_thread_blocked, id=16860, stack(0x000000a221600000,0x000000a221700000)]
  0x000001bab1418800 JavaThread "Signal Dispatcher" daemon [_thread_blocked, id=23612, stack(0x000000a221700000,0x000000a221800000)]
  0x000001bab1419800 JavaThread "Attach Listener" daemon [_thread_blocked, id=26572, stack(0x000000a221800000,0x000000a221900000)]
  0x000001bab141b000 JavaThread "Service Thread" daemon [_thread_blocked, id=21152, stack(0x000000a221900000,0x000000a221a00000)]
=>0x000001bab1420800 JavaThread "C2 CompilerThread0" daemon [_thread_in_native, id=29656, stack(0x000000a221a00000,0x000000a221b00000)]
  0x000001bab1421800 JavaThread "C1 CompilerThread0" daemon [_thread_blocked, id=22436, stack(0x000000a221b00000,0x000000a221c00000)]
  0x000001bab1425000 JavaThread "Sweeper thread" daemon [_thread_blocked, id=22560, stack(0x000000a221c00000,0x000000a221d00000)]
  0x000001bab15b2800 JavaThread "Common-Cleaner" daemon [_thread_blocked, id=16204, stack(0x000000a221d00000,0x000000a221e00000)]
  0x000001bab35f3000 JavaThread "Daemon health stats" [_thread_blocked, id=16116, stack(0x000000a222500000,0x000000a222600000)]
  0x000001bab1f1c000 JavaThread "Incoming local TCP Connector on port 55000" [_thread_in_native, id=19972, stack(0x000000a221f00000,0x000000a222000000)]
  0x000001bab247d000 JavaThread "Daemon periodic checks" [_thread_blocked, id=2348, stack(0x000000a222000000,0x000000a222100000)]
  0x000001bab3d32000 JavaThread "Daemon" [_thread_blocked, id=24292, stack(0x000000a222600000,0x000000a222700000)]
  0x000001bab3063000 JavaThread "Handler for socket connection from /127.0.0.1:55000 to /127.0.0.1:55001" [_thread_in_native, id=16308, stack(0x000000a222700000,0x000000a222800000)]
  0x000001bab3c14800 JavaThread "Cancel handler" [_thread_blocked, id=23604, stack(0x000000a222800000,0x000000a222900000)]
  0x000001bab2e59000 JavaThread "Daemon worker" [_thread_in_native, id=12908, stack(0x000000a222900000,0x000000a222a00000)]
  0x000001bab3fa4800 JavaThread "Asynchronous log dispatcher for DefaultDaemonConnection: socket connection from /127.0.0.1:55000 to /127.0.0.1:55001" [_thread_blocked, id=27228, stack(0x000000a222a00000,0x000000a222b00000)]
  0x000001bab3dd1000 JavaThread "Stdin handler" [_thread_blocked, id=29448, stack(0x000000a222b00000,0x000000a222c00000)]
  0x000001bab3968800 JavaThread "Daemon client event forwarder" [_thread_blocked, id=26516, stack(0x000000a222c00000,0x000000a222d00000)]
  0x000001bab3966000 JavaThread "Cache worker for file hash cache (C:\Users\Lenovo\.gradle\caches\7.0.2\fileHashes)" [_thread_blocked, id=29408, stack(0x000000a222d00000,0x000000a222e00000)]
  0x000001bab396a000 JavaThread "File lock request listener" [_thread_in_native, id=27384, stack(0x000000a222e00000,0x000000a222f00000)]
  0x000001bab3969000 JavaThread "Cache worker for journal cache (C:\Users\Lenovo\.gradle\caches\journal-1)" [_thread_blocked, id=17728, stack(0x000000a223600000,0x000000a223700000)]
  0x000001bab396a800 JavaThread "Cache worker for file hash cache (C:\myfiles\Projects\Dev\Android\BigDoAndroid\.gradle\7.0.2\fileHashes)" [_thread_blocked, id=26208, stack(0x000000a223800000,0x000000a223900000)]
  0x000001bab3966800 JavaThread "File watcher server" daemon [_thread_in_native, id=24156, stack(0x000000a223900000,0x000000a223a00000)]
  0x000001bab396b800 JavaThread "File watcher consumer" daemon [_thread_blocked, id=27476, stack(0x000000a223a00000,0x000000a223b00000)]
  0x000001bab3967800 JavaThread "Cache worker for checksums cache (C:\myfiles\Projects\Dev\Android\BigDoAndroid\.gradle\checksums)" [_thread_blocked, id=28200, stack(0x000000a223b00000,0x000000a223c00000)]
  0x000001bab396c800 JavaThread "Cache worker for cache directory md-supplier (C:\Users\Lenovo\.gradle\caches\7.0.2\md-supplier)" [_thread_blocked, id=24208, stack(0x000000a223c00000,0x000000a223d00000)]
  0x000001bab4604800 JavaThread "Cache worker for cache directory md-rule (C:\Users\Lenovo\.gradle\caches\7.0.2\md-rule)" [_thread_blocked, id=4648, stack(0x000000a223d00000,0x000000a223e00000)]
  0x000001bab4600000 JavaThread "Cache worker for execution history cache (C:\Users\Lenovo\.gradle\caches\7.0.2\executionHistory)" [_thread_blocked, id=27584, stack(0x000000a223e00000,0x000000a223f00000)]
  0x000001bab4601000 JavaThread "jar transforms" [_thread_blocked, id=12520, stack(0x000000a224000000,0x000000a224100000)]
  0x000001bab45ff800 JavaThread "jar transforms Thread 2" [_thread_blocked, id=26420, stack(0x000000a224100000,0x000000a224200000)]
  0x000001bab4602000 JavaThread "Cache worker for file content cache (C:\Users\Lenovo\.gradle\caches\7.0.2\fileContent)" [_thread_blocked, id=26668, stack(0x000000a224200000,0x000000a224300000)]
  0x000001bab4607800 JavaThread "Cache worker for dependencies-accessors (C:\myfiles\Projects\Dev\Android\BigDoAndroid\.gradle\7.0.2\dependencies-accessors)" [_thread_blocked, id=27152, stack(0x000000a224300000,0x000000a224400000)]
  0x000001bab4606000 JavaThread "jar transforms Thread 3" [_thread_blocked, id=22656, stack(0x000000a224400000,0x000000a224500000)]
  0x000001bab4609000 JavaThread "Cache worker for Build Output Cleanup Cache (C:\myfiles\Projects\Dev\Android\BigDoAndroid\.gradle\buildOutputCleanup)" [_thread_blocked, id=26224, stack(0x000000a224500000,0x000000a224600000)]
  0x000001bab4607000 JavaThread "Build operations" [_thread_blocked, id=14920, stack(0x000000a224600000,0x000000a224700000)]
  0x000001bab4603800 JavaThread "Build operations Thread 2" [_thread_blocked, id=26076, stack(0x000000a224700000,0x000000a224800000)]
  0x000001bab460b000 JavaThread "Build operations Thread 3" [_thread_blocked, id=15116, stack(0x000000a224800000,0x000000a224900000)]
  0x000001bab460a000 JavaThread "Build operations Thread 4" [_thread_blocked, id=16272, stack(0x000000a224900000,0x000000a224a00000)]
  0x000001bab460b800 JavaThread "Build operations Thread 5" [_thread_blocked, id=28084, stack(0x000000a224a00000,0x000000a224b00000)]
  0x000001bab460c800 JavaThread "Build operations Thread 6" [_thread_blocked, id=27728, stack(0x000000a224b00000,0x000000a224c00000)]
  0x000001bab460d800 JavaThread "Build operations Thread 7" [_thread_blocked, id=29536, stack(0x000000a224c00000,0x000000a224d00000)]
  0x000001bab460e000 JavaThread "Build operations Thread 8" [_thread_blocked, id=17704, stack(0x000000a224d00000,0x000000a224e00000)]
  0x000001bab7134000 JavaThread "Build operations Thread 9" [_thread_blocked, id=23804, stack(0x000000a224e00000,0x000000a224f00000)]
  0x000001bab7139800 JavaThread "Build operations Thread 10" [_thread_blocked, id=28096, stack(0x000000a224f00000,0x000000a225000000)]
  0x000001bab713a800 JavaThread "Build operations Thread 11" [_thread_blocked, id=14312, stack(0x000000a225000000,0x000000a225100000)]
  0x000001bab7135800 JavaThread "Build operations Thread 12" [_thread_blocked, id=26212, stack(0x000000a225100000,0x000000a225200000)]
  0x000001bab7134800 JavaThread "jar transforms Thread 4" [_thread_blocked, id=4180, stack(0x000000a223f00000,0x000000a224000000)]
  0x000001bab713b000 JavaThread "jar transforms Thread 5" [_thread_blocked, id=22680, stack(0x000000a225200000,0x000000a225300000)]
  0x000001bab713c000 JavaThread "jar transforms Thread 6" [_thread_blocked, id=27456, stack(0x000000a225300000,0x000000a225400000)]
  0x000001bab7139000 JavaThread "jar transforms Thread 7" [_thread_blocked, id=24928, stack(0x000000a225400000,0x000000a225500000)]
  0x000001bab7136800 JavaThread "jar transforms Thread 8" [_thread_blocked, id=17600, stack(0x000000a225500000,0x000000a225600000)]
  0x000001bab713d000 JavaThread "jar transforms Thread 9" [_thread_blocked, id=5420, stack(0x000000a225600000,0x000000a225700000)]
  0x000001bab7137000 JavaThread "jar transforms Thread 10" [_thread_blocked, id=13776, stack(0x000000a225700000,0x000000a225800000)]
  0x000001bab713d800 JavaThread "jar transforms Thread 11" [_thread_blocked, id=20032, stack(0x000000a225800000,0x000000a225900000)]
  0x000001bab7138000 JavaThread "jar transforms Thread 12" [_thread_blocked, id=8664, stack(0x000000a225900000,0x000000a225a00000)]
  0x000001bab3f87800 JavaThread "C2 CompilerThread1" daemon [_thread_in_native, id=23156, stack(0x000000a223700000,0x000000a223800000)]
  0x000001bab9586800 JavaThread "C2 CompilerThread2" daemon [_thread_in_native, id=17680, stack(0x000000a225a00000,0x000000a225b00000)]
  0x000001bab7142800 JavaThread "Memory manager" [_thread_blocked, id=23480, stack(0x000000a225b00000,0x000000a225c00000)]

Other Threads:
  0x000001bab1381800 VMThread "VM Thread" [stack: 0x000000a221400000,0x000000a221500000] [id=24820]
  0x000001bab1e63000 WatcherThread [stack: 0x000000a221e00000,0x000000a221f00000] [id=4568]
  0x000001ba97c48800 GCTaskThread "GC Thread#0" [stack: 0x000000a220f00000,0x000000a221000000] [id=29512]
  0x000001bab1436800 GCTaskThread "GC Thread#1" [stack: 0x000000a222100000,0x000000a222200000] [id=23444]
  0x000001bab1438000 GCTaskThread "GC Thread#2" [stack: 0x000000a222200000,0x000000a222300000] [id=5556]
  0x000001bab1438800 GCTaskThread "GC Thread#3" [stack: 0x000000a222300000,0x000000a222400000] [id=10160]
  0x000001bab1433000 GCTaskThread "GC Thread#4" [stack: 0x000000a222400000,0x000000a222500000] [id=21036]
  0x000001bab424a800 GCTaskThread "GC Thread#5" [stack: 0x000000a222f00000,0x000000a223000000] [id=26640]
  0x000001bab424f800 GCTaskThread "GC Thread#6" [stack: 0x000000a223000000,0x000000a223100000] [id=24260]
  0x000001bab424c000 GCTaskThread "GC Thread#7" [stack: 0x000000a223100000,0x000000a223200000] [id=12536]
  0x000001bab424e000 GCTaskThread "GC Thread#8" [stack: 0x000000a223200000,0x000000a223300000] [id=24676]
  0x000001bab424f000 GCTaskThread "GC Thread#9" [stack: 0x000000a223300000,0x000000a223400000] [id=29164]
  0x000001ba97c73000 ConcurrentGCThread "G1 Main Marker" [stack: 0x000000a221000000,0x000000a221100000] [id=4532]
  0x000001ba97c76800 ConcurrentGCThread "G1 Conc#0" [stack: 0x000000a221100000,0x000000a221200000] [id=22764]
  0x000001bab4252800 ConcurrentGCThread "G1 Conc#1" [stack: 0x000000a223400000,0x000000a223500000] [id=9884]
  0x000001bab4254000 ConcurrentGCThread "G1 Conc#2" [stack: 0x000000a223500000,0x000000a223600000] [id=20596]
  0x000001bab11e4800 ConcurrentGCThread "G1 Refine#0" [stack: 0x000000a221200000,0x000000a221300000] [id=21984]
  0x000001ba97d6e000 ConcurrentGCThread "G1 Young RemSet Sampling" [stack: 0x000000a221300000,0x000000a221400000] [id=6352]

Threads with active compile tasks:
C2 CompilerThread0  12859 6234       4       java.net.URLClassLoader$1::run (5 bytes)
C2 CompilerThread1  13852 6354       4       java.lang.ClassLoader::preDefineClass (116 bytes)
C2 CompilerThread2  13852 6295       4       com.sun.beans.TypeResolver::resolve (37 bytes)

VM state:not at safepoint (normal execution)

VM Mutex/Monitor currently owned by a thread: None

Heap address: 0x00000000a0000000, size: 1536 MB, Compressed Oops mode: 32-bit
Narrow klass base: 0x0000000000000000, Narrow klass shift: 3
Compressed class space size: 1073741824 Address: 0x0000000100000000

Heap:
 garbage-first heap   total 251904K, used 132018K [0x00000000a0000000, 0x0000000100000000)
  region size 1024K, 87 young (89088K), 3 survivors (3072K)
 Metaspace       used 64625K, capacity 66419K, committed 66440K, reserved 1107968K
  class space    used 8145K, capacity 8831K, committed 8832K, reserved 1048576K
Heap Regions: E=young(eden), S=young(survivor), O=old, HS=humongous(starts), HC=humongous(continues), CS=collection set, F=free, A=archive, TAMS=top-at-mark-start (previous, next)
|   0|0x00000000a0000000, 0x00000000a0100000, 0x00000000a0100000|100%| O|  |TAMS 0x00000000a0100000, 0x00000000a0000000| Untracked 
|   1|0x00000000a0100000, 0x00000000a0200000, 0x00000000a0200000|100%| O|  |TAMS 0x00000000a0200000, 0x00000000a0100000| Untracked 
|   2|0x00000000a0200000, 0x00000000a0300000, 0x00000000a0300000|100%| O|  |TAMS 0x00000000a0300000, 0x00000000a0200000| Untracked 
|   3|0x00000000a0300000, 0x00000000a0400000, 0x00000000a0400000|100%|HS|  |TAMS 0x00000000a0400000, 0x00000000a0300000| Complete 
|   4|0x00000000a0400000, 0x00000000a0500000, 0x00000000a0500000|100%|HC|  |TAMS 0x00000000a0500000, 0x00000000a0400000| Complete 
|   5|0x00000000a0500000, 0x00000000a0600000, 0x00000000a0600000|100%|HC|  |TAMS 0x00000000a0600000, 0x00000000a0500000| Complete 
|   6|0x00000000a0600000, 0x00000000a0700000, 0x00000000a0700000|100%| O|  |TAMS 0x00000000a0700000, 0x00000000a0600000| Untracked 
|   7|0x00000000a0700000, 0x00000000a0800000, 0x00000000a0800000|100%| O|  |TAMS 0x00000000a0800000, 0x00000000a0700000| Untracked 
|   8|0x00000000a0800000, 0x00000000a0900000, 0x00000000a0900000|100%| O|  |TAMS 0x00000000a0900000, 0x00000000a0800000| Untracked 
|   9|0x00000000a0900000, 0x00000000a0a00000, 0x00000000a0a00000|100%| O|  |TAMS 0x00000000a0a00000, 0x00000000a0900000| Untracked 
|  10|0x00000000a0a00000, 0x00000000a0b00000, 0x00000000a0b00000|100%| O|  |TAMS 0x00000000a0b00000, 0x00000000a0a00000| Untracked 
|  11|0x00000000a0b00000, 0x00000000a0c00000, 0x00000000a0c00000|100%| O|  |TAMS 0x00000000a0c00000, 0x00000000a0b00000| Untracked 
|  12|0x00000000a0c00000, 0x00000000a0d00000, 0x00000000a0d00000|100%| O|  |TAMS 0x00000000a0d00000, 0x00000000a0c00000| Untracked 
|  13|0x00000000a0d00000, 0x00000000a0e00000, 0x00000000a0e00000|100%| O|  |TAMS 0x00000000a0e00000, 0x00000000a0d00000| Untracked 
|  14|0x00000000a0e00000, 0x00000000a0f00000, 0x00000000a0f00000|100%| O|  |TAMS 0x00000000a0f00000, 0x00000000a0e00000| Untracked 
|  15|0x00000000a0f00000, 0x00000000a1000000, 0x00000000a1000000|100%| O|  |TAMS 0x00000000a1000000, 0x00000000a0f00000| Untracked 
|  16|0x00000000a1000000, 0x00000000a1100000, 0x00000000a1100000|100%|HS|  |TAMS 0x00000000a1100000, 0x00000000a1000000| Complete 
|  17|0x00000000a1100000, 0x00000000a1200000, 0x00000000a1200000|100%|HS|  |TAMS 0x00000000a1200000, 0x00000000a1100000| Complete 
|  18|0x00000000a1200000, 0x00000000a1300000, 0x00000000a1300000|100%|HS|  |TAMS 0x00000000a1300000, 0x00000000a1200000| Complete 
|  19|0x00000000a1300000, 0x00000000a1400000, 0x00000000a1400000|100%|HC|  |TAMS 0x00000000a1400000, 0x00000000a1300000| Complete 
|  20|0x00000000a1400000, 0x00000000a1500000, 0x00000000a1500000|100%| O|  |TAMS 0x00000000a1500000, 0x00000000a1400000| Untracked 
|  21|0x00000000a1500000, 0x00000000a1600000, 0x00000000a1600000|100%| O|  |TAMS 0x00000000a1600000, 0x00000000a1500000| Untracked 
|  22|0x00000000a1600000, 0x00000000a1700000, 0x00000000a1700000|100%| O|  |TAMS 0x00000000a1700000, 0x00000000a1600000| Untracked 
|  23|0x00000000a1700000, 0x00000000a1800000, 0x00000000a1800000|100%| O|  |TAMS 0x00000000a1800000, 0x00000000a1700000| Untracked 
|  24|0x00000000a1800000, 0x00000000a1900000, 0x00000000a1900000|100%| O|  |TAMS 0x00000000a1900000, 0x00000000a1800000| Untracked 
|  25|0x00000000a1900000, 0x00000000a1a00000, 0x00000000a1a00000|100%| O|  |TAMS 0x00000000a1a00000, 0x00000000a1900000| Untracked 
|  26|0x00000000a1a00000, 0x00000000a1b00000, 0x00000000a1b00000|100%| O|  |TAMS 0x00000000a1b00000, 0x00000000a1a00000| Untracked 
|  27|0x00000000a1b00000, 0x00000000a1c00000, 0x00000000a1c00000|100%| O|  |TAMS 0x00000000a1c00000, 0x00000000a1b00000| Untracked 
|  28|0x00000000a1c00000, 0x00000000a1d00000, 0x00000000a1d00000|100%| O|  |TAMS 0x00000000a1d00000, 0x00000000a1c00000| Untracked 
|  29|0x00000000a1d00000, 0x00000000a1e00000, 0x00000000a1e00000|100%| O|  |TAMS 0x00000000a1e00000, 0x00000000a1d00000| Untracked 
|  30|0x00000000a1e00000, 0x00000000a1f00000, 0x00000000a1f00000|100%| O|  |TAMS 0x00000000a1f00000, 0x00000000a1e00000| Untracked 
|  31|0x00000000a1f00000, 0x00000000a2000000, 0x00000000a2000000|100%| O|  |TAMS 0x00000000a2000000, 0x00000000a1f00000| Untracked 
|  32|0x00000000a2000000, 0x00000000a2100000, 0x00000000a2100000|100%| O|  |TAMS 0x00000000a2100000, 0x00000000a2000000| Untracked 
|  33|0x00000000a2100000, 0x00000000a2200000, 0x00000000a2200000|100%| O|  |TAMS 0x00000000a2200000, 0x00000000a2100000| Untracked 
|  34|0x00000000a2200000, 0x00000000a2300000, 0x00000000a2300000|100%| O|  |TAMS 0x00000000a2300000, 0x00000000a2200000| Untracked 
|  35|0x00000000a2300000, 0x00000000a2400000, 0x00000000a2400000|100%| O|  |TAMS 0x00000000a2400000, 0x00000000a2300000| Untracked 
|  36|0x00000000a2400000, 0x00000000a2500000, 0x00000000a2500000|100%| O|  |TAMS 0x00000000a2500000, 0x00000000a2400000| Untracked 
|  37|0x00000000a2500000, 0x00000000a2600000, 0x00000000a2600000|100%| O|  |TAMS 0x00000000a2600000, 0x00000000a2500000| Untracked 
|  38|0x00000000a2600000, 0x00000000a2700000, 0x00000000a2700000|100%| O|  |TAMS 0x00000000a2700000, 0x00000000a2600000| Untracked 
|  39|0x00000000a2700000, 0x00000000a2800000, 0x00000000a2800000|100%| O|  |TAMS 0x00000000a2800000, 0x00000000a2700000| Untracked 
|  40|0x00000000a2800000, 0x00000000a2900000, 0x00000000a2900000|100%| O|  |TAMS 0x00000000a2900000, 0x00000000a2800000| Untracked 
|  41|0x00000000a2900000, 0x00000000a2a00000, 0x00000000a2a00000|100%| O|  |TAMS 0x00000000a2a00000, 0x00000000a2900000| Untracked 
|  42|0x00000000a2a00000, 0x00000000a2aeca00, 0x00000000a2b00000| 92%| O|  |TAMS 0x00000000a2aeca00, 0x00000000a2a00000| Untracked 
|  43|0x00000000a2b00000, 0x00000000a2c00000, 0x00000000a2c00000|100%|HS|  |TAMS 0x00000000a2b00000, 0x00000000a2b00000| Complete 
|  44|0x00000000a2c00000, 0x00000000a2c00000, 0x00000000a2d00000|  0%| F|  |TAMS 0x00000000a2c00000, 0x00000000a2c00000| Untracked 
|  45|0x00000000a2d00000, 0x00000000a2d00000, 0x00000000a2e00000|  0%| F|  |TAMS 0x00000000a2d00000, 0x00000000a2d00000| Untracked 
|  46|0x00000000a2e00000, 0x00000000a2e00000, 0x00000000a2f00000|  0%| F|  |TAMS 0x00000000a2e00000, 0x00000000a2e00000| Untracked 
|  47|0x00000000a2f00000, 0x00000000a2f00000, 0x00000000a3000000|  0%| F|  |TAMS 0x00000000a2f00000, 0x00000000a2f00000| Untracked 
|  48|0x00000000a3000000, 0x00000000a3000000, 0x00000000a3100000|  0%| F|  |TAMS 0x00000000a3000000, 0x00000000a3000000| Untracked 
|  49|0x00000000a3100000, 0x00000000a3100000, 0x00000000a3200000|  0%| F|  |TAMS 0x00000000a3100000, 0x00000000a3100000| Untracked 
|  50|0x00000000a3200000, 0x00000000a3200000, 0x00000000a3300000|  0%| F|  |TAMS 0x00000000a3200000, 0x00000000a3200000| Untracked 
|  51|0x00000000a3300000, 0x00000000a3300000, 0x00000000a3400000|  0%| F|  |TAMS 0x00000000a3300000, 0x00000000a3300000| Untracked 
|  52|0x00000000a3400000, 0x00000000a3400000, 0x00000000a3500000|  0%| F|  |TAMS 0x00000000a3400000, 0x00000000a3400000| Untracked 
|  53|0x00000000a3500000, 0x00000000a3500000, 0x00000000a3600000|  0%| F|  |TAMS 0x00000000a3500000, 0x00000000a3500000| Untracked 
|  54|0x00000000a3600000, 0x00000000a3600000, 0x00000000a3700000|  0%| F|  |TAMS 0x00000000a3600000, 0x00000000a3600000| Untracked 
|  55|0x00000000a3700000, 0x00000000a3700000, 0x00000000a3800000|  0%| F|  |TAMS 0x00000000a3700000, 0x00000000a3700000| Untracked 
|  56|0x00000000a3800000, 0x00000000a3800000, 0x00000000a3900000|  0%| F|  |TAMS 0x00000000a3800000, 0x00000000a3800000| Untracked 
|  57|0x00000000a3900000, 0x00000000a3900000, 0x00000000a3a00000|  0%| F|  |TAMS 0x00000000a3900000, 0x00000000a3900000| Untracked 
|  58|0x00000000a3a00000, 0x00000000a3a00000, 0x00000000a3b00000|  0%| F|  |TAMS 0x00000000a3a00000, 0x00000000a3a00000| Untracked 
|  59|0x00000000a3b00000, 0x00000000a3b00000, 0x00000000a3c00000|  0%| F|  |TAMS 0x00000000a3b00000, 0x00000000a3b00000| Untracked 
|  60|0x00000000a3c00000, 0x00000000a3c00000, 0x00000000a3d00000|  0%| F|  |TAMS 0x00000000a3c00000, 0x00000000a3c00000| Untracked 
|  61|0x00000000a3d00000, 0x00000000a3d00000, 0x00000000a3e00000|  0%| F|  |TAMS 0x00000000a3d00000, 0x00000000a3d00000| Untracked 
|  62|0x00000000a3e00000, 0x00000000a3e00000, 0x00000000a3f00000|  0%| F|  |TAMS 0x00000000a3e00000, 0x00000000a3e00000| Untracked 
|  63|0x00000000a3f00000, 0x00000000a3f00000, 0x00000000a4000000|  0%| F|  |TAMS 0x00000000a3f00000, 0x00000000a3f00000| Untracked 
|  64|0x00000000a4000000, 0x00000000a4000000, 0x00000000a4100000|  0%| F|  |TAMS 0x00000000a4000000, 0x00000000a4000000| Untracked 
|  65|0x00000000a4100000, 0x00000000a4100000, 0x00000000a4200000|  0%| F|  |TAMS 0x00000000a4100000, 0x00000000a4100000| Untracked 
|  66|0x00000000a4200000, 0x00000000a4200000, 0x00000000a4300000|  0%| F|  |TAMS 0x00000000a4200000, 0x00000000a4200000| Untracked 
|  67|0x00000000a4300000, 0x00000000a4300000, 0x00000000a4400000|  0%| F|  |TAMS 0x00000000a4300000, 0x00000000a4300000| Untracked 
|  68|0x00000000a4400000, 0x00000000a4400000, 0x00000000a4500000|  0%| F|  |TAMS 0x00000000a4400000, 0x00000000a4400000| Untracked 
|  69|0x00000000a4500000, 0x00000000a4500000, 0x00000000a4600000|  0%| F|  |TAMS 0x00000000a4500000, 0x00000000a4500000| Untracked 
|  70|0x00000000a4600000, 0x00000000a4600000, 0x00000000a4700000|  0%| F|  |TAMS 0x00000000a4600000, 0x00000000a4600000| Untracked 
|  71|0x00000000a4700000, 0x00000000a4700000, 0x00000000a4800000|  0%| F|  |TAMS 0x00000000a4700000, 0x00000000a4700000| Untracked 
|  72|0x00000000a4800000, 0x00000000a4800000, 0x00000000a4900000|  0%| F|  |TAMS 0x00000000a4800000, 0x00000000a4800000| Untracked 
|  73|0x00000000a4900000, 0x00000000a4900000, 0x00000000a4a00000|  0%| F|  |TAMS 0x00000000a4900000, 0x00000000a4900000| Untracked 
|  74|0x00000000a4a00000, 0x00000000a4a00000, 0x00000000a4b00000|  0%| F|  |TAMS 0x00000000a4a00000, 0x00000000a4a00000| Untracked 
|  75|0x00000000a4b00000, 0x00000000a4b00000, 0x00000000a4c00000|  0%| F|  |TAMS 0x00000000a4b00000, 0x00000000a4b00000| Untracked 
|  76|0x00000000a4c00000, 0x00000000a4c00000, 0x00000000a4d00000|  0%| F|  |TAMS 0x00000000a4c00000, 0x00000000a4c00000| Untracked 
|  77|0x00000000a4d00000, 0x00000000a4d00000, 0x00000000a4e00000|  0%| F|  |TAMS 0x00000000a4d00000, 0x00000000a4d00000| Untracked 
|  78|0x00000000a4e00000, 0x00000000a4e00000, 0x00000000a4f00000|  0%| F|  |TAMS 0x00000000a4e00000, 0x00000000a4e00000| Untracked 
|  79|0x00000000a4f00000, 0x00000000a4f00000, 0x00000000a5000000|  0%| F|  |TAMS 0x00000000a4f00000, 0x00000000a4f00000| Untracked 
|  80|0x00000000a5000000, 0x00000000a5000000, 0x00000000a5100000|  0%| F|  |TAMS 0x00000000a5000000, 0x00000000a5000000| Untracked 
|  81|0x00000000a5100000, 0x00000000a5100000, 0x00000000a5200000|  0%| F|  |TAMS 0x00000000a5100000, 0x00000000a5100000| Untracked 
|  82|0x00000000a5200000, 0x00000000a5200000, 0x00000000a5300000|  0%| F|  |TAMS 0x00000000a5200000, 0x00000000a5200000| Untracked 
|  83|0x00000000a5300000, 0x00000000a5300000, 0x00000000a5400000|  0%| F|  |TAMS 0x00000000a5300000, 0x00000000a5300000| Untracked 
|  84|0x00000000a5400000, 0x00000000a5400000, 0x00000000a5500000|  0%| F|  |TAMS 0x00000000a5400000, 0x00000000a5400000| Untracked 
|  85|0x00000000a5500000, 0x00000000a5500000, 0x00000000a5600000|  0%| F|  |TAMS 0x00000000a5500000, 0x00000000a5500000| Untracked 
|  86|0x00000000a5600000, 0x00000000a5600000, 0x00000000a5700000|  0%| F|  |TAMS 0x00000000a5600000, 0x00000000a5600000| Untracked 
|  87|0x00000000a5700000, 0x00000000a5700000, 0x00000000a5800000|  0%| F|  |TAMS 0x00000000a5700000, 0x00000000a5700000| Untracked 
|  88|0x00000000a5800000, 0x00000000a5800000, 0x00000000a5900000|  0%| F|  |TAMS 0x00000000a5800000, 0x00000000a5800000| Untracked 
|  89|0x00000000a5900000, 0x00000000a5900000, 0x00000000a5a00000|  0%| F|  |TAMS 0x00000000a5900000, 0x00000000a5900000| Untracked 
|  90|0x00000000a5a00000, 0x00000000a5a00000, 0x00000000a5b00000|  0%| F|  |TAMS 0x00000000a5a00000, 0x00000000a5a00000| Untracked 
|  91|0x00000000a5b00000, 0x00000000a5b00000, 0x00000000a5c00000|  0%| F|  |TAMS 0x00000000a5b00000, 0x00000000a5b00000| Untracked 
|  92|0x00000000a5c00000, 0x00000000a5c00000, 0x00000000a5d00000|  0%| F|  |TAMS 0x00000000a5c00000, 0x00000000a5c00000| Untracked 
|  93|0x00000000a5d00000, 0x00000000a5d00000, 0x00000000a5e00000|  0%| F|  |TAMS 0x00000000a5d00000, 0x00000000a5d00000| Untracked 
|  94|0x00000000a5e00000, 0x00000000a5e00000, 0x00000000a5f00000|  0%| F|  |TAMS 0x00000000a5e00000, 0x00000000a5e00000| Untracked 
|  95|0x00000000a5f00000, 0x00000000a5f00000, 0x00000000a6000000|  0%| F|  |TAMS 0x00000000a5f00000, 0x00000000a5f00000| Untracked 
|  96|0x00000000a6000000, 0x00000000a6000000, 0x00000000a6100000|  0%| F|  |TAMS 0x00000000a6000000, 0x00000000a6000000| Untracked 
|  97|0x00000000a6100000, 0x00000000a6100000, 0x00000000a6200000|  0%| F|  |TAMS 0x00000000a6100000, 0x00000000a6100000| Untracked 
|  98|0x00000000a6200000, 0x00000000a6200000, 0x00000000a6300000|  0%| F|  |TAMS 0x00000000a6200000, 0x00000000a6200000| Untracked 
|  99|0x00000000a6300000, 0x00000000a6300000, 0x00000000a6400000|  0%| F|  |TAMS 0x00000000a6300000, 0x00000000a6300000| Untracked 
| 100|0x00000000a6400000, 0x00000000a6400000, 0x00000000a6500000|  0%| F|  |TAMS 0x00000000a6400000, 0x00000000a6400000| Untracked 
| 101|0x00000000a6500000, 0x00000000a6500000, 0x00000000a6600000|  0%| F|  |TAMS 0x00000000a6500000, 0x00000000a6500000| Untracked 
| 102|0x00000000a6600000, 0x00000000a6600000, 0x00000000a6700000|  0%| F|  |TAMS 0x00000000a6600000, 0x00000000a6600000| Untracked 
| 103|0x00000000a6700000, 0x00000000a6700000, 0x00000000a6800000|  0%| F|  |TAMS 0x00000000a6700000, 0x00000000a6700000| Untracked 
| 104|0x00000000a6800000, 0x00000000a6800000, 0x00000000a6900000|  0%| F|  |TAMS 0x00000000a6800000, 0x00000000a6800000| Untracked 
| 105|0x00000000a6900000, 0x00000000a6900000, 0x00000000a6a00000|  0%| F|  |TAMS 0x00000000a6900000, 0x00000000a6900000| Untracked 
| 106|0x00000000a6a00000, 0x00000000a6a00000, 0x00000000a6b00000|  0%| F|  |TAMS 0x00000000a6a00000, 0x00000000a6a00000| Untracked 
| 107|0x00000000a6b00000, 0x00000000a6b00000, 0x00000000a6c00000|  0%| F|  |TAMS 0x00000000a6b00000, 0x00000000a6b00000| Untracked 
| 108|0x00000000a6c00000, 0x00000000a6c00000, 0x00000000a6d00000|  0%| F|  |TAMS 0x00000000a6c00000, 0x00000000a6c00000| Untracked 
| 109|0x00000000a6d00000, 0x00000000a6d00000, 0x00000000a6e00000|  0%| F|  |TAMS 0x00000000a6d00000, 0x00000000a6d00000| Untracked 
| 110|0x00000000a6e00000, 0x00000000a6e00000, 0x00000000a6f00000|  0%| F|  |TAMS 0x00000000a6e00000, 0x00000000a6e00000| Untracked 
| 111|0x00000000a6f00000, 0x00000000a6f00000, 0x00000000a7000000|  0%| F|  |TAMS 0x00000000a6f00000, 0x00000000a6f00000| Untracked 
| 112|0x00000000a7000000, 0x00000000a7000000, 0x00000000a7100000|  0%| F|  |TAMS 0x00000000a7000000, 0x00000000a7000000| Untracked 
| 113|0x00000000a7100000, 0x00000000a7100000, 0x00000000a7200000|  0%| F|  |TAMS 0x00000000a7100000, 0x00000000a7100000| Untracked 
| 114|0x00000000a7200000, 0x00000000a7200000, 0x00000000a7300000|  0%| F|  |TAMS 0x00000000a7200000, 0x00000000a7200000| Untracked 
| 115|0x00000000a7300000, 0x00000000a7300000, 0x00000000a7400000|  0%| F|  |TAMS 0x00000000a7300000, 0x00000000a7300000| Untracked 
| 116|0x00000000a7400000, 0x00000000a7400000, 0x00000000a7500000|  0%| F|  |TAMS 0x00000000a7400000, 0x00000000a7400000| Untracked 
| 117|0x00000000a7500000, 0x00000000a7500000, 0x00000000a7600000|  0%| F|  |TAMS 0x00000000a7500000, 0x00000000a7500000| Untracked 
| 118|0x00000000a7600000, 0x00000000a7600000, 0x00000000a7700000|  0%| F|  |TAMS 0x00000000a7600000, 0x00000000a7600000| Untracked 
| 119|0x00000000a7700000, 0x00000000a7700000, 0x00000000a7800000|  0%| F|  |TAMS 0x00000000a7700000, 0x00000000a7700000| Untracked 
| 120|0x00000000a7800000, 0x00000000a7800000, 0x00000000a7900000|  0%| F|  |TAMS 0x00000000a7800000, 0x00000000a7800000| Untracked 
| 121|0x00000000a7900000, 0x00000000a7900000, 0x00000000a7a00000|  0%| F|  |TAMS 0x00000000a7900000, 0x00000000a7900000| Untracked 
| 122|0x00000000a7a00000, 0x00000000a7a00000, 0x00000000a7b00000|  0%| F|  |TAMS 0x00000000a7a00000, 0x00000000a7a00000| Untracked 
| 123|0x00000000a7b00000, 0x00000000a7b00000, 0x00000000a7c00000|  0%| F|  |TAMS 0x00000000a7b00000, 0x00000000a7b00000| Untracked 
| 124|0x00000000a7c00000, 0x00000000a7c00000, 0x00000000a7d00000|  0%| F|  |TAMS 0x00000000a7c00000, 0x00000000a7c00000| Untracked 
| 125|0x00000000a7d00000, 0x00000000a7d00000, 0x00000000a7e00000|  0%| F|  |TAMS 0x00000000a7d00000, 0x00000000a7d00000| Untracked 
| 126|0x00000000a7e00000, 0x00000000a7e00000, 0x00000000a7f00000|  0%| F|  |TAMS 0x00000000a7e00000, 0x00000000a7e00000| Untracked 
| 127|0x00000000a7f00000, 0x00000000a7f00000, 0x00000000a8000000|  0%| F|  |TAMS 0x00000000a7f00000, 0x00000000a7f00000| Untracked 
| 128|0x00000000a8000000, 0x00000000a8000000, 0x00000000a8100000|  0%| F|  |TAMS 0x00000000a8000000, 0x00000000a8000000| Untracked 
| 129|0x00000000a8100000, 0x00000000a8100000, 0x00000000a8200000|  0%| F|  |TAMS 0x00000000a8100000, 0x00000000a8100000| Untracked 
| 130|0x00000000a8200000, 0x00000000a8200000, 0x00000000a8300000|  0%| F|  |TAMS 0x00000000a8200000, 0x00000000a8200000| Untracked 
| 131|0x00000000a8300000, 0x00000000a8300000, 0x00000000a8400000|  0%| F|  |TAMS 0x00000000a8300000, 0x00000000a8300000| Untracked 
| 132|0x00000000a8400000, 0x00000000a8400000, 0x00000000a8500000|  0%| F|  |TAMS 0x00000000a8400000, 0x00000000a8400000| Untracked 
| 133|0x00000000a8500000, 0x00000000a8500000, 0x00000000a8600000|  0%| F|  |TAMS 0x00000000a8500000, 0x00000000a8500000| Untracked 
| 134|0x00000000a8600000, 0x00000000a8600000, 0x00000000a8700000|  0%| F|  |TAMS 0x00000000a8600000, 0x00000000a8600000| Untracked 
| 135|0x00000000a8700000, 0x00000000a8700000, 0x00000000a8800000|  0%| F|  |TAMS 0x00000000a8700000, 0x00000000a8700000| Untracked 
| 136|0x00000000a8800000, 0x00000000a8800000, 0x00000000a8900000|  0%| F|  |TAMS 0x00000000a8800000, 0x00000000a8800000| Untracked 
| 137|0x00000000a8900000, 0x00000000a8900000, 0x00000000a8a00000|  0%| F|  |TAMS 0x00000000a8900000, 0x00000000a8900000| Untracked 
| 138|0x00000000a8a00000, 0x00000000a8a00000, 0x00000000a8b00000|  0%| F|  |TAMS 0x00000000a8a00000, 0x00000000a8a00000| Untracked 
| 139|0x00000000a8b00000, 0x00000000a8b00000, 0x00000000a8c00000|  0%| F|  |TAMS 0x00000000a8b00000, 0x00000000a8b00000| Untracked 
| 140|0x00000000a8c00000, 0x00000000a8c00000, 0x00000000a8d00000|  0%| F|  |TAMS 0x00000000a8c00000, 0x00000000a8c00000| Untracked 
| 141|0x00000000a8d00000, 0x00000000a8d00000, 0x00000000a8e00000|  0%| F|  |TAMS 0x00000000a8d00000, 0x00000000a8d00000| Untracked 
| 142|0x00000000a8e00000, 0x00000000a8e00000, 0x00000000a8f00000|  0%| F|  |TAMS 0x00000000a8e00000, 0x00000000a8e00000| Untracked 
| 143|0x00000000a8f00000, 0x00000000a8f00000, 0x00000000a9000000|  0%| F|  |TAMS 0x00000000a8f00000, 0x00000000a8f00000| Untracked 
| 144|0x00000000a9000000, 0x00000000a9000000, 0x00000000a9100000|  0%| F|  |TAMS 0x00000000a9000000, 0x00000000a9000000| Untracked 
| 145|0x00000000a9100000, 0x00000000a9100000, 0x00000000a9200000|  0%| F|  |TAMS 0x00000000a9100000, 0x00000000a9100000| Untracked 
| 146|0x00000000a9200000, 0x00000000a9200000, 0x00000000a9300000|  0%| F|  |TAMS 0x00000000a9200000, 0x00000000a9200000| Untracked 
| 147|0x00000000a9300000, 0x00000000a9300000, 0x00000000a9400000|  0%| F|  |TAMS 0x00000000a9300000, 0x00000000a9300000| Untracked 
| 148|0x00000000a9400000, 0x00000000a9400000, 0x00000000a9500000|  0%| F|  |TAMS 0x00000000a9400000, 0x00000000a9400000| Untracked 
| 149|0x00000000a9500000, 0x00000000a9500000, 0x00000000a9600000|  0%| F|  |TAMS 0x00000000a9500000, 0x00000000a9500000| Untracked 
| 150|0x00000000a9600000, 0x00000000a9600000, 0x00000000a9700000|  0%| F|  |TAMS 0x00000000a9600000, 0x00000000a9600000| Untracked 
| 151|0x00000000a9700000, 0x00000000a9700000, 0x00000000a9800000|  0%| F|  |TAMS 0x00000000a9700000, 0x00000000a9700000| Untracked 
| 152|0x00000000a9800000, 0x00000000a9800000, 0x00000000a9900000|  0%| F|  |TAMS 0x00000000a9800000, 0x00000000a9800000| Untracked 
| 153|0x00000000a9900000, 0x00000000a9900000, 0x00000000a9a00000|  0%| F|  |TAMS 0x00000000a9900000, 0x00000000a9900000| Untracked 
| 154|0x00000000a9a00000, 0x00000000a9a00000, 0x00000000a9b00000|  0%| F|  |TAMS 0x00000000a9a00000, 0x00000000a9a00000| Untracked 
| 155|0x00000000a9b00000, 0x00000000a9b00000, 0x00000000a9c00000|  0%| F|  |TAMS 0x00000000a9b00000, 0x00000000a9b00000| Untracked 
| 156|0x00000000a9c00000, 0x00000000a9c00000, 0x00000000a9d00000|  0%| F|  |TAMS 0x00000000a9c00000, 0x00000000a9c00000| Untracked 
| 157|0x00000000a9d00000, 0x00000000a9d00000, 0x00000000a9e00000|  0%| F|  |TAMS 0x00000000a9d00000, 0x00000000a9d00000| Untracked 
| 158|0x00000000a9e00000, 0x00000000a9e82300, 0x00000000a9f00000| 50%| E|  |TAMS 0x00000000a9e00000, 0x00000000a9e00000| Complete 
| 159|0x00000000a9f00000, 0x00000000aa000000, 0x00000000aa000000|100%| E|CS|TAMS 0x00000000a9f00000, 0x00000000a9f00000| Complete 
| 160|0x00000000aa000000, 0x00000000aa100000, 0x00000000aa100000|100%| E|CS|TAMS 0x00000000aa000000, 0x00000000aa000000| Complete 
| 161|0x00000000aa100000, 0x00000000aa200000, 0x00000000aa200000|100%| E|CS|TAMS 0x00000000aa100000, 0x00000000aa100000| Complete 
| 162|0x00000000aa200000, 0x00000000aa300000, 0x00000000aa300000|100%| E|CS|TAMS 0x00000000aa200000, 0x00000000aa200000| Complete 
| 163|0x00000000aa300000, 0x00000000aa400000, 0x00000000aa400000|100%| E|CS|TAMS 0x00000000aa300000, 0x00000000aa300000| Complete 
| 164|0x00000000aa400000, 0x00000000aa500000, 0x00000000aa500000|100%| E|CS|TAMS 0x00000000aa400000, 0x00000000aa400000| Complete 
| 165|0x00000000aa500000, 0x00000000aa600000, 0x00000000aa600000|100%| E|CS|TAMS 0x00000000aa500000, 0x00000000aa500000| Complete 
| 166|0x00000000aa600000, 0x00000000aa700000, 0x00000000aa700000|100%| E|CS|TAMS 0x00000000aa600000, 0x00000000aa600000| Complete 
| 167|0x00000000aa700000, 0x00000000aa800000, 0x00000000aa800000|100%| E|CS|TAMS 0x00000000aa700000, 0x00000000aa700000| Complete 
| 168|0x00000000aa800000, 0x00000000aa900000, 0x00000000aa900000|100%| E|CS|TAMS 0x00000000aa800000, 0x00000000aa800000| Complete 
| 169|0x00000000aa900000, 0x00000000aaa00000, 0x00000000aaa00000|100%| E|CS|TAMS 0x00000000aa900000, 0x00000000aa900000| Complete 
| 170|0x00000000aaa00000, 0x00000000aab00000, 0x00000000aab00000|100%| E|CS|TAMS 0x00000000aaa00000, 0x00000000aaa00000| Complete 
| 171|0x00000000aab00000, 0x00000000aac00000, 0x00000000aac00000|100%| E|CS|TAMS 0x00000000aab00000, 0x00000000aab00000| Complete 
| 172|0x00000000aac00000, 0x00000000aad00000, 0x00000000aad00000|100%| E|CS|TAMS 0x00000000aac00000, 0x00000000aac00000| Complete 
| 173|0x00000000aad00000, 0x00000000aae00000, 0x00000000aae00000|100%| E|CS|TAMS 0x00000000aad00000, 0x00000000aad00000| Complete 
| 174|0x00000000aae00000, 0x00000000aaf00000, 0x00000000aaf00000|100%| E|CS|TAMS 0x00000000aae00000, 0x00000000aae00000| Complete 
| 175|0x00000000aaf00000, 0x00000000ab000000, 0x00000000ab000000|100%| E|CS|TAMS 0x00000000aaf00000, 0x00000000aaf00000| Complete 
| 176|0x00000000ab000000, 0x00000000ab100000, 0x00000000ab100000|100%| E|CS|TAMS 0x00000000ab000000, 0x00000000ab000000| Complete 
| 177|0x00000000ab100000, 0x00000000ab200000, 0x00000000ab200000|100%| E|CS|TAMS 0x00000000ab100000, 0x00000000ab100000| Complete 
| 178|0x00000000ab200000, 0x00000000ab300000, 0x00000000ab300000|100%| E|CS|TAMS 0x00000000ab200000, 0x00000000ab200000| Complete 
| 179|0x00000000ab300000, 0x00000000ab400000, 0x00000000ab400000|100%| E|CS|TAMS 0x00000000ab300000, 0x00000000ab300000| Complete 
| 180|0x00000000ab400000, 0x00000000ab500000, 0x00000000ab500000|100%| E|CS|TAMS 0x00000000ab400000, 0x00000000ab400000| Complete 
| 181|0x00000000ab500000, 0x00000000ab600000, 0x00000000ab600000|100%| E|CS|TAMS 0x00000000ab500000, 0x00000000ab500000| Complete 
| 182|0x00000000ab600000, 0x00000000ab700000, 0x00000000ab700000|100%| E|CS|TAMS 0x00000000ab600000, 0x00000000ab600000| Complete 
| 183|0x00000000ab700000, 0x00000000ab800000, 0x00000000ab800000|100%| E|CS|TAMS 0x00000000ab700000, 0x00000000ab700000| Complete 
| 184|0x00000000ab800000, 0x00000000ab900000, 0x00000000ab900000|100%| E|CS|TAMS 0x00000000ab800000, 0x00000000ab800000| Complete 
| 185|0x00000000ab900000, 0x00000000aba00000, 0x00000000aba00000|100%| E|CS|TAMS 0x00000000ab900000, 0x00000000ab900000| Complete 
| 186|0x00000000aba00000, 0x00000000abb00000, 0x00000000abb00000|100%| E|CS|TAMS 0x00000000aba00000, 0x00000000aba00000| Complete 
| 187|0x00000000abb00000, 0x00000000abc00000, 0x00000000abc00000|100%| E|CS|TAMS 0x00000000abb00000, 0x00000000abb00000| Complete 
| 188|0x00000000abc00000, 0x00000000abd00000, 0x00000000abd00000|100%| E|CS|TAMS 0x00000000abc00000, 0x00000000abc00000| Complete 
| 189|0x00000000abd00000, 0x00000000abe00000, 0x00000000abe00000|100%| E|CS|TAMS 0x00000000abd00000, 0x00000000abd00000| Complete 
| 190|0x00000000abe00000, 0x00000000abf00000, 0x00000000abf00000|100%| E|CS|TAMS 0x00000000abe00000, 0x00000000abe00000| Complete 
| 191|0x00000000abf00000, 0x00000000ac000000, 0x00000000ac000000|100%| E|CS|TAMS 0x00000000abf00000, 0x00000000abf00000| Complete 
| 192|0x00000000ac000000, 0x00000000ac100000, 0x00000000ac100000|100%| E|CS|TAMS 0x00000000ac000000, 0x00000000ac000000| Complete 
| 193|0x00000000ac100000, 0x00000000ac200000, 0x00000000ac200000|100%| E|CS|TAMS 0x00000000ac100000, 0x00000000ac100000| Complete 
| 194|0x00000000ac200000, 0x00000000ac300000, 0x00000000ac300000|100%| E|CS|TAMS 0x00000000ac200000, 0x00000000ac200000| Complete 
| 195|0x00000000ac300000, 0x00000000ac400000, 0x00000000ac400000|100%| E|CS|TAMS 0x00000000ac300000, 0x00000000ac300000| Complete 
| 196|0x00000000ac400000, 0x00000000ac500000, 0x00000000ac500000|100%| E|CS|TAMS 0x00000000ac400000, 0x00000000ac400000| Complete 
| 197|0x00000000ac500000, 0x00000000ac600000, 0x00000000ac600000|100%| E|CS|TAMS 0x00000000ac500000, 0x00000000ac500000| Complete 
| 198|0x00000000ac600000, 0x00000000ac700000, 0x00000000ac700000|100%| E|CS|TAMS 0x00000000ac600000, 0x00000000ac600000| Complete 
| 199|0x00000000ac700000, 0x00000000ac800000, 0x00000000ac800000|100%| E|CS|TAMS 0x00000000ac700000, 0x00000000ac700000| Complete 
| 200|0x00000000ac800000, 0x00000000ac900000, 0x00000000ac900000|100%| E|CS|TAMS 0x00000000ac800000, 0x00000000ac800000| Complete 
| 201|0x00000000ac900000, 0x00000000aca00000, 0x00000000aca00000|100%| E|  |TAMS 0x00000000ac900000, 0x00000000ac900000| Complete 
| 202|0x00000000aca00000, 0x00000000acb00000, 0x00000000acb00000|100%| E|CS|TAMS 0x00000000aca00000, 0x00000000aca00000| Complete 
| 203|0x00000000acb00000, 0x00000000acc00000, 0x00000000acc00000|100%| E|CS|TAMS 0x00000000acb00000, 0x00000000acb00000| Complete 
| 204|0x00000000acc00000, 0x00000000acd00000, 0x00000000acd00000|100%| E|CS|TAMS 0x00000000acc00000, 0x00000000acc00000| Complete 
| 205|0x00000000acd00000, 0x00000000ace00000, 0x00000000ace00000|100%| E|CS|TAMS 0x00000000acd00000, 0x00000000acd00000| Complete 
| 206|0x00000000ace00000, 0x00000000acf00000, 0x00000000acf00000|100%| E|CS|TAMS 0x00000000ace00000, 0x00000000ace00000| Complete 
| 207|0x00000000acf00000, 0x00000000ad000000, 0x00000000ad000000|100%| E|CS|TAMS 0x00000000acf00000, 0x00000000acf00000| Complete 
| 208|0x00000000ad000000, 0x00000000ad100000, 0x00000000ad100000|100%| E|CS|TAMS 0x00000000ad000000, 0x00000000ad000000| Complete 
| 209|0x00000000ad100000, 0x00000000ad200000, 0x00000000ad200000|100%| E|CS|TAMS 0x00000000ad100000, 0x00000000ad100000| Complete 
| 210|0x00000000ad200000, 0x00000000ad300000, 0x00000000ad300000|100%| E|CS|TAMS 0x00000000ad200000, 0x00000000ad200000| Complete 
| 211|0x00000000ad300000, 0x00000000ad400000, 0x00000000ad400000|100%| E|CS|TAMS 0x00000000ad300000, 0x00000000ad300000| Complete 
| 212|0x00000000ad400000, 0x00000000ad500000, 0x00000000ad500000|100%| E|CS|TAMS 0x00000000ad400000, 0x00000000ad400000| Complete 
| 213|0x00000000ad500000, 0x00000000ad600000, 0x00000000ad600000|100%| E|CS|TAMS 0x00000000ad500000, 0x00000000ad500000| Complete 
| 214|0x00000000ad600000, 0x00000000ad700000, 0x00000000ad700000|100%| E|CS|TAMS 0x00000000ad600000, 0x00000000ad600000| Complete 
| 215|0x00000000ad700000, 0x00000000ad800000, 0x00000000ad800000|100%| E|CS|TAMS 0x00000000ad700000, 0x00000000ad700000| Complete 
| 216|0x00000000ad800000, 0x00000000ad900000, 0x00000000ad900000|100%| E|CS|TAMS 0x00000000ad800000, 0x00000000ad800000| Complete 
| 217|0x00000000ad900000, 0x00000000ada00000, 0x00000000ada00000|100%| E|CS|TAMS 0x00000000ad900000, 0x00000000ad900000| Complete 
| 218|0x00000000ada00000, 0x00000000adb00000, 0x00000000adb00000|100%| E|CS|TAMS 0x00000000ada00000, 0x00000000ada00000| Complete 
| 219|0x00000000adb00000, 0x00000000adc00000, 0x00000000adc00000|100%| E|CS|TAMS 0x00000000adb00000, 0x00000000adb00000| Complete 
| 220|0x00000000adc00000, 0x00000000add00000, 0x00000000add00000|100%| E|CS|TAMS 0x00000000adc00000, 0x00000000adc00000| Complete 
| 221|0x00000000add00000, 0x00000000ade00000, 0x00000000ade00000|100%| E|CS|TAMS 0x00000000add00000, 0x00000000add00000| Complete 
| 222|0x00000000ade00000, 0x00000000adf00000, 0x00000000adf00000|100%| E|CS|TAMS 0x00000000ade00000, 0x00000000ade00000| Complete 
| 223|0x00000000adf00000, 0x00000000ae000000, 0x00000000ae000000|100%| E|CS|TAMS 0x00000000adf00000, 0x00000000adf00000| Complete 
| 224|0x00000000ae000000, 0x00000000ae100000, 0x00000000ae100000|100%| E|CS|TAMS 0x00000000ae000000, 0x00000000ae000000| Complete 
| 225|0x00000000ae100000, 0x00000000ae200000, 0x00000000ae200000|100%| E|CS|TAMS 0x00000000ae100000, 0x00000000ae100000| Complete 
| 226|0x00000000ae200000, 0x00000000ae300000, 0x00000000ae300000|100%| E|CS|TAMS 0x00000000ae200000, 0x00000000ae200000| Complete 
| 227|0x00000000ae300000, 0x00000000ae400000, 0x00000000ae400000|100%| E|CS|TAMS 0x00000000ae300000, 0x00000000ae300000| Complete 
| 228|0x00000000ae400000, 0x00000000ae500000, 0x00000000ae500000|100%| E|CS|TAMS 0x00000000ae400000, 0x00000000ae400000| Complete 
| 229|0x00000000ae500000, 0x00000000ae600000, 0x00000000ae600000|100%| E|CS|TAMS 0x00000000ae500000, 0x00000000ae500000| Complete 
| 230|0x00000000ae600000, 0x00000000ae700000, 0x00000000ae700000|100%| E|CS|TAMS 0x00000000ae600000, 0x00000000ae600000| Complete 
| 231|0x00000000ae700000, 0x00000000ae800000, 0x00000000ae800000|100%| E|CS|TAMS 0x00000000ae700000, 0x00000000ae700000| Complete 
| 232|0x00000000ae800000, 0x00000000ae900000, 0x00000000ae900000|100%| E|CS|TAMS 0x00000000ae800000, 0x00000000ae800000| Complete 
| 233|0x00000000ae900000, 0x00000000aea00000, 0x00000000aea00000|100%| E|CS|TAMS 0x00000000ae900000, 0x00000000ae900000| Complete 
| 234|0x00000000aea00000, 0x00000000aeb00000, 0x00000000aeb00000|100%| E|CS|TAMS 0x00000000aea00000, 0x00000000aea00000| Complete 
| 235|0x00000000aeb00000, 0x00000000aec00000, 0x00000000aec00000|100%| S|CS|TAMS 0x00000000aeb00000, 0x00000000aeb00000| Complete 
| 236|0x00000000aec00000, 0x00000000aed00000, 0x00000000aed00000|100%| S|CS|TAMS 0x00000000aec00000, 0x00000000aec00000| Complete 
| 237|0x00000000aed00000, 0x00000000aee00000, 0x00000000aee00000|100%| S|CS|TAMS 0x00000000aed00000, 0x00000000aed00000| Complete 
| 238|0x00000000aee00000, 0x00000000aef00000, 0x00000000aef00000|100%| E|CS|TAMS 0x00000000aee00000, 0x00000000aee00000| Complete 
| 239|0x00000000aef00000, 0x00000000af000000, 0x00000000af000000|100%| E|CS|TAMS 0x00000000aef00000, 0x00000000aef00000| Complete 
| 240|0x00000000af000000, 0x00000000af100000, 0x00000000af100000|100%| E|CS|TAMS 0x00000000af000000, 0x00000000af000000| Complete 
| 241|0x00000000af100000, 0x00000000af200000, 0x00000000af200000|100%| E|CS|TAMS 0x00000000af100000, 0x00000000af100000| Complete 
| 242|0x00000000af200000, 0x00000000af300000, 0x00000000af300000|100%| E|CS|TAMS 0x00000000af200000, 0x00000000af200000| Complete 
| 243|0x00000000af300000, 0x00000000af400000, 0x00000000af400000|100%| E|CS|TAMS 0x00000000af300000, 0x00000000af300000| Complete 
| 244|0x00000000af400000, 0x00000000af500000, 0x00000000af500000|100%| E|CS|TAMS 0x00000000af400000, 0x00000000af400000| Complete 
| 245|0x00000000af500000, 0x00000000af600000, 0x00000000af600000|100%| E|CS|TAMS 0x00000000af500000, 0x00000000af500000| Complete 

Card table byte_map: [0x000001baab130000,0x000001baab430000] _byte_map_base: 0x000001baaac30000

Marking Bits (Prev, Next): (CMBitMap*) 0x000001ba97c6c570, (CMBitMap*) 0x000001ba97c6c538
 Prev Bits: [0x000001baacf30000, 0x000001baae730000)
 Next Bits: [0x000001baab730000, 0x000001baacf30000)

Polling page: 0x000001ba97370000

Metaspace:

Usage:
  Non-class:     56.36 MB capacity,    55.29 MB ( 98%) used,   926.48 KB (  2%) free+waste,   169.44 KB ( <1%) overhead. 
      Class:      8.62 MB capacity,     7.97 MB ( 92%) used,   586.20 KB (  7%) free+waste,    79.44 KB ( <1%) overhead. 
       Both:     64.99 MB capacity,    63.27 MB ( 97%) used,     1.48 MB (  2%) free+waste,   248.88 KB ( <1%) overhead. 

Virtual space:
  Non-class space:       58.00 MB reserved,      56.51 MB ( 97%) committed 
      Class space:        1.00 GB reserved,       8.63 MB ( <1%) committed 
             Both:        1.06 GB reserved,      65.13 MB (  6%) committed 

Chunk freelists:
   Non-Class:  20.00 KB
       Class:  1.00 KB
        Both:  21.00 KB

MaxMetaspaceSize: 17179869184.00 GB
CompressedClassSpaceSize: 1.00 GB
Initial GC threshold: 20.80 MB
Current GC threshold: 98.97 MB
CDS: off

CodeHeap 'non-profiled nmethods': size=120000Kb used=4072Kb max_used=4072Kb free=115927Kb
 bounds [0x000001baa33b0000, 0x000001baa37b0000, 0x000001baaa8e0000]
CodeHeap 'profiled nmethods': size=120000Kb used=13521Kb max_used=13521Kb free=106478Kb
 bounds [0x000001ba9be80000, 0x000001ba9cbc0000, 0x000001baa33b0000]
CodeHeap 'non-nmethods': size=5760Kb used=2341Kb max_used=2376Kb free=3418Kb
 bounds [0x000001ba9b8e0000, 0x000001ba9bb50000, 0x000001ba9be80000]
 total_blobs=7219 nmethods=6365 adapters=766
 compilation: enabled
              stopped_count=0, restarted_count=0
 full_count=0

Compilation events (20 events):
Event: 10.747 Thread 0x000001bab1421800 6337       1       org.gradle.api.internal.DefaultCollectionCallbackActionDecorator::access$100 (5 bytes)
Event: 10.747 Thread 0x000001bab1421800 nmethod 6337 0x000001baa379a790 code [0x000001baa379a940, 0x000001baa379a9d8]
Event: 10.747 Thread 0x000001bab1421800 6338       1       org.gradle.api.internal.DefaultCollectionCallbackActionDecorator$BuildOperationEmittingAction::access$000 (5 bytes)
Event: 10.747 Thread 0x000001bab1421800 nmethod 6338 0x000001baa379aa90 code [0x000001baa379ac40, 0x000001baa379acd8]
Event: 10.747 Thread 0x000001bab1421800 6339       1       org.gradle.configuration.internal.DefaultUserCodeApplicationContext$CurrentApplication::getId (5 bytes)
Event: 10.747 Thread 0x000001bab1421800 nmethod 6339 0x000001baa379ad90 code [0x000001baa379af40, 0x000001baa379aff8]
Event: 10.748 Thread 0x000001bab1421800 6340       3       org.gradle.api.internal.DefaultDomainObjectCollection::<init> (38 bytes)
Event: 10.748 Thread 0x000001bab1421800 nmethod 6340 0x000001ba9cba7d10 code [0x000001ba9cba7f00, 0x000001ba9cba8468]
Event: 10.748 Thread 0x000001bab1421800 6341       3       org.gradle.api.internal.DefaultDomainObjectCollection$1::<init> (15 bytes)
Event: 10.748 Thread 0x000001bab1421800 nmethod 6341 0x000001ba9cba8610 code [0x000001ba9cba87c0, 0x000001ba9cba89d8]
Event: 10.779 Thread 0x000001bab1421800 6342       3       com.google.common.base.Preconditions::checkNotNull (14 bytes)
Event: 10.779 Thread 0x000001bab1421800 nmethod 6342 0x000001ba9cba8a90 code [0x000001ba9cba8c60, 0x000001ba9cba8e28]
Event: 10.782 Thread 0x000001bab1421800 6343       1       com.android.build.gradle.internal.publishing.OutputSpecImpl::getOutputType (5 bytes)
Event: 10.783 Thread 0x000001bab1421800 nmethod 6343 0x000001baa379b090 code [0x000001baa379b240, 0x000001baa379b2f8]
Event: 11.417 Thread 0x000001bab1421800 6344       3       java.util.stream.ReferencePipeline$Head::forEach (26 bytes)
Event: 11.418 Thread 0x000001bab1421800 nmethod 6344 0x000001ba9cba8f10 code [0x000001ba9cba9140, 0x000001ba9cba9838]
Event: 11.418 Thread 0x000001bab1421800 6345       3       java.util.stream.AbstractPipeline::sourceStageSpliterator (112 bytes)
Event: 11.418 Thread 0x000001bab1421800 nmethod 6345 0x000001ba9cba9b10 code [0x000001ba9cba9d40, 0x000001ba9cbaa3f8]
Event: 11.418 Thread 0x000001bab1421800 6346   !   3       java.util.concurrent.ThreadPoolExecutor::getTask (177 bytes)
Event: 11.419 Thread 0x000001bab1421800 nmethod 6346 0x000001ba9cbaa610 code [0x000001ba9cbaa8a0, 0x000001ba9cbab798]

GC Heap History (16 events):
Event: 0.684 GC heap before
{Heap before GC invocations=0 (full 0):
 garbage-first heap   total 251904K, used 29696K [0x00000000a0000000, 0x0000000100000000)
  region size 1024K, 24 young (24576K), 0 survivors (0K)
 Metaspace       used 10156K, capacity 10393K, committed 10624K, reserved 1058816K
  class space    used 1044K, capacity 1107K, committed 1152K, reserved 1048576K
}
Event: 0.689 GC heap after
{Heap after GC invocations=1 (full 0):
 garbage-first heap   total 251904K, used 9486K [0x00000000a0000000, 0x0000000100000000)
  region size 1024K, 3 young (3072K), 3 survivors (3072K)
 Metaspace       used 10156K, capacity 10393K, committed 10624K, reserved 1058816K
  class space    used 1044K, capacity 1107K, committed 1152K, reserved 1048576K
}
Event: 2.928 GC heap before
{Heap before GC invocations=1 (full 0):
 garbage-first heap   total 251904K, used 106766K [0x00000000a0000000, 0x0000000100000000)
  region size 1024K, 99 young (101376K), 3 survivors (3072K)
 Metaspace       used 20649K, capacity 21207K, committed 21296K, reserved 1069056K
  class space    used 2493K, capacity 2665K, committed 2688K, reserved 1048576K
}
Event: 2.936 GC heap after
{Heap after GC invocations=2 (full 0):
 garbage-first heap   total 251904K, used 16450K [0x00000000a0000000, 0x0000000100000000)
  region size 1024K, 10 young (10240K), 10 survivors (10240K)
 Metaspace       used 20649K, capacity 21207K, committed 21296K, reserved 1069056K
  class space    used 2493K, capacity 2665K, committed 2688K, reserved 1048576K
}
Event: 3.198 GC heap before
{Heap before GC invocations=3 (full 0):
 garbage-first heap   total 251904K, used 43074K [0x00000000a0000000, 0x0000000100000000)
  region size 1024K, 37 young (37888K), 10 survivors (10240K)
 Metaspace       used 23356K, capacity 23957K, committed 24112K, reserved 1071104K
  class space    used 2931K, capacity 3159K, committed 3200K, reserved 1048576K
}
Event: 3.205 GC heap after
{Heap after GC invocations=4 (full 0):
 garbage-first heap   total 251904K, used 17623K [0x00000000a0000000, 0x0000000100000000)
  region size 1024K, 2 young (2048K), 2 survivors (2048K)
 Metaspace       used 23356K, capacity 23957K, committed 24112K, reserved 1071104K
  class space    used 2931K, capacity 3159K, committed 3200K, reserved 1048576K
}
Event: 5.454 GC heap before
{Heap before GC invocations=4 (full 0):
 garbage-first heap   total 251904K, used 100567K [0x00000000a0000000, 0x0000000100000000)
  region size 1024K, 83 young (84992K), 2 survivors (2048K)
 Metaspace       used 34540K, capacity 35346K, committed 35504K, reserved 1079296K
  class space    used 4445K, capacity 4768K, committed 4864K, reserved 1048576K
}
Event: 5.459 GC heap after
{Heap after GC invocations=5 (full 0):
 garbage-first heap   total 251904K, used 21677K [0x00000000a0000000, 0x0000000100000000)
  region size 1024K, 6 young (6144K), 6 survivors (6144K)
 Metaspace       used 34540K, capacity 35346K, committed 35504K, reserved 1079296K
  class space    used 4445K, capacity 4768K, committed 4864K, reserved 1048576K
}
Event: 5.491 GC heap before
{Heap before GC invocations=5 (full 0):
 garbage-first heap   total 251904K, used 22701K [0x00000000a0000000, 0x0000000100000000)
  region size 1024K, 8 young (8192K), 6 survivors (6144K)
 Metaspace       used 34972K, capacity 35730K, committed 35920K, reserved 1081344K
  class space    used 4470K, capacity 4768K, committed 4864K, reserved 1048576K
}
Event: 5.497 GC heap after
{Heap after GC invocations=6 (full 0):
 garbage-first heap   total 251904K, used 22032K [0x00000000a0000000, 0x0000000100000000)
  region size 1024K, 6 young (6144K), 6 survivors (6144K)
 Metaspace       used 34972K, capacity 35730K, committed 35920K, reserved 1081344K
  class space    used 4470K, capacity 4768K, committed 4864K, reserved 1048576K
}
Event: 7.091 GC heap before
{Heap before GC invocations=7 (full 0):
 garbage-first heap   total 251904K, used 145936K [0x00000000a0000000, 0x0000000100000000)
  region size 1024K, 124 young (126976K), 6 survivors (6144K)
 Metaspace       used 44626K, capacity 45721K, committed 45904K, reserved 1089536K
  class space    used 5652K, capacity 6107K, committed 6144K, reserved 1048576K
}
Event: 7.101 GC heap after
{Heap after GC invocations=8 (full 0):
 garbage-first heap   total 251904K, used 29021K [0x00000000a0000000, 0x0000000100000000)
  region size 1024K, 13 young (13312K), 13 survivors (13312K)
 Metaspace       used 44626K, capacity 45721K, committed 45904K, reserved 1089536K
  class space    used 5652K, capacity 6107K, committed 6144K, reserved 1048576K
}
Event: 9.742 GC heap before
{Heap before GC invocations=8 (full 0):
 garbage-first heap   total 251904K, used 165213K [0x00000000a0000000, 0x0000000100000000)
  region size 1024K, 142 young (145408K), 13 survivors (13312K)
 Metaspace       used 57511K, capacity 59113K, committed 59472K, reserved 1101824K
  class space    used 7226K, capacity 7817K, committed 7936K, reserved 1048576K
}
Event: 9.759 GC heap after
{Heap after GC invocations=9 (full 0):
 garbage-first heap   total 251904K, used 43929K [0x00000000a0000000, 0x0000000100000000)
  region size 1024K, 18 young (18432K), 18 survivors (18432K)
 Metaspace       used 57511K, capacity 59113K, committed 59472K, reserved 1101824K
  class space    used 7226K, capacity 7817K, committed 7936K, reserved 1048576K
}
Event: 9.912 GC heap before
{Heap before GC invocations=9 (full 0):
 garbage-first heap   total 251904K, used 51097K [0x00000000a0000000, 0x0000000100000000)
  region size 1024K, 26 young (26624K), 18 survivors (18432K)
 Metaspace       used 58511K, capacity 60162K, committed 60296K, reserved 1101824K
  class space    used 7343K, capacity 7996K, committed 8064K, reserved 1048576K
}
Event: 9.928 GC heap after
{Heap after GC invocations=10 (full 0):
 garbage-first heap   total 251904K, used 47026K [0x00000000a0000000, 0x0000000100000000)
  region size 1024K, 3 young (3072K), 3 survivors (3072K)
 Metaspace       used 58511K, capacity 60162K, committed 60296K, reserved 1101824K
  class space    used 7343K, capacity 7996K, committed 8064K, reserved 1048576K
}

Deoptimization events (20 events):
Event: 10.483 Thread 0x000001bab2e59000 Uncommon trap: trap_request=0xffffff4d fr.pc=0x000001baa3778f1c relative=0x000000000000147c
Event: 10.483 Thread 0x000001bab2e59000 Uncommon trap: reason=unstable_if action=reinterpret pc=0x000001baa3778f1c method=java.util.regex.Pattern.closure(Ljava/util/regex/Pattern$Node;)Ljava/util/regex/Pattern$Node; @ 79 c2
Event: 10.483 Thread 0x000001bab2e59000 DEOPT PACKING pc=0x000001baa3778f1c sp=0x000000a2229f6ce0
Event: 10.483 Thread 0x000001bab2e59000 DEOPT UNPACKING pc=0x000001ba9b92a1af sp=0x000000a2229f6c80 mode 2
Event: 10.563 Thread 0x000001bab2e59000 Uncommon trap: trap_request=0xffffff4d fr.pc=0x000001baa3551178 relative=0x0000000000000338
Event: 10.563 Thread 0x000001bab2e59000 Uncommon trap: reason=unstable_if action=reinterpret pc=0x000001baa3551178 method=java.util.StringJoiner.add(Ljava/lang/CharSequence;)Ljava/util/StringJoiner; @ 33 c2
Event: 10.563 Thread 0x000001bab2e59000 DEOPT PACKING pc=0x000001baa3551178 sp=0x000000a2229f6420
Event: 10.563 Thread 0x000001bab2e59000 DEOPT UNPACKING pc=0x000001ba9b92a1af sp=0x000000a2229f63d0 mode 2
Event: 10.588 Thread 0x000001bab2e59000 Uncommon trap: trap_request=0xfffffff4 fr.pc=0x000001baa378b76c relative=0x00000000000009cc
Event: 10.588 Thread 0x000001bab2e59000 Uncommon trap: reason=null_check action=make_not_entrant pc=0x000001baa378b76c method=com.sun.beans.introspect.MethodInfo$MethodOrder.compare(Ljava/lang/reflect/Method;Ljava/lang/reflect/Method;)I @ 133 c2
Event: 10.588 Thread 0x000001bab2e59000 DEOPT PACKING pc=0x000001baa378b76c sp=0x000000a2229f4520
Event: 10.588 Thread 0x000001bab2e59000 DEOPT UNPACKING pc=0x000001ba9b92a1af sp=0x000000a2229f4450 mode 2
Event: 10.588 Thread 0x000001bab2e59000 Uncommon trap: trap_request=0xfffffff4 fr.pc=0x000001baa378d514 relative=0x0000000000000974
Event: 10.588 Thread 0x000001bab2e59000 Uncommon trap: reason=null_check action=make_not_entrant pc=0x000001baa378d514 method=com.sun.beans.introspect.MethodInfo$MethodOrder.compare(Ljava/lang/reflect/Method;Ljava/lang/reflect/Method;)I @ 133 c2
Event: 10.588 Thread 0x000001bab2e59000 DEOPT PACKING pc=0x000001baa378d514 sp=0x000000a2229f4490
Event: 10.588 Thread 0x000001bab2e59000 DEOPT UNPACKING pc=0x000001ba9b92a1af sp=0x000000a2229f4448 mode 2
Event: 10.651 Thread 0x000001bab2e59000 Uncommon trap: trap_request=0xfffffff4 fr.pc=0x000001baa3790300 relative=0x0000000000000a60
Event: 10.651 Thread 0x000001bab2e59000 Uncommon trap: reason=null_check action=make_not_entrant pc=0x000001baa3790300 method=com.sun.beans.introspect.MethodInfo$MethodOrder.compare(Ljava/lang/reflect/Method;Ljava/lang/reflect/Method;)I @ 145 c2
Event: 10.651 Thread 0x000001bab2e59000 DEOPT PACKING pc=0x000001baa3790300 sp=0x000000a2229f31b0
Event: 10.651 Thread 0x000001bab2e59000 DEOPT UNPACKING pc=0x000001ba9b92a1af sp=0x000000a2229f3150 mode 2

Classes redefined (0 events):
No events

Internal exceptions (20 events):
Event: 10.650 Thread 0x000001bab2e59000 Exception <a 'java/lang/ClassNotFoundException'{0x00000000aad3ec80}: com/android/builder/core/AbstractBuildTypeCustomizer> (0x00000000aad3ec80) thrown at [./src/hotspot/share/classfile/systemDictionary.cpp, line 231]
Event: 10.651 Thread 0x000001bab2e59000 Implicit null exception at 0x000001baa378febe to 0x000001baa37902ec
Event: 10.651 Thread 0x000001bab2e59000 Exception <a 'java/lang/ClassNotFoundException'{0x00000000aad738b8}: com/android/build/gradle/internal/dsl/BuildTypeCustomizer> (0x00000000aad738b8) thrown at [./src/hotspot/share/classfile/systemDictionary.cpp, line 231]
Event: 10.654 Thread 0x000001bab2e59000 Exception <a 'java/lang/ClassNotFoundException'{0x00000000aac00210}: com/android/build/gradle/internal/dsl/BuildType_DecoratedCustomizer> (0x00000000aac00210) thrown at [./src/hotspot/share/classfile/systemDictionary.cpp, line 231]
Event: 10.658 Thread 0x000001bab2e59000 Exception <a 'java/lang/ClassNotFoundException'{0x00000000aacc24d0}: build_ahdxxjrpzqs06b1qz3w0ie4v6$_run_closure1$_closure4BeanInfo> (0x00000000aacc24d0) thrown at [./src/hotspot/share/classfile/systemDictionary.cpp, line 231]
Event: 10.658 Thread 0x000001bab2e59000 Exception <a 'java/lang/ClassNotFoundException'{0x00000000aacd2c38}: build_ahdxxjrpzqs06b1qz3w0ie4v6$_run_closure1$_closure4Customizer> (0x00000000aacd2c38) thrown at [./src/hotspot/share/classfile/systemDictionary.cpp, line 231]
Event: 10.660 Thread 0x000001bab2e59000 Exception <a 'java/lang/ClassNotFoundException'{0x00000000aacfb9d8}: build_ahdxxjrpzqs06b1qz3w0ie4v6$_run_closure1BeanInfo> (0x00000000aacfb9d8) thrown at [./src/hotspot/share/classfile/systemDictionary.cpp, line 231]
Event: 10.660 Thread 0x000001bab2e59000 Exception <a 'java/lang/ClassNotFoundException'{0x00000000aab0bcf0}: build_ahdxxjrpzqs06b1qz3w0ie4v6$_run_closure1Customizer> (0x00000000aab0bcf0) thrown at [./src/hotspot/share/classfile/systemDictionary.cpp, line 231]
Event: 10.665 Thread 0x000001bab2e59000 Exception <a 'java/lang/ClassNotFoundException'{0x00000000aab70450}: org/gradle/api/JavaVersionBeanInfo> (0x00000000aab70450) thrown at [./src/hotspot/share/classfile/systemDictionary.cpp, line 231]
Event: 10.665 Thread 0x000001bab2e59000 Exception <a 'java/lang/ClassNotFoundException'{0x00000000aab7bab8}: java/lang/EnumBeanInfo> (0x00000000aab7bab8) thrown at [./src/hotspot/share/classfile/systemDictionary.cpp, line 231]
Event: 10.666 Thread 0x000001bab2e59000 Exception <a 'java/lang/ClassNotFoundException'{0x00000000aab87448}: java/lang/EnumCustomizer> (0x00000000aab87448) thrown at [./src/hotspot/share/classfile/systemDictionary.cpp, line 231]
Event: 10.667 Thread 0x000001bab2e59000 Exception <a 'java/lang/ClassNotFoundException'{0x00000000aabb7ce0}: org/gradle/api/JavaVersionCustomizer> (0x00000000aabb7ce0) thrown at [./src/hotspot/share/classfile/systemDictionary.cpp, line 231]
Event: 10.669 Thread 0x000001bab2e59000 Exception <a 'java/lang/ClassNotFoundException'{0x00000000aaa0d3e0}: com/android/build/gradle/internal/CompileOptions_DecoratedBeanInfo> (0x00000000aaa0d3e0) thrown at [./src/hotspot/share/classfile/systemDictionary.cpp, line 231]
Event: 10.670 Thread 0x000001bab2e59000 Exception <a 'java/lang/ClassNotFoundException'{0x00000000aaa24838}: com/android/build/gradle/internal/CompileOptionsBeanInfo> (0x00000000aaa24838) thrown at [./src/hotspot/share/classfile/systemDictionary.cpp, line 231]
Event: 10.670 Thread 0x000001bab2e59000 Exception <a 'java/lang/ClassNotFoundException'{0x00000000aaa3c420}: com/android/build/gradle/internal/CompileOptionsCustomizer> (0x00000000aaa3c420) thrown at [./src/hotspot/share/classfile/systemDictionary.cpp, line 231]
Event: 10.670 Thread 0x000001bab2e59000 Exception <a 'java/lang/ClassNotFoundException'{0x00000000aaa609f0}: com/android/build/gradle/internal/CompileOptions_DecoratedCustomizer> (0x00000000aaa609f0) thrown at [./src/hotspot/share/classfile/systemDictionary.cpp, line 231]
Event: 10.674 Thread 0x000001bab2e59000 Exception <a 'java/lang/ClassNotFoundException'{0x00000000aaae1ad8}: com/android/build/gradle/internal/dsl/PackagingOptions_DecoratedBeanInfo> (0x00000000aaae1ad8) thrown at [./src/hotspot/share/classfile/systemDictionary.cpp, line 231]
Event: 10.674 Thread 0x000001bab2e59000 Exception <a 'java/lang/ClassNotFoundException'{0x00000000aaafa0b0}: com/android/build/gradle/internal/dsl/PackagingOptionsBeanInfo> (0x00000000aaafa0b0) thrown at [./src/hotspot/share/classfile/systemDictionary.cpp, line 231]
Event: 10.675 Thread 0x000001bab2e59000 Exception <a 'java/lang/ClassNotFoundException'{0x00000000aa912ba0}: com/android/build/gradle/internal/dsl/PackagingOptionsCustomizer> (0x00000000aa912ba0) thrown at [./src/hotspot/share/classfile/systemDictionary.cpp, line 231]
Event: 10.675 Thread 0x000001bab2e59000 Exception <a 'java/lang/ClassNotFoundException'{0x00000000aa944488}: com/android/build/gradle/internal/dsl/PackagingOptions_DecoratedCustomizer> (0x00000000aa944488) thrown at [./src/hotspot/share/classfile/systemDictionary.cpp, line 231]

Events (20 events):
Event: 10.781 loading class com/android/build/gradle/internal/scope/InternalArtifactType$FEATURE_PUBLISHED_DEX
Event: 10.781 loading class com/android/build/gradle/internal/scope/InternalArtifactType$FEATURE_PUBLISHED_DEX done
Event: 10.781 loading class com/android/build/gradle/internal/scope/InternalArtifactType$LINT_VITAL_LINT_MODEL
Event: 10.781 loading class com/android/build/gradle/internal/scope/InternalArtifactType$LINT_VITAL_LINT_MODEL done
Event: 10.781 loading class com/android/build/gradle/internal/scope/InternalArtifactType$LINT_PARTIAL_RESULTS
Event: 10.781 loading class com/android/build/gradle/internal/scope/InternalArtifactType$LINT_PARTIAL_RESULTS done
Event: 10.782 loading class com/android/build/gradle/internal/scope/InternalArtifactType$LINT_VITAL_PARTIAL_RESULTS
Event: 10.782 loading class com/android/build/gradle/internal/scope/InternalArtifactType$LINT_VITAL_PARTIAL_RESULTS done
Event: 10.782 loading class com/android/build/gradle/internal/scope/InternalArtifactType$FEATURE_NAME
Event: 10.782 loading class com/android/build/gradle/internal/scope/InternalArtifactType$FEATURE_NAME done
Event: 10.782 loading class com/android/build/gradle/internal/publishing/PublishingSpecs$Companion$3
Event: 10.782 loading class com/android/build/gradle/internal/publishing/PublishingSpecs$Companion$3 done
Event: 10.783 loading class com/android/build/gradle/internal/publishing/LibraryVariantSpecBuilder
Event: 10.783 loading class com/android/build/gradle/internal/publishing/LibraryVariantSpecBuilder done
Event: 11.791 loading class com/android/build/api/artifact/SingleArtifact$AAR
Event: 11.791 loading class com/android/build/api/artifact/SingleArtifact$AAR done
Event: 11.793 loading class com/android/build/api/artifact/SingleArtifact$MERGED_MANIFEST
Event: 11.793 loading class com/android/build/api/artifact/SingleArtifact$MERGED_MANIFEST done
Event: 11.794 loading class com/android/build/gradle/internal/scope/InternalArtifactType$DATA_BINDING_ARTIFACT
Event: 11.794 loading class com/android/build/gradle/internal/scope/InternalArtifactType$DATA_BINDING_ARTIFACT done


Dynamic libraries:
0x00007ff7234c0000 - 0x00007ff7234ca000 	E:\IDEA\2021.3.1\IntelliJ IDEA 2021.3.1\jbr\bin\java.exe
0x00007ff856fb0000 - 0x00007ff8571c6000 	C:\WINDOWS\SYSTEM32\ntdll.dll
0x00007ff8556e0000 - 0x00007ff8557a4000 	C:\WINDOWS\System32\KERNEL32.DLL
0x00007ff8548b0000 - 0x00007ff854c5d000 	C:\WINDOWS\System32\KERNELBASE.dll
0x00007ff8542f0000 - 0x00007ff854405000 	C:\WINDOWS\System32\ucrtbase.dll
0x00007ff842df0000 - 0x00007ff842e09000 	E:\IDEA\2021.3.1\IntelliJ IDEA 2021.3.1\jbr\bin\jli.dll
0x00007ff842cd0000 - 0x00007ff842ce7000 	E:\IDEA\2021.3.1\IntelliJ IDEA 2021.3.1\jbr\bin\VCRUNTIME140.dll
0x00007ff8568c0000 - 0x00007ff856a73000 	C:\WINDOWS\System32\USER32.dll
0x00007ff8545c0000 - 0x00007ff8545e7000 	C:\WINDOWS\System32\win32u.dll
0x00007ff856340000 - 0x00007ff856369000 	C:\WINDOWS\System32\GDI32.dll
0x00007ff854490000 - 0x00007ff8545af000 	C:\WINDOWS\System32\gdi32full.dll
0x00007ff83ccc0000 - 0x00007ff83cf5d000 	C:\WINDOWS\WinSxS\amd64_microsoft.windows.common-controls_6595b64144ccf1df_6.0.25314.1000_none_7ba522e2a3810f62\COMCTL32.dll
0x00007ff854770000 - 0x00007ff854815000 	C:\WINDOWS\System32\msvcp_win.dll
0x00007ff855540000 - 0x00007ff8555e7000 	C:\WINDOWS\System32\msvcrt.dll
0x00007ff856770000 - 0x00007ff8567a0000 	C:\WINDOWS\System32\IMM32.DLL
0x00007ff83f680000 - 0x00007ff83f808000 	E:\steam\steam_app\gameoverlayrenderer64.dll
0x00007ff856e30000 - 0x00007ff856ee0000 	C:\WINDOWS\System32\ADVAPI32.dll
0x00007ff856d20000 - 0x00007ff856dc5000 	C:\WINDOWS\System32\sechost.dll
0x00007ff8565d0000 - 0x00007ff8566f9000 	C:\WINDOWS\System32\RPCRT4.dll
0x00007ff856380000 - 0x00007ff85651f000 	C:\WINDOWS\System32\ole32.dll
0x00007ff855b20000 - 0x00007ff855ecc000 	C:\WINDOWS\System32\combase.dll
0x00007ff8557c0000 - 0x00007ff855898000 	C:\WINDOWS\System32\OLEAUT32.dll
0x00007ff854d20000 - 0x00007ff854d28000 	C:\WINDOWS\System32\PSAPI.DLL
0x00007ff84b5e0000 - 0x00007ff84b615000 	C:\WINDOWS\SYSTEM32\WINMM.dll
0x00007ff80b100000 - 0x00007ff80b19d000 	E:\IDEA\2021.3.1\IntelliJ IDEA 2021.3.1\jbr\bin\msvcp140.dll
0x00007ff8195e0000 - 0x00007ff81a156000 	E:\IDEA\2021.3.1\IntelliJ IDEA 2021.3.1\jbr\bin\server\jvm.dll
0x00007ff839540000 - 0x00007ff839549000 	C:\WINDOWS\SYSTEM32\WSOCK32.dll
0x00007ff84aaa0000 - 0x00007ff84aaaa000 	C:\WINDOWS\SYSTEM32\VERSION.dll
0x00007ff856ef0000 - 0x00007ff856f63000 	C:\WINDOWS\System32\WS2_32.dll
0x00007ff853290000 - 0x00007ff8532a8000 	C:\WINDOWS\SYSTEM32\kernel.appcore.dll
0x00007ff845000000 - 0x00007ff845011000 	E:\IDEA\2021.3.1\IntelliJ IDEA 2021.3.1\jbr\bin\verify.dll
0x00007ff851b80000 - 0x00007ff851db5000 	C:\WINDOWS\SYSTEM32\DBGHELP.DLL
0x00007ff83c4f0000 - 0x00007ff83c522000 	C:\WINDOWS\SYSTEM32\dbgcore.DLL
0x00007ff854820000 - 0x00007ff8548a3000 	C:\WINDOWS\System32\bcryptPrimitives.dll
0x00007ff843530000 - 0x00007ff843559000 	E:\IDEA\2021.3.1\IntelliJ IDEA 2021.3.1\jbr\bin\java.dll
0x00007ff8434f0000 - 0x00007ff8434fb000 	E:\IDEA\2021.3.1\IntelliJ IDEA 2021.3.1\jbr\bin\jimage.dll
0x00007ff842d40000 - 0x00007ff842d58000 	E:\IDEA\2021.3.1\IntelliJ IDEA 2021.3.1\jbr\bin\zip.dll
0x00007ff854d30000 - 0x00007ff85553a000 	C:\WINDOWS\System32\SHELL32.dll
0x00007ff8521f0000 - 0x00007ff852a95000 	C:\WINDOWS\SYSTEM32\windows.storage.dll
0x00007ff8558f0000 - 0x00007ff8559d0000 	C:\WINDOWS\System32\SHCORE.dll
0x00007ff856dd0000 - 0x00007ff856e2d000 	C:\WINDOWS\System32\shlwapi.dll
0x00007ff854210000 - 0x00007ff854231000 	C:\WINDOWS\SYSTEM32\profapi.dll
0x00007ff842d20000 - 0x00007ff842d3a000 	E:\IDEA\2021.3.1\IntelliJ IDEA 2021.3.1\jbr\bin\net.dll
0x00007ff84c9b0000 - 0x00007ff84cade000 	C:\WINDOWS\SYSTEM32\WINHTTP.dll
0x00007ff853720000 - 0x00007ff853789000 	C:\WINDOWS\system32\mswsock.dll
0x00007ff842320000 - 0x00007ff842334000 	E:\IDEA\2021.3.1\IntelliJ IDEA 2021.3.1\jbr\bin\nio.dll
0x00007ff814020000 - 0x00007ff814047000 	C:\Users\Lenovo\.gradle\native\8bec1ad78214c89d9ad589b4d07fe93259594b29d510b10fafb7a158f7737e5d\windows-amd64\native-platform.dll
0x00007ff802550000 - 0x00007ff80268d000 	C:\Users\Lenovo\.gradle\native\53dbd7edfb1c66fb8903c78663c9afc45aea4f116125fa6feffd364cf09443e8\windows-amd64\native-platform-file-events.dll
0x00007ff842d10000 - 0x00007ff842d1a000 	E:\IDEA\2021.3.1\IntelliJ IDEA 2021.3.1\jbr\bin\management.dll
0x00007ff842b70000 - 0x00007ff842b7d000 	E:\IDEA\2021.3.1\IntelliJ IDEA 2021.3.1\jbr\bin\management_ext.dll
0x00007ff8539c0000 - 0x00007ff8539db000 	C:\WINDOWS\SYSTEM32\CRYPTSP.dll
0x00007ff8531f0000 - 0x00007ff853225000 	C:\WINDOWS\system32\rsaenh.dll
0x00007ff853820000 - 0x00007ff853848000 	C:\WINDOWS\SYSTEM32\USERENV.dll
0x00007ff853b70000 - 0x00007ff853b98000 	C:\WINDOWS\SYSTEM32\bcrypt.dll
0x00007ff8539b0000 - 0x00007ff8539bc000 	C:\WINDOWS\SYSTEM32\CRYPTBASE.dll
0x00007ff852d40000 - 0x00007ff852d6f000 	C:\WINDOWS\SYSTEM32\IPHLPAPI.DLL
0x00007ff856530000 - 0x00007ff856539000 	C:\WINDOWS\System32\NSI.dll
0x00007ff84d420000 - 0x00007ff84d439000 	C:\WINDOWS\SYSTEM32\dhcpcsvc6.DLL
0x00007ff84d3d0000 - 0x00007ff84d3ee000 	C:\WINDOWS\SYSTEM32\dhcpcsvc.DLL
0x00007ff852dd0000 - 0x00007ff852ede000 	C:\WINDOWS\SYSTEM32\DNSAPI.dll

dbghelp: loaded successfully - version: 4.0.5 - missing functions: none
symbol engine: initialized successfully - sym options: 0x614 - pdb path: .;E:\IDEA\2021.3.1\IntelliJ IDEA 2021.3.1\jbr\bin;C:\WINDOWS\SYSTEM32;C:\WINDOWS\WinSxS\amd64_microsoft.windows.common-controls_6595b64144ccf1df_6.0.25314.1000_none_7ba522e2a3810f62;E:\steam\steam_app;E:\IDEA\2021.3.1\IntelliJ IDEA 2021.3.1\jbr\bin\server;C:\Users\Lenovo\.gradle\native\8bec1ad78214c89d9ad589b4d07fe93259594b29d510b10fafb7a158f7737e5d\windows-amd64;C:\Users\Lenovo\.gradle\native\53dbd7edfb1c66fb8903c78663c9afc45aea4f116125fa6feffd364cf09443e8\windows-amd64

VM Arguments:
jvm_args: --add-opens=java.base/java.util=ALL-UNNAMED --add-opens=java.base/java.lang=ALL-UNNAMED --add-opens=java.base/java.lang.invoke=ALL-UNNAMED --add-opens=java.base/java.util=ALL-UNNAMED --add-opens=java.prefs/java.util.prefs=ALL-UNNAMED --add-opens=java.prefs/java.util.prefs=ALL-UNNAMED --add-opens=java.base/java.nio.charset=ALL-UNNAMED --add-opens=java.base/java.net=ALL-UNNAMED --add-opens=java.base/java.util.concurrent.atomic=ALL-UNNAMED -Xmx1536m -Dfile.encoding=GBK -Duser.country=CN -Duser.language=zh -Duser.variant 
java_command: org.gradle.launcher.daemon.bootstrap.GradleDaemon 7.0.2
java_class_path (initial): C:\Users\Lenovo\.gradle\wrapper\dists\gradle-7.0.2-all\7era6s5ay7zsbhuvl0oc9g94s\gradle-7.0.2\lib\gradle-launcher-7.0.2.jar
Launcher Type: SUN_STANDARD

[Global flags]
     intx CICompilerCount                          = 4                                         {product} {ergonomic}
     uint ConcGCThreads                            = 3                                         {product} {ergonomic}
     uint G1ConcRefinementThreads                  = 10                                        {product} {ergonomic}
   size_t G1HeapRegionSize                         = 1048576                                   {product} {ergonomic}
    uintx GCDrainStackTargetSize                   = 64                                        {product} {ergonomic}
   size_t InitialHeapSize                          = 257949696                                 {product} {ergonomic}
   size_t MarkStackSize                            = 4194304                                   {product} {ergonomic}
   size_t MaxHeapSize                              = 1610612736                                {product} {command line}
   size_t MaxNewSize                               = 965738496                                 {product} {ergonomic}
   size_t MinHeapDeltaBytes                        = 1048576                                   {product} {ergonomic}
    uintx NonNMethodCodeHeapSize                   = 5836300                                {pd product} {ergonomic}
    uintx NonProfiledCodeHeapSize                  = 122910970                              {pd product} {ergonomic}
    uintx ProfiledCodeHeapSize                     = 122910970                              {pd product} {ergonomic}
    uintx ReservedCodeCacheSize                    = 251658240                              {pd product} {ergonomic}
     bool SegmentedCodeCache                       = true                                      {product} {ergonomic}
     bool UseCompressedClassPointers               = true                                 {lp64_product} {ergonomic}
     bool UseCompressedOops                        = true                                 {lp64_product} {ergonomic}
     bool UseG1GC                                  = true                                      {product} {ergonomic}
     bool UseLargePagesIndividualAllocation        = false                                  {pd product} {ergonomic}

Logging:
Log output configuration:
 #0: stdout all=warning uptime,level,tags
 #1: stderr all=off uptime,level,tags

Environment Variables:
JAVA_HOME=C:\Program Files\Java\jdk1.8.0_201
CLASSPATH= .;C:\Program Files\Java\jdk1.8.0_201\lib\dt.jar;C:\Program Files\Java\jdk1.8.0_201\lib\tools.jar
PATH=E:\steam\steam_app;E:\VMware-station\bin\;C:\Program Files\Common Files\Oracle\Java\javapath;C:\Program Files\CodeBlocks\MinGW\bin;E:\PYTHON\Scripts\;E:\PYTHON\;C:\Program Files\Java\jdk1.8.0_201\bin;C:\Program Files\Java\jdk1.8.0_201\jre\bin;C:\Program Files (x86)\Common Files\Oracle\Java\javapath;C:\WINDOWS\system32;C:\WINDOWS;C:\WINDOWS\System32\Wbem;C:\WINDOWS\System32\WindowsPowerShell\v1.0\;C:\WINDOWS\System32\OpenSSH\;C:\Program Files\dotnet\;D:\Microsoft SQL Server (x86) (x86)\90\Tools\binn\;E:\GIT\Git\cmd;E:\Nodejs\;C:\ProgramData\chocolatey\bin;E:\Maven\apache-maven-3.8.4\bin;C:\Program Files\MySQL\MySQL Server 8.0\bin;E:\Redis\;C:\WINDOWS\system32;C:\WINDOWS;C:\WINDOWS\System32\Wbem;C:\WINDOWS\System32\WindowsPowerShell\v1.0\;C:\WINDOWS\System32\OpenSSH\;E:\Opencv455\opencv\build\x64\vc15\bin;E:\SecureCRT\;C:\myapps\Zookeeper\apache-zookeeper-3.7.1-bin\bin;C:\myapps\Nasm\nasm-2.16rc12\;C:\myapps\Qemu\;C:\Program Files\MySQL\MySQL Shell 8.0\bin\;C:\Users\Lenovo\AppData\Local\Microsoft\WindowsApps;E:\IDEA\2021.3.1\IntelliJ IDEA 2021.3.1\bin;C:\Program Files\Java\jre1.8.0_201\bin;E:\Microsoft VS Code\bin;C:\Users\Lenovo\AppData\Local\GitHubDesktop\bin;C:\Users\Lenovo\.dotnet\tools;C:\Users\Lenovo\AppData\Roaming\npm;E:\Tencent\QQGameTempest\Hall.57734\;E:\MINGW_Lib\mingw64\bin\;C:\myapps\Pycharm\PyCharm Community Edition 2022.3.2\bin
USERNAME=Lenovo
OS=Windows_NT
PROCESSOR_IDENTIFIER=AMD64 Family 23 Model 96 Stepping 1, AuthenticAMD



---------------  S Y S T E M  ---------------

OS: Windows 11 , 64 bit Build 25314 (10.0.25314.1000)
OS uptime: 2 days 5:39 hours

CPU:total 12 (initial active 12) (12 cores per cpu, 2 threads per core) family 23 model 96 stepping 1 microcode 0x8600106, cmov, cx8, fxsr, mmx, sse, sse2, sse3, ssse3, sse4.1, sse4.2, popcnt, avx, avx2, aes, clmul, mmxext, 3dnowpref, lzcnt, sse4a, ht, tsc, tscinvbit, tscinv, bmi1, bmi2, adx, sha, fma

Memory: 4k page, system-wide physical 15741M (767M free)
TotalPageFile size 23933M (AvailPageFile size 8M)
current process WorkingSet (physical memory assigned to process): 442M, peak: 446M
current process commit charge ("private bytes"): 509M, peak: 512M

vm_info: OpenJDK 64-Bit Server VM (11.0.13+7-b1751.21) for windows-amd64 JRE (11.0.13+7-b1751.21), built on Nov 30 2021 02:32:50 by "" with MS VC++ 14.0 (VS2015)

END.
