#
# There is insufficient memory for the Java Runtime Environment to continue.
# Native memory allocation (malloc) failed to allocate 1059216 bytes for Chunk::new
# Possible reasons:
#   The system is out of physical RAM or swap space
#   The process is running with CompressedOops enabled, and the Java Heap may be blocking the growth of the native heap
# Possible solutions:
#   Reduce memory load on the system
#   Increase physical memory or swap space
#   Check if swap backing store is full
#   Decrease Java heap size (-Xmx/-Xms)
#   Decrease number of Java threads
#   Decrease Java thread stack sizes (-Xss)
#   Set larger code cache with -XX:ReservedCodeCacheSize=
#   JVM is running with Unscaled Compressed Oops mode in which the Java heap is
#     placed in the first 4GB address space. The Java Heap base address is the
#     maximum limit for the native heap growth. Please use -XX:HeapBaseMinAddress
#     to set the Java Heap base and to place the Java Heap above 4GB virtual address.
# This output file may be truncated or incomplete.
#
#  Out of Memory Error (./src/hotspot/share/memory/arena.cpp:197), pid=20712, tid=27460
#
# JRE version: OpenJDK Runtime Environment JBR-11.0.13.7-1751.21-jcef (11.0.13+7) (build 11.0.13+7-b1751.21)
# Java VM: OpenJDK 64-Bit Server VM JBR-11.0.13.7-1751.21-jcef (11.0.13+7-b1751.21, mixed mode, tiered, compressed oops, g1 gc, windows-amd64)
# No core dump will be written. Minidumps are not enabled by default on client versions of Windows
#

---------------  S U M M A R Y ------------

Command Line: --add-opens=java.base/java.util=ALL-UNNAMED --add-opens=java.base/java.lang=ALL-UNNAMED --add-opens=java.base/java.lang.invoke=ALL-UNNAMED --add-opens=java.base/java.util=ALL-UNNAMED --add-opens=java.prefs/java.util.prefs=ALL-UNNAMED --add-opens=java.prefs/java.util.prefs=ALL-UNNAMED --add-opens=java.base/java.nio.charset=ALL-UNNAMED --add-opens=java.base/java.net=ALL-UNNAMED --add-opens=java.base/java.util.concurrent.atomic=ALL-UNNAMED -Xmx1536m -Dfile.encoding=GBK -Duser.country=CN -Duser.language=zh -Duser.variant org.gradle.launcher.daemon.bootstrap.GradleDaemon 7.0.2

Host: AMD Ryzen 5 4600U with Radeon Graphics         , 12 cores, 15G,  Windows 11 , 64 bit Build 25314 (10.0.25314.1000)
Time: Mon Mar 13 15:36:51 2023 马来西亚半岛标准时间 elapsed time: 13.905548 seconds (0d 0h 0m 13s)

---------------  T H R E A D  ---------------

Current thread (0x0000023092844000):  JavaThread "C2 CompilerThread1" daemon [_thread_in_native, id=27460, stack(0x00000032bfd00000,0x00000032bfe00000)]


Current CompileTask:
C2:  13905 3209       4       java.lang.invoke.MethodType::makeImpl (108 bytes)

Stack: [0x00000032bfd00000,0x00000032bfe00000]
Native frames: (J=compiled Java code, j=interpreted, Vv=VM code, C=native code)
V  [jvm.dll+0x613daa]
V  [jvm.dll+0x799b30]
V  [jvm.dll+0x79b14d]
V  [jvm.dll+0x79b823]
V  [jvm.dll+0x24c958]
V  [jvm.dll+0xc14dc]
V  [jvm.dll+0xc1a0c]
V  [jvm.dll+0x360c3d]
V  [jvm.dll+0x19eedc]
V  [jvm.dll+0x204e8e]
V  [jvm.dll+0x203f07]
V  [jvm.dll+0x18b2a1]
V  [jvm.dll+0x212c3b]
V  [jvm.dll+0x211491]
V  [jvm.dll+0x760b9f]
V  [jvm.dll+0x759755]
V  [jvm.dll+0x612a16]
C  [ucrtbase.dll+0x244eb]
C  [KERNEL32.DLL+0x3e2d]
C  [ntdll.dll+0x4ef48]


---------------  P R O C E S S  ---------------

Threads class SMR info:
_java_thread_list=0x000002309149f9b0, length=36, elements={
0x00000230f6780800, 0x00000230fef3b000, 0x00000230fef3b800, 0x00000230fefb1800,
0x00000230fefb2800, 0x00000230fefb4000, 0x00000230fefb5000, 0x00000230fefb8000,
0x00000230fefc9800, 0x00000230ff155800, 0x0000023091dca800, 0x00000230911ae800,
0x0000023092bd0000, 0x00000230937a0800, 0x00000230930f5000, 0x00000230929aa000,
0x0000023092754800, 0x0000023092477000, 0x0000023092477800, 0x00000230929a0000,
0x000002309299e800, 0x00000230929a1000, 0x000002309299f800, 0x0000023092844000,
0x000002309299b800, 0x000002309299c000, 0x000002309299d800, 0x000002309299d000,
0x00000230929a2000, 0x00000230936e2000, 0x00000230936dc000, 0x0000023095dce000,
0x00000230936e3800, 0x00000230936dd800, 0x00000230936e4000, 0x00000230936e1000
}

Java Threads: ( => current thread )
  0x00000230f6780800 JavaThread "main" [_thread_blocked, id=21680, stack(0x00000032bd400000,0x00000032bd500000)]
  0x00000230fef3b000 JavaThread "Reference Handler" daemon [_thread_blocked, id=21040, stack(0x00000032bdb00000,0x00000032bdc00000)]
  0x00000230fef3b800 JavaThread "Finalizer" daemon [_thread_blocked, id=12952, stack(0x00000032bdc00000,0x00000032bdd00000)]
  0x00000230fefb1800 JavaThread "Signal Dispatcher" daemon [_thread_blocked, id=11852, stack(0x00000032bdd00000,0x00000032bde00000)]
  0x00000230fefb2800 JavaThread "Attach Listener" daemon [_thread_blocked, id=4636, stack(0x00000032bde00000,0x00000032bdf00000)]
  0x00000230fefb4000 JavaThread "Service Thread" daemon [_thread_blocked, id=27116, stack(0x00000032bdf00000,0x00000032be000000)]
  0x00000230fefb5000 JavaThread "C2 CompilerThread0" daemon [_thread_blocked, id=25868, stack(0x00000032be000000,0x00000032be100000)]
  0x00000230fefb8000 JavaThread "C1 CompilerThread0" daemon [_thread_blocked, id=22020, stack(0x00000032be100000,0x00000032be200000)]
  0x00000230fefc9800 JavaThread "Sweeper thread" daemon [_thread_blocked, id=23476, stack(0x00000032be200000,0x00000032be300000)]
  0x00000230ff155800 JavaThread "Common-Cleaner" daemon [_thread_blocked, id=25552, stack(0x00000032be300000,0x00000032be400000)]
  0x0000023091dca800 JavaThread "Daemon health stats" [_thread_blocked, id=11364, stack(0x00000032bea00000,0x00000032beb00000)]
  0x00000230911ae800 JavaThread "Incoming local TCP Connector on port 55215" [_thread_in_native, id=11032, stack(0x00000032be500000,0x00000032be600000)]
  0x0000023092bd0000 JavaThread "Daemon periodic checks" [_thread_blocked, id=16132, stack(0x00000032beb00000,0x00000032bec00000)]
  0x00000230937a0800 JavaThread "Daemon" [_thread_blocked, id=13656, stack(0x00000032bec00000,0x00000032bed00000)]
  0x00000230930f5000 JavaThread "Handler for socket connection from /127.0.0.1:55215 to /127.0.0.1:55216" [_thread_in_native, id=14504, stack(0x00000032bed00000,0x00000032bee00000)]
  0x00000230929aa000 JavaThread "Cancel handler" [_thread_blocked, id=28144, stack(0x00000032bee00000,0x00000032bef00000)]
  0x0000023092754800 JavaThread "Daemon worker" [_thread_in_native, id=2992, stack(0x00000032bef00000,0x00000032bf000000)]
  0x0000023092477000 JavaThread "Asynchronous log dispatcher for DefaultDaemonConnection: socket connection from /127.0.0.1:55215 to /127.0.0.1:55216" [_thread_blocked, id=25524, stack(0x00000032bf000000,0x00000032bf100000)]
  0x0000023092477800 JavaThread "Stdin handler" [_thread_blocked, id=15568, stack(0x00000032bf100000,0x00000032bf200000)]
  0x00000230929a0000 JavaThread "Daemon client event forwarder" [_thread_blocked, id=14220, stack(0x00000032bf200000,0x00000032bf300000)]
  0x000002309299e800 JavaThread "Cache worker for file hash cache (C:\Users\Lenovo\.gradle\caches\7.0.2\fileHashes)" [_thread_blocked, id=29096, stack(0x00000032bf300000,0x00000032bf400000)]
  0x00000230929a1000 JavaThread "File lock request listener" [_thread_in_native, id=25528, stack(0x00000032bf400000,0x00000032bf500000)]
  0x000002309299f800 JavaThread "Cache worker for journal cache (C:\Users\Lenovo\.gradle\caches\journal-1)" [_thread_blocked, id=2164, stack(0x00000032bfc00000,0x00000032bfd00000)]
=>0x0000023092844000 JavaThread "C2 CompilerThread1" daemon [_thread_in_native, id=27460, stack(0x00000032bfd00000,0x00000032bfe00000)]
  0x000002309299b800 JavaThread "Cache worker for file hash cache (C:\myfiles\Projects\Dev\Android\BigDoAndroid\.gradle\7.0.2\fileHashes)" [_thread_blocked, id=23072, stack(0x00000032bfe00000,0x00000032bff00000)]
  0x000002309299c000 JavaThread "File watcher server" daemon [_thread_in_native, id=11760, stack(0x00000032bff00000,0x00000032c0000000)]
  0x000002309299d800 JavaThread "File watcher consumer" daemon [_thread_blocked, id=15152, stack(0x00000032c0000000,0x00000032c0100000)]
  0x000002309299d000 JavaThread "Cache worker for checksums cache (C:\myfiles\Projects\Dev\Android\BigDoAndroid\.gradle\checksums)" [_thread_blocked, id=25820, stack(0x00000032c0100000,0x00000032c0200000)]
  0x00000230929a2000 JavaThread "Cache worker for cache directory md-supplier (C:\Users\Lenovo\.gradle\caches\7.0.2\md-supplier)" [_thread_blocked, id=14152, stack(0x00000032c0200000,0x00000032c0300000)]
  0x00000230936e2000 JavaThread "Cache worker for cache directory md-rule (C:\Users\Lenovo\.gradle\caches\7.0.2\md-rule)" [_thread_blocked, id=23372, stack(0x00000032c0300000,0x00000032c0400000)]
  0x00000230936dc000 JavaThread "Cache worker for execution history cache (C:\Users\Lenovo\.gradle\caches\7.0.2\executionHistory)" [_thread_blocked, id=15680, stack(0x00000032c0400000,0x00000032c0500000)]
  0x0000023095dce000 JavaThread "C2 CompilerThread2" daemon [_thread_in_native, id=6428, stack(0x00000032c0500000,0x00000032c0600000)]
  0x00000230936e3800 JavaThread "jar transforms" [_thread_blocked, id=15076, stack(0x00000032c0600000,0x00000032c0700000)]
  0x00000230936dd800 JavaThread "jar transforms Thread 2" [_thread_blocked, id=15448, stack(0x00000032c0700000,0x00000032c0800000)]
  0x00000230936e4000 JavaThread "Cache worker for file content cache (C:\Users\Lenovo\.gradle\caches\7.0.2\fileContent)" [_thread_blocked, id=29400, stack(0x00000032c0800000,0x00000032c0900000)]
  0x00000230936e1000 JavaThread "Cache worker for dependencies-accessors (C:\myfiles\Projects\Dev\Android\BigDoAndroid\.gradle\7.0.2\dependencies-accessors)" [_thread_blocked, id=14696, stack(0x00000032c0900000,0x00000032c0a00000)]

Other Threads:
  0x00000230fef16800 VMThread "VM Thread" [stack: 0x00000032bda00000,0x00000032bdb00000] [id=14980]
  0x00000230ff15c000 WatcherThread [stack: 0x00000032be400000,0x00000032be500000] [id=12508]
  0x00000230f6798800 GCTaskThread "GC Thread#0" [stack: 0x00000032bd500000,0x00000032bd600000] [id=28860]
  0x0000023091618000 GCTaskThread "GC Thread#1" [stack: 0x00000032be600000,0x00000032be700000] [id=27404]
  0x0000023091cf1800 GCTaskThread "GC Thread#2" [stack: 0x00000032be700000,0x00000032be800000] [id=25816]
  0x0000023091cf2000 GCTaskThread "GC Thread#3" [stack: 0x00000032be800000,0x00000032be900000] [id=26108]
  0x0000023091d01000 GCTaskThread "GC Thread#4" [stack: 0x00000032be900000,0x00000032bea00000] [id=20796]
  0x00000230934b1000 GCTaskThread "GC Thread#5" [stack: 0x00000032bf500000,0x00000032bf600000] [id=21788]
  0x00000230932fa800 GCTaskThread "GC Thread#6" [stack: 0x00000032bf600000,0x00000032bf700000] [id=14924]
  0x0000023091de3000 GCTaskThread "GC Thread#7" [stack: 0x00000032bf700000,0x00000032bf800000] [id=6624]
  0x0000023093015800 GCTaskThread "GC Thread#8" [stack: 0x00000032bf800000,0x00000032bf900000] [id=26484]
  0x0000023092645000 GCTaskThread "GC Thread#9" [stack: 0x00000032bf900000,0x00000032bfa00000] [id=28828]
  0x00000230f67c1800 ConcurrentGCThread "G1 Main Marker" [stack: 0x00000032bd600000,0x00000032bd700000] [id=6212]
  0x00000230f67c5800 ConcurrentGCThread "G1 Conc#0" [stack: 0x00000032bd700000,0x00000032bd800000] [id=18844]
  0x0000023091b47000 ConcurrentGCThread "G1 Conc#1" [stack: 0x00000032bfa00000,0x00000032bfb00000] [id=3176]
  0x0000023091b49000 ConcurrentGCThread "G1 Conc#2" [stack: 0x00000032bfb00000,0x00000032bfc00000] [id=15464]
  0x00000230fed7f800 ConcurrentGCThread "G1 Refine#0" [stack: 0x00000032bd800000,0x00000032bd900000] [id=11572]
  0x00000230fed84800 ConcurrentGCThread "G1 Young RemSet Sampling" [stack: 0x00000032bd900000,0x00000032bda00000] [id=23860]

Threads with active compile tasks:
C2 CompilerThread1  14962 3209       4       java.lang.invoke.MethodType::makeImpl (108 bytes)
C2 CompilerThread2  14962 3321       4       org.codehaus.groovy.reflection.CachedMethod::compareTo (25 bytes)

VM state:not at safepoint (normal execution)

VM Mutex/Monitor currently owned by a thread: None

Heap address: 0x00000000a0000000, size: 1536 MB, Compressed Oops mode: 32-bit
Narrow klass base: 0x0000000000000000, Narrow klass shift: 3
Compressed class space size: 1073741824 Address: 0x0000000100000000

Heap:
 garbage-first heap   total 251904K, used 67541K [0x00000000a0000000, 0x0000000100000000)
  region size 1024K, 48 young (49152K), 6 survivors (6144K)
 Metaspace       used 38574K, capacity 39458K, committed 39632K, reserved 1083392K
  class space    used 4852K, capacity 5171K, committed 5248K, reserved 1048576K
Heap Regions: E=young(eden), S=young(survivor), O=old, HS=humongous(starts), HC=humongous(continues), CS=collection set, F=free, A=archive, TAMS=top-at-mark-start (previous, next)
|   0|0x00000000a0000000, 0x00000000a0100000, 0x00000000a0100000|100%| O|  |TAMS 0x00000000a0100000, 0x00000000a0000000| Untracked 
|   1|0x00000000a0100000, 0x00000000a0200000, 0x00000000a0200000|100%| O|  |TAMS 0x00000000a0200000, 0x00000000a0100000| Untracked 
|   2|0x00000000a0200000, 0x00000000a0300000, 0x00000000a0300000|100%| O|  |TAMS 0x00000000a0300000, 0x00000000a0200000| Untracked 
|   3|0x00000000a0300000, 0x00000000a0400000, 0x00000000a0400000|100%|HS|  |TAMS 0x00000000a0400000, 0x00000000a0300000| Complete 
|   4|0x00000000a0400000, 0x00000000a0500000, 0x00000000a0500000|100%|HC|  |TAMS 0x00000000a0500000, 0x00000000a0400000| Complete 
|   5|0x00000000a0500000, 0x00000000a0600000, 0x00000000a0600000|100%|HC|  |TAMS 0x00000000a0600000, 0x00000000a0500000| Complete 
|   6|0x00000000a0600000, 0x00000000a0700000, 0x00000000a0700000|100%| O|  |TAMS 0x00000000a0700000, 0x00000000a0600000| Untracked 
|   7|0x00000000a0700000, 0x00000000a0800000, 0x00000000a0800000|100%| O|  |TAMS 0x00000000a0800000, 0x00000000a0700000| Untracked 
|   8|0x00000000a0800000, 0x00000000a0900000, 0x00000000a0900000|100%| O|  |TAMS 0x00000000a0900000, 0x00000000a0800000| Untracked 
|   9|0x00000000a0900000, 0x00000000a0a00000, 0x00000000a0a00000|100%| O|  |TAMS 0x00000000a0a00000, 0x00000000a0900000| Untracked 
|  10|0x00000000a0a00000, 0x00000000a0b00000, 0x00000000a0b00000|100%| O|  |TAMS 0x00000000a0b00000, 0x00000000a0a00000| Untracked 
|  11|0x00000000a0b00000, 0x00000000a0c00000, 0x00000000a0c00000|100%| O|  |TAMS 0x00000000a0c00000, 0x00000000a0b00000| Untracked 
|  12|0x00000000a0c00000, 0x00000000a0d00000, 0x00000000a0d00000|100%| O|  |TAMS 0x00000000a0d00000, 0x00000000a0c00000| Untracked 
|  13|0x00000000a0d00000, 0x00000000a0e00000, 0x00000000a0e00000|100%| O|  |TAMS 0x00000000a0e00000, 0x00000000a0d00000| Untracked 
|  14|0x00000000a0e00000, 0x00000000a0f00000, 0x00000000a0f00000|100%| O|  |TAMS 0x00000000a0f00000, 0x00000000a0e00000| Untracked 
|  15|0x00000000a0f00000, 0x00000000a1000000, 0x00000000a1000000|100%| O|  |TAMS 0x00000000a1000000, 0x00000000a0f00000| Untracked 
|  16|0x00000000a1000000, 0x00000000a10aba00, 0x00000000a1100000| 67%| O|  |TAMS 0x00000000a10aba00, 0x00000000a1000000| Untracked 
|  17|0x00000000a1100000, 0x00000000a1200000, 0x00000000a1200000|100%|HS|  |TAMS 0x00000000a1100000, 0x00000000a1100000| Complete 
|  18|0x00000000a1200000, 0x00000000a1300000, 0x00000000a1300000|100%|HS|  |TAMS 0x00000000a1200000, 0x00000000a1200000| Complete 
|  19|0x00000000a1300000, 0x00000000a1400000, 0x00000000a1400000|100%|HC|  |TAMS 0x00000000a1300000, 0x00000000a1300000| Complete 
|  20|0x00000000a1400000, 0x00000000a1400000, 0x00000000a1500000|  0%| F|  |TAMS 0x00000000a1400000, 0x00000000a1400000| Untracked 
|  21|0x00000000a1500000, 0x00000000a1500000, 0x00000000a1600000|  0%| F|  |TAMS 0x00000000a1500000, 0x00000000a1500000| Untracked 
|  22|0x00000000a1600000, 0x00000000a1600000, 0x00000000a1700000|  0%| F|  |TAMS 0x00000000a1600000, 0x00000000a1600000| Untracked 
|  23|0x00000000a1700000, 0x00000000a1700000, 0x00000000a1800000|  0%| F|  |TAMS 0x00000000a1700000, 0x00000000a1700000| Untracked 
|  24|0x00000000a1800000, 0x00000000a1800000, 0x00000000a1900000|  0%| F|  |TAMS 0x00000000a1800000, 0x00000000a1800000| Untracked 
|  25|0x00000000a1900000, 0x00000000a1900000, 0x00000000a1a00000|  0%| F|  |TAMS 0x00000000a1900000, 0x00000000a1900000| Untracked 
|  26|0x00000000a1a00000, 0x00000000a1a00000, 0x00000000a1b00000|  0%| F|  |TAMS 0x00000000a1a00000, 0x00000000a1a00000| Untracked 
|  27|0x00000000a1b00000, 0x00000000a1b00000, 0x00000000a1c00000|  0%| F|  |TAMS 0x00000000a1b00000, 0x00000000a1b00000| Untracked 
|  28|0x00000000a1c00000, 0x00000000a1c00000, 0x00000000a1d00000|  0%| F|  |TAMS 0x00000000a1c00000, 0x00000000a1c00000| Untracked 
|  29|0x00000000a1d00000, 0x00000000a1d00000, 0x00000000a1e00000|  0%| F|  |TAMS 0x00000000a1d00000, 0x00000000a1d00000| Untracked 
|  30|0x00000000a1e00000, 0x00000000a1e00000, 0x00000000a1f00000|  0%| F|  |TAMS 0x00000000a1e00000, 0x00000000a1e00000| Untracked 
|  31|0x00000000a1f00000, 0x00000000a1f00000, 0x00000000a2000000|  0%| F|  |TAMS 0x00000000a1f00000, 0x00000000a1f00000| Untracked 
|  32|0x00000000a2000000, 0x00000000a2000000, 0x00000000a2100000|  0%| F|  |TAMS 0x00000000a2000000, 0x00000000a2000000| Untracked 
|  33|0x00000000a2100000, 0x00000000a2100000, 0x00000000a2200000|  0%| F|  |TAMS 0x00000000a2100000, 0x00000000a2100000| Untracked 
|  34|0x00000000a2200000, 0x00000000a2200000, 0x00000000a2300000|  0%| F|  |TAMS 0x00000000a2200000, 0x00000000a2200000| Untracked 
|  35|0x00000000a2300000, 0x00000000a2300000, 0x00000000a2400000|  0%| F|  |TAMS 0x00000000a2300000, 0x00000000a2300000| Untracked 
|  36|0x00000000a2400000, 0x00000000a2400000, 0x00000000a2500000|  0%| F|  |TAMS 0x00000000a2400000, 0x00000000a2400000| Untracked 
|  37|0x00000000a2500000, 0x00000000a2500000, 0x00000000a2600000|  0%| F|  |TAMS 0x00000000a2500000, 0x00000000a2500000| Untracked 
|  38|0x00000000a2600000, 0x00000000a2600000, 0x00000000a2700000|  0%| F|  |TAMS 0x00000000a2600000, 0x00000000a2600000| Untracked 
|  39|0x00000000a2700000, 0x00000000a2700000, 0x00000000a2800000|  0%| F|  |TAMS 0x00000000a2700000, 0x00000000a2700000| Untracked 
|  40|0x00000000a2800000, 0x00000000a2800000, 0x00000000a2900000|  0%| F|  |TAMS 0x00000000a2800000, 0x00000000a2800000| Untracked 
|  41|0x00000000a2900000, 0x00000000a2900000, 0x00000000a2a00000|  0%| F|  |TAMS 0x00000000a2900000, 0x00000000a2900000| Untracked 
|  42|0x00000000a2a00000, 0x00000000a2a00000, 0x00000000a2b00000|  0%| F|  |TAMS 0x00000000a2a00000, 0x00000000a2a00000| Untracked 
|  43|0x00000000a2b00000, 0x00000000a2b00000, 0x00000000a2c00000|  0%| F|  |TAMS 0x00000000a2b00000, 0x00000000a2b00000| Untracked 
|  44|0x00000000a2c00000, 0x00000000a2c00000, 0x00000000a2d00000|  0%| F|  |TAMS 0x00000000a2c00000, 0x00000000a2c00000| Untracked 
|  45|0x00000000a2d00000, 0x00000000a2d00000, 0x00000000a2e00000|  0%| F|  |TAMS 0x00000000a2d00000, 0x00000000a2d00000| Untracked 
|  46|0x00000000a2e00000, 0x00000000a2e00000, 0x00000000a2f00000|  0%| F|  |TAMS 0x00000000a2e00000, 0x00000000a2e00000| Untracked 
|  47|0x00000000a2f00000, 0x00000000a2f00000, 0x00000000a3000000|  0%| F|  |TAMS 0x00000000a2f00000, 0x00000000a2f00000| Untracked 
|  48|0x00000000a3000000, 0x00000000a3000000, 0x00000000a3100000|  0%| F|  |TAMS 0x00000000a3000000, 0x00000000a3000000| Untracked 
|  49|0x00000000a3100000, 0x00000000a3100000, 0x00000000a3200000|  0%| F|  |TAMS 0x00000000a3100000, 0x00000000a3100000| Untracked 
|  50|0x00000000a3200000, 0x00000000a3200000, 0x00000000a3300000|  0%| F|  |TAMS 0x00000000a3200000, 0x00000000a3200000| Untracked 
|  51|0x00000000a3300000, 0x00000000a3300000, 0x00000000a3400000|  0%| F|  |TAMS 0x00000000a3300000, 0x00000000a3300000| Untracked 
|  52|0x00000000a3400000, 0x00000000a3400000, 0x00000000a3500000|  0%| F|  |TAMS 0x00000000a3400000, 0x00000000a3400000| Untracked 
|  53|0x00000000a3500000, 0x00000000a3500000, 0x00000000a3600000|  0%| F|  |TAMS 0x00000000a3500000, 0x00000000a3500000| Untracked 
|  54|0x00000000a3600000, 0x00000000a3600000, 0x00000000a3700000|  0%| F|  |TAMS 0x00000000a3600000, 0x00000000a3600000| Untracked 
|  55|0x00000000a3700000, 0x00000000a3700000, 0x00000000a3800000|  0%| F|  |TAMS 0x00000000a3700000, 0x00000000a3700000| Untracked 
|  56|0x00000000a3800000, 0x00000000a3800000, 0x00000000a3900000|  0%| F|  |TAMS 0x00000000a3800000, 0x00000000a3800000| Untracked 
|  57|0x00000000a3900000, 0x00000000a3900000, 0x00000000a3a00000|  0%| F|  |TAMS 0x00000000a3900000, 0x00000000a3900000| Untracked 
|  58|0x00000000a3a00000, 0x00000000a3a00000, 0x00000000a3b00000|  0%| F|  |TAMS 0x00000000a3a00000, 0x00000000a3a00000| Untracked 
|  59|0x00000000a3b00000, 0x00000000a3b00000, 0x00000000a3c00000|  0%| F|  |TAMS 0x00000000a3b00000, 0x00000000a3b00000| Untracked 
|  60|0x00000000a3c00000, 0x00000000a3c00000, 0x00000000a3d00000|  0%| F|  |TAMS 0x00000000a3c00000, 0x00000000a3c00000| Untracked 
|  61|0x00000000a3d00000, 0x00000000a3d00000, 0x00000000a3e00000|  0%| F|  |TAMS 0x00000000a3d00000, 0x00000000a3d00000| Untracked 
|  62|0x00000000a3e00000, 0x00000000a3e00000, 0x00000000a3f00000|  0%| F|  |TAMS 0x00000000a3e00000, 0x00000000a3e00000| Untracked 
|  63|0x00000000a3f00000, 0x00000000a3f00000, 0x00000000a4000000|  0%| F|  |TAMS 0x00000000a3f00000, 0x00000000a3f00000| Untracked 
|  64|0x00000000a4000000, 0x00000000a4000000, 0x00000000a4100000|  0%| F|  |TAMS 0x00000000a4000000, 0x00000000a4000000| Untracked 
|  65|0x00000000a4100000, 0x00000000a4100000, 0x00000000a4200000|  0%| F|  |TAMS 0x00000000a4100000, 0x00000000a4100000| Untracked 
|  66|0x00000000a4200000, 0x00000000a4200000, 0x00000000a4300000|  0%| F|  |TAMS 0x00000000a4200000, 0x00000000a4200000| Untracked 
|  67|0x00000000a4300000, 0x00000000a4300000, 0x00000000a4400000|  0%| F|  |TAMS 0x00000000a4300000, 0x00000000a4300000| Untracked 
|  68|0x00000000a4400000, 0x00000000a4400000, 0x00000000a4500000|  0%| F|  |TAMS 0x00000000a4400000, 0x00000000a4400000| Untracked 
|  69|0x00000000a4500000, 0x00000000a4500000, 0x00000000a4600000|  0%| F|  |TAMS 0x00000000a4500000, 0x00000000a4500000| Untracked 
|  70|0x00000000a4600000, 0x00000000a4600000, 0x00000000a4700000|  0%| F|  |TAMS 0x00000000a4600000, 0x00000000a4600000| Untracked 
|  71|0x00000000a4700000, 0x00000000a4700000, 0x00000000a4800000|  0%| F|  |TAMS 0x00000000a4700000, 0x00000000a4700000| Untracked 
|  72|0x00000000a4800000, 0x00000000a4800000, 0x00000000a4900000|  0%| F|  |TAMS 0x00000000a4800000, 0x00000000a4800000| Untracked 
|  73|0x00000000a4900000, 0x00000000a4900000, 0x00000000a4a00000|  0%| F|  |TAMS 0x00000000a4900000, 0x00000000a4900000| Untracked 
|  74|0x00000000a4a00000, 0x00000000a4a00000, 0x00000000a4b00000|  0%| F|  |TAMS 0x00000000a4a00000, 0x00000000a4a00000| Untracked 
|  75|0x00000000a4b00000, 0x00000000a4b00000, 0x00000000a4c00000|  0%| F|  |TAMS 0x00000000a4b00000, 0x00000000a4b00000| Untracked 
|  76|0x00000000a4c00000, 0x00000000a4c00000, 0x00000000a4d00000|  0%| F|  |TAMS 0x00000000a4c00000, 0x00000000a4c00000| Untracked 
|  77|0x00000000a4d00000, 0x00000000a4d00000, 0x00000000a4e00000|  0%| F|  |TAMS 0x00000000a4d00000, 0x00000000a4d00000| Untracked 
|  78|0x00000000a4e00000, 0x00000000a4e00000, 0x00000000a4f00000|  0%| F|  |TAMS 0x00000000a4e00000, 0x00000000a4e00000| Untracked 
|  79|0x00000000a4f00000, 0x00000000a4f00000, 0x00000000a5000000|  0%| F|  |TAMS 0x00000000a4f00000, 0x00000000a4f00000| Untracked 
|  80|0x00000000a5000000, 0x00000000a5000000, 0x00000000a5100000|  0%| F|  |TAMS 0x00000000a5000000, 0x00000000a5000000| Untracked 
|  81|0x00000000a5100000, 0x00000000a5100000, 0x00000000a5200000|  0%| F|  |TAMS 0x00000000a5100000, 0x00000000a5100000| Untracked 
|  82|0x00000000a5200000, 0x00000000a5200000, 0x00000000a5300000|  0%| F|  |TAMS 0x00000000a5200000, 0x00000000a5200000| Untracked 
|  83|0x00000000a5300000, 0x00000000a5300000, 0x00000000a5400000|  0%| F|  |TAMS 0x00000000a5300000, 0x00000000a5300000| Untracked 
|  84|0x00000000a5400000, 0x00000000a5400000, 0x00000000a5500000|  0%| F|  |TAMS 0x00000000a5400000, 0x00000000a5400000| Untracked 
|  85|0x00000000a5500000, 0x00000000a5500000, 0x00000000a5600000|  0%| F|  |TAMS 0x00000000a5500000, 0x00000000a5500000| Untracked 
|  86|0x00000000a5600000, 0x00000000a5600000, 0x00000000a5700000|  0%| F|  |TAMS 0x00000000a5600000, 0x00000000a5600000| Untracked 
|  87|0x00000000a5700000, 0x00000000a5700000, 0x00000000a5800000|  0%| F|  |TAMS 0x00000000a5700000, 0x00000000a5700000| Untracked 
|  88|0x00000000a5800000, 0x00000000a5800000, 0x00000000a5900000|  0%| F|  |TAMS 0x00000000a5800000, 0x00000000a5800000| Untracked 
|  89|0x00000000a5900000, 0x00000000a5900000, 0x00000000a5a00000|  0%| F|  |TAMS 0x00000000a5900000, 0x00000000a5900000| Untracked 
|  90|0x00000000a5a00000, 0x00000000a5a00000, 0x00000000a5b00000|  0%| F|  |TAMS 0x00000000a5a00000, 0x00000000a5a00000| Untracked 
|  91|0x00000000a5b00000, 0x00000000a5b00000, 0x00000000a5c00000|  0%| F|  |TAMS 0x00000000a5b00000, 0x00000000a5b00000| Untracked 
|  92|0x00000000a5c00000, 0x00000000a5c00000, 0x00000000a5d00000|  0%| F|  |TAMS 0x00000000a5c00000, 0x00000000a5c00000| Untracked 
|  93|0x00000000a5d00000, 0x00000000a5d00000, 0x00000000a5e00000|  0%| F|  |TAMS 0x00000000a5d00000, 0x00000000a5d00000| Untracked 
|  94|0x00000000a5e00000, 0x00000000a5e00000, 0x00000000a5f00000|  0%| F|  |TAMS 0x00000000a5e00000, 0x00000000a5e00000| Untracked 
|  95|0x00000000a5f00000, 0x00000000a5f00000, 0x00000000a6000000|  0%| F|  |TAMS 0x00000000a5f00000, 0x00000000a5f00000| Untracked 
|  96|0x00000000a6000000, 0x00000000a6000000, 0x00000000a6100000|  0%| F|  |TAMS 0x00000000a6000000, 0x00000000a6000000| Untracked 
|  97|0x00000000a6100000, 0x00000000a6100000, 0x00000000a6200000|  0%| F|  |TAMS 0x00000000a6100000, 0x00000000a6100000| Untracked 
|  98|0x00000000a6200000, 0x00000000a6200000, 0x00000000a6300000|  0%| F|  |TAMS 0x00000000a6200000, 0x00000000a6200000| Untracked 
|  99|0x00000000a6300000, 0x00000000a6300000, 0x00000000a6400000|  0%| F|  |TAMS 0x00000000a6300000, 0x00000000a6300000| Untracked 
| 100|0x00000000a6400000, 0x00000000a6400000, 0x00000000a6500000|  0%| F|  |TAMS 0x00000000a6400000, 0x00000000a6400000| Untracked 
| 101|0x00000000a6500000, 0x00000000a6500000, 0x00000000a6600000|  0%| F|  |TAMS 0x00000000a6500000, 0x00000000a6500000| Untracked 
| 102|0x00000000a6600000, 0x00000000a6600000, 0x00000000a6700000|  0%| F|  |TAMS 0x00000000a6600000, 0x00000000a6600000| Untracked 
| 103|0x00000000a6700000, 0x00000000a6700000, 0x00000000a6800000|  0%| F|  |TAMS 0x00000000a6700000, 0x00000000a6700000| Untracked 
| 104|0x00000000a6800000, 0x00000000a6800000, 0x00000000a6900000|  0%| F|  |TAMS 0x00000000a6800000, 0x00000000a6800000| Untracked 
| 105|0x00000000a6900000, 0x00000000a6900000, 0x00000000a6a00000|  0%| F|  |TAMS 0x00000000a6900000, 0x00000000a6900000| Untracked 
| 106|0x00000000a6a00000, 0x00000000a6a00000, 0x00000000a6b00000|  0%| F|  |TAMS 0x00000000a6a00000, 0x00000000a6a00000| Untracked 
| 107|0x00000000a6b00000, 0x00000000a6b00000, 0x00000000a6c00000|  0%| F|  |TAMS 0x00000000a6b00000, 0x00000000a6b00000| Untracked 
| 108|0x00000000a6c00000, 0x00000000a6c00000, 0x00000000a6d00000|  0%| F|  |TAMS 0x00000000a6c00000, 0x00000000a6c00000| Untracked 
| 109|0x00000000a6d00000, 0x00000000a6d00000, 0x00000000a6e00000|  0%| F|  |TAMS 0x00000000a6d00000, 0x00000000a6d00000| Untracked 
| 110|0x00000000a6e00000, 0x00000000a6e00000, 0x00000000a6f00000|  0%| F|  |TAMS 0x00000000a6e00000, 0x00000000a6e00000| Untracked 
| 111|0x00000000a6f00000, 0x00000000a6f00000, 0x00000000a7000000|  0%| F|  |TAMS 0x00000000a6f00000, 0x00000000a6f00000| Untracked 
| 112|0x00000000a7000000, 0x00000000a7000000, 0x00000000a7100000|  0%| F|  |TAMS 0x00000000a7000000, 0x00000000a7000000| Untracked 
| 113|0x00000000a7100000, 0x00000000a7100000, 0x00000000a7200000|  0%| F|  |TAMS 0x00000000a7100000, 0x00000000a7100000| Untracked 
| 114|0x00000000a7200000, 0x00000000a7200000, 0x00000000a7300000|  0%| F|  |TAMS 0x00000000a7200000, 0x00000000a7200000| Untracked 
| 115|0x00000000a7300000, 0x00000000a7300000, 0x00000000a7400000|  0%| F|  |TAMS 0x00000000a7300000, 0x00000000a7300000| Untracked 
| 116|0x00000000a7400000, 0x00000000a7400000, 0x00000000a7500000|  0%| F|  |TAMS 0x00000000a7400000, 0x00000000a7400000| Untracked 
| 117|0x00000000a7500000, 0x00000000a7500000, 0x00000000a7600000|  0%| F|  |TAMS 0x00000000a7500000, 0x00000000a7500000| Untracked 
| 118|0x00000000a7600000, 0x00000000a7600000, 0x00000000a7700000|  0%| F|  |TAMS 0x00000000a7600000, 0x00000000a7600000| Untracked 
| 119|0x00000000a7700000, 0x00000000a7700000, 0x00000000a7800000|  0%| F|  |TAMS 0x00000000a7700000, 0x00000000a7700000| Untracked 
| 120|0x00000000a7800000, 0x00000000a7800000, 0x00000000a7900000|  0%| F|  |TAMS 0x00000000a7800000, 0x00000000a7800000| Untracked 
| 121|0x00000000a7900000, 0x00000000a7900000, 0x00000000a7a00000|  0%| F|  |TAMS 0x00000000a7900000, 0x00000000a7900000| Untracked 
| 122|0x00000000a7a00000, 0x00000000a7a00000, 0x00000000a7b00000|  0%| F|  |TAMS 0x00000000a7a00000, 0x00000000a7a00000| Untracked 
| 123|0x00000000a7b00000, 0x00000000a7b00000, 0x00000000a7c00000|  0%| F|  |TAMS 0x00000000a7b00000, 0x00000000a7b00000| Untracked 
| 124|0x00000000a7c00000, 0x00000000a7c00000, 0x00000000a7d00000|  0%| F|  |TAMS 0x00000000a7c00000, 0x00000000a7c00000| Untracked 
| 125|0x00000000a7d00000, 0x00000000a7d00000, 0x00000000a7e00000|  0%| F|  |TAMS 0x00000000a7d00000, 0x00000000a7d00000| Untracked 
| 126|0x00000000a7e00000, 0x00000000a7e00000, 0x00000000a7f00000|  0%| F|  |TAMS 0x00000000a7e00000, 0x00000000a7e00000| Untracked 
| 127|0x00000000a7f00000, 0x00000000a7f00000, 0x00000000a8000000|  0%| F|  |TAMS 0x00000000a7f00000, 0x00000000a7f00000| Untracked 
| 128|0x00000000a8000000, 0x00000000a8000000, 0x00000000a8100000|  0%| F|  |TAMS 0x00000000a8000000, 0x00000000a8000000| Untracked 
| 129|0x00000000a8100000, 0x00000000a8100000, 0x00000000a8200000|  0%| F|  |TAMS 0x00000000a8100000, 0x00000000a8100000| Untracked 
| 130|0x00000000a8200000, 0x00000000a8200000, 0x00000000a8300000|  0%| F|  |TAMS 0x00000000a8200000, 0x00000000a8200000| Untracked 
| 131|0x00000000a8300000, 0x00000000a8300000, 0x00000000a8400000|  0%| F|  |TAMS 0x00000000a8300000, 0x00000000a8300000| Untracked 
| 132|0x00000000a8400000, 0x00000000a8400000, 0x00000000a8500000|  0%| F|  |TAMS 0x00000000a8400000, 0x00000000a8400000| Untracked 
| 133|0x00000000a8500000, 0x00000000a8500000, 0x00000000a8600000|  0%| F|  |TAMS 0x00000000a8500000, 0x00000000a8500000| Untracked 
| 134|0x00000000a8600000, 0x00000000a8600000, 0x00000000a8700000|  0%| F|  |TAMS 0x00000000a8600000, 0x00000000a8600000| Untracked 
| 135|0x00000000a8700000, 0x00000000a8700000, 0x00000000a8800000|  0%| F|  |TAMS 0x00000000a8700000, 0x00000000a8700000| Untracked 
| 136|0x00000000a8800000, 0x00000000a8800000, 0x00000000a8900000|  0%| F|  |TAMS 0x00000000a8800000, 0x00000000a8800000| Untracked 
| 137|0x00000000a8900000, 0x00000000a8900000, 0x00000000a8a00000|  0%| F|  |TAMS 0x00000000a8900000, 0x00000000a8900000| Untracked 
| 138|0x00000000a8a00000, 0x00000000a8a00000, 0x00000000a8b00000|  0%| F|  |TAMS 0x00000000a8a00000, 0x00000000a8a00000| Untracked 
| 139|0x00000000a8b00000, 0x00000000a8b49b30, 0x00000000a8c00000| 28%| S|CS|TAMS 0x00000000a8b00000, 0x00000000a8b00000| Complete 
| 140|0x00000000a8c00000, 0x00000000a8d00000, 0x00000000a8d00000|100%| S|CS|TAMS 0x00000000a8c00000, 0x00000000a8c00000| Complete 
| 141|0x00000000a8d00000, 0x00000000a8e00000, 0x00000000a8e00000|100%| S|CS|TAMS 0x00000000a8d00000, 0x00000000a8d00000| Complete 
| 142|0x00000000a8e00000, 0x00000000a8f00000, 0x00000000a8f00000|100%| S|CS|TAMS 0x00000000a8e00000, 0x00000000a8e00000| Complete 
| 143|0x00000000a8f00000, 0x00000000a9000000, 0x00000000a9000000|100%| S|CS|TAMS 0x00000000a8f00000, 0x00000000a8f00000| Complete 
| 144|0x00000000a9000000, 0x00000000a9100000, 0x00000000a9100000|100%| S|CS|TAMS 0x00000000a9000000, 0x00000000a9000000| Complete 
| 145|0x00000000a9100000, 0x00000000a9100000, 0x00000000a9200000|  0%| F|  |TAMS 0x00000000a9100000, 0x00000000a9100000| Untracked 
| 146|0x00000000a9200000, 0x00000000a9200000, 0x00000000a9300000|  0%| F|  |TAMS 0x00000000a9200000, 0x00000000a9200000| Untracked 
| 147|0x00000000a9300000, 0x00000000a9300000, 0x00000000a9400000|  0%| F|  |TAMS 0x00000000a9300000, 0x00000000a9300000| Untracked 
| 148|0x00000000a9400000, 0x00000000a9400000, 0x00000000a9500000|  0%| F|  |TAMS 0x00000000a9400000, 0x00000000a9400000| Untracked 
| 149|0x00000000a9500000, 0x00000000a9500000, 0x00000000a9600000|  0%| F|  |TAMS 0x00000000a9500000, 0x00000000a9500000| Untracked 
| 150|0x00000000a9600000, 0x00000000a9600000, 0x00000000a9700000|  0%| F|  |TAMS 0x00000000a9600000, 0x00000000a9600000| Untracked 
| 151|0x00000000a9700000, 0x00000000a9700000, 0x00000000a9800000|  0%| F|  |TAMS 0x00000000a9700000, 0x00000000a9700000| Untracked 
| 152|0x00000000a9800000, 0x00000000a9800000, 0x00000000a9900000|  0%| F|  |TAMS 0x00000000a9800000, 0x00000000a9800000| Untracked 
| 153|0x00000000a9900000, 0x00000000a9900000, 0x00000000a9a00000|  0%| F|  |TAMS 0x00000000a9900000, 0x00000000a9900000| Untracked 
| 154|0x00000000a9a00000, 0x00000000a9a00000, 0x00000000a9b00000|  0%| F|  |TAMS 0x00000000a9a00000, 0x00000000a9a00000| Untracked 
| 155|0x00000000a9b00000, 0x00000000a9b00000, 0x00000000a9c00000|  0%| F|  |TAMS 0x00000000a9b00000, 0x00000000a9b00000| Untracked 
| 156|0x00000000a9c00000, 0x00000000a9c00000, 0x00000000a9d00000|  0%| F|  |TAMS 0x00000000a9c00000, 0x00000000a9c00000| Untracked 
| 157|0x00000000a9d00000, 0x00000000a9d00000, 0x00000000a9e00000|  0%| F|  |TAMS 0x00000000a9d00000, 0x00000000a9d00000| Untracked 
| 158|0x00000000a9e00000, 0x00000000a9e00000, 0x00000000a9f00000|  0%| F|  |TAMS 0x00000000a9e00000, 0x00000000a9e00000| Untracked 
| 159|0x00000000a9f00000, 0x00000000a9f00000, 0x00000000aa000000|  0%| F|  |TAMS 0x00000000a9f00000, 0x00000000a9f00000| Untracked 
| 160|0x00000000aa000000, 0x00000000aa000000, 0x00000000aa100000|  0%| F|  |TAMS 0x00000000aa000000, 0x00000000aa000000| Untracked 
| 161|0x00000000aa100000, 0x00000000aa100000, 0x00000000aa200000|  0%| F|  |TAMS 0x00000000aa100000, 0x00000000aa100000| Untracked 
| 162|0x00000000aa200000, 0x00000000aa200000, 0x00000000aa300000|  0%| F|  |TAMS 0x00000000aa200000, 0x00000000aa200000| Untracked 
| 163|0x00000000aa300000, 0x00000000aa300000, 0x00000000aa400000|  0%| F|  |TAMS 0x00000000aa300000, 0x00000000aa300000| Untracked 
| 164|0x00000000aa400000, 0x00000000aa400000, 0x00000000aa500000|  0%| F|  |TAMS 0x00000000aa400000, 0x00000000aa400000| Untracked 
| 165|0x00000000aa500000, 0x00000000aa500000, 0x00000000aa600000|  0%| F|  |TAMS 0x00000000aa500000, 0x00000000aa500000| Untracked 
| 166|0x00000000aa600000, 0x00000000aa600000, 0x00000000aa700000|  0%| F|  |TAMS 0x00000000aa600000, 0x00000000aa600000| Untracked 
| 167|0x00000000aa700000, 0x00000000aa700000, 0x00000000aa800000|  0%| F|  |TAMS 0x00000000aa700000, 0x00000000aa700000| Untracked 
| 168|0x00000000aa800000, 0x00000000aa800000, 0x00000000aa900000|  0%| F|  |TAMS 0x00000000aa800000, 0x00000000aa800000| Untracked 
| 169|0x00000000aa900000, 0x00000000aa900000, 0x00000000aaa00000|  0%| F|  |TAMS 0x00000000aa900000, 0x00000000aa900000| Untracked 
| 170|0x00000000aaa00000, 0x00000000aaa00000, 0x00000000aab00000|  0%| F|  |TAMS 0x00000000aaa00000, 0x00000000aaa00000| Untracked 
| 171|0x00000000aab00000, 0x00000000aab00000, 0x00000000aac00000|  0%| F|  |TAMS 0x00000000aab00000, 0x00000000aab00000| Untracked 
| 172|0x00000000aac00000, 0x00000000aac00000, 0x00000000aad00000|  0%| F|  |TAMS 0x00000000aac00000, 0x00000000aac00000| Untracked 
| 173|0x00000000aad00000, 0x00000000aad00000, 0x00000000aae00000|  0%| F|  |TAMS 0x00000000aad00000, 0x00000000aad00000| Untracked 
| 174|0x00000000aae00000, 0x00000000aae00000, 0x00000000aaf00000|  0%| F|  |TAMS 0x00000000aae00000, 0x00000000aae00000| Untracked 
| 175|0x00000000aaf00000, 0x00000000aaf00000, 0x00000000ab000000|  0%| F|  |TAMS 0x00000000aaf00000, 0x00000000aaf00000| Untracked 
| 176|0x00000000ab000000, 0x00000000ab000000, 0x00000000ab100000|  0%| F|  |TAMS 0x00000000ab000000, 0x00000000ab000000| Untracked 
| 177|0x00000000ab100000, 0x00000000ab100000, 0x00000000ab200000|  0%| F|  |TAMS 0x00000000ab100000, 0x00000000ab100000| Untracked 
| 178|0x00000000ab200000, 0x00000000ab200000, 0x00000000ab300000|  0%| F|  |TAMS 0x00000000ab200000, 0x00000000ab200000| Untracked 
| 179|0x00000000ab300000, 0x00000000ab300000, 0x00000000ab400000|  0%| F|  |TAMS 0x00000000ab300000, 0x00000000ab300000| Untracked 
| 180|0x00000000ab400000, 0x00000000ab400000, 0x00000000ab500000|  0%| F|  |TAMS 0x00000000ab400000, 0x00000000ab400000| Untracked 
| 181|0x00000000ab500000, 0x00000000ab500000, 0x00000000ab600000|  0%| F|  |TAMS 0x00000000ab500000, 0x00000000ab500000| Untracked 
| 182|0x00000000ab600000, 0x00000000ab600000, 0x00000000ab700000|  0%| F|  |TAMS 0x00000000ab600000, 0x00000000ab600000| Untracked 
| 183|0x00000000ab700000, 0x00000000ab700000, 0x00000000ab800000|  0%| F|  |TAMS 0x00000000ab700000, 0x00000000ab700000| Untracked 
| 184|0x00000000ab800000, 0x00000000ab800000, 0x00000000ab900000|  0%| F|  |TAMS 0x00000000ab800000, 0x00000000ab800000| Untracked 
| 185|0x00000000ab900000, 0x00000000ab900000, 0x00000000aba00000|  0%| F|  |TAMS 0x00000000ab900000, 0x00000000ab900000| Untracked 
| 186|0x00000000aba00000, 0x00000000aba00000, 0x00000000abb00000|  0%| F|  |TAMS 0x00000000aba00000, 0x00000000aba00000| Untracked 
| 187|0x00000000abb00000, 0x00000000abb00000, 0x00000000abc00000|  0%| F|  |TAMS 0x00000000abb00000, 0x00000000abb00000| Untracked 
| 188|0x00000000abc00000, 0x00000000abc00000, 0x00000000abd00000|  0%| F|  |TAMS 0x00000000abc00000, 0x00000000abc00000| Untracked 
| 189|0x00000000abd00000, 0x00000000abd00000, 0x00000000abe00000|  0%| F|  |TAMS 0x00000000abd00000, 0x00000000abd00000| Untracked 
| 190|0x00000000abe00000, 0x00000000abe00000, 0x00000000abf00000|  0%| F|  |TAMS 0x00000000abe00000, 0x00000000abe00000| Untracked 
| 191|0x00000000abf00000, 0x00000000abf00000, 0x00000000ac000000|  0%| F|  |TAMS 0x00000000abf00000, 0x00000000abf00000| Untracked 
| 192|0x00000000ac000000, 0x00000000ac000000, 0x00000000ac100000|  0%| F|  |TAMS 0x00000000ac000000, 0x00000000ac000000| Untracked 
| 193|0x00000000ac100000, 0x00000000ac100000, 0x00000000ac200000|  0%| F|  |TAMS 0x00000000ac100000, 0x00000000ac100000| Untracked 
| 194|0x00000000ac200000, 0x00000000ac200000, 0x00000000ac300000|  0%| F|  |TAMS 0x00000000ac200000, 0x00000000ac200000| Untracked 
| 195|0x00000000ac300000, 0x00000000ac300000, 0x00000000ac400000|  0%| F|  |TAMS 0x00000000ac300000, 0x00000000ac300000| Untracked 
| 196|0x00000000ac400000, 0x00000000ac400000, 0x00000000ac500000|  0%| F|  |TAMS 0x00000000ac400000, 0x00000000ac400000| Untracked 
| 197|0x00000000ac500000, 0x00000000ac500000, 0x00000000ac600000|  0%| F|  |TAMS 0x00000000ac500000, 0x00000000ac500000| Untracked 
| 198|0x00000000ac600000, 0x00000000ac600000, 0x00000000ac700000|  0%| F|  |TAMS 0x00000000ac600000, 0x00000000ac600000| Untracked 
| 199|0x00000000ac700000, 0x00000000ac700000, 0x00000000ac800000|  0%| F|  |TAMS 0x00000000ac700000, 0x00000000ac700000| Untracked 
| 200|0x00000000ac800000, 0x00000000ac800000, 0x00000000ac900000|  0%| F|  |TAMS 0x00000000ac800000, 0x00000000ac800000| Untracked 
| 201|0x00000000ac900000, 0x00000000ac900000, 0x00000000aca00000|  0%| F|  |TAMS 0x00000000ac900000, 0x00000000ac900000| Untracked 
| 202|0x00000000aca00000, 0x00000000aca00000, 0x00000000acb00000|  0%| F|  |TAMS 0x00000000aca00000, 0x00000000aca00000| Untracked 
| 203|0x00000000acb00000, 0x00000000acb80800, 0x00000000acc00000| 50%| E|  |TAMS 0x00000000acb00000, 0x00000000acb00000| Complete 
| 204|0x00000000acc00000, 0x00000000acd00000, 0x00000000acd00000|100%| E|CS|TAMS 0x00000000acc00000, 0x00000000acc00000| Complete 
| 205|0x00000000acd00000, 0x00000000ace00000, 0x00000000ace00000|100%| E|CS|TAMS 0x00000000acd00000, 0x00000000acd00000| Complete 
| 206|0x00000000ace00000, 0x00000000acf00000, 0x00000000acf00000|100%| E|CS|TAMS 0x00000000ace00000, 0x00000000ace00000| Complete 
| 207|0x00000000acf00000, 0x00000000ad000000, 0x00000000ad000000|100%| E|CS|TAMS 0x00000000acf00000, 0x00000000acf00000| Complete 
| 208|0x00000000ad000000, 0x00000000ad100000, 0x00000000ad100000|100%| E|CS|TAMS 0x00000000ad000000, 0x00000000ad000000| Complete 
| 209|0x00000000ad100000, 0x00000000ad200000, 0x00000000ad200000|100%| E|CS|TAMS 0x00000000ad100000, 0x00000000ad100000| Complete 
| 210|0x00000000ad200000, 0x00000000ad300000, 0x00000000ad300000|100%| E|CS|TAMS 0x00000000ad200000, 0x00000000ad200000| Complete 
| 211|0x00000000ad300000, 0x00000000ad400000, 0x00000000ad400000|100%| E|CS|TAMS 0x00000000ad300000, 0x00000000ad300000| Complete 
| 212|0x00000000ad400000, 0x00000000ad500000, 0x00000000ad500000|100%| E|CS|TAMS 0x00000000ad400000, 0x00000000ad400000| Complete 
| 213|0x00000000ad500000, 0x00000000ad600000, 0x00000000ad600000|100%| E|CS|TAMS 0x00000000ad500000, 0x00000000ad500000| Complete 
| 214|0x00000000ad600000, 0x00000000ad700000, 0x00000000ad700000|100%| E|CS|TAMS 0x00000000ad600000, 0x00000000ad600000| Complete 
| 215|0x00000000ad700000, 0x00000000ad800000, 0x00000000ad800000|100%| E|CS|TAMS 0x00000000ad700000, 0x00000000ad700000| Complete 
| 216|0x00000000ad800000, 0x00000000ad900000, 0x00000000ad900000|100%| E|CS|TAMS 0x00000000ad800000, 0x00000000ad800000| Complete 
| 217|0x00000000ad900000, 0x00000000ada00000, 0x00000000ada00000|100%| E|CS|TAMS 0x00000000ad900000, 0x00000000ad900000| Complete 
| 218|0x00000000ada00000, 0x00000000adb00000, 0x00000000adb00000|100%| E|CS|TAMS 0x00000000ada00000, 0x00000000ada00000| Complete 
| 219|0x00000000adb00000, 0x00000000adc00000, 0x00000000adc00000|100%| E|CS|TAMS 0x00000000adb00000, 0x00000000adb00000| Complete 
| 220|0x00000000adc00000, 0x00000000add00000, 0x00000000add00000|100%| E|CS|TAMS 0x00000000adc00000, 0x00000000adc00000| Complete 
| 221|0x00000000add00000, 0x00000000ade00000, 0x00000000ade00000|100%| E|CS|TAMS 0x00000000add00000, 0x00000000add00000| Complete 
| 222|0x00000000ade00000, 0x00000000adf00000, 0x00000000adf00000|100%| E|CS|TAMS 0x00000000ade00000, 0x00000000ade00000| Complete 
| 223|0x00000000adf00000, 0x00000000ae000000, 0x00000000ae000000|100%| E|CS|TAMS 0x00000000adf00000, 0x00000000adf00000| Complete 
| 224|0x00000000ae000000, 0x00000000ae100000, 0x00000000ae100000|100%| E|CS|TAMS 0x00000000ae000000, 0x00000000ae000000| Complete 
| 225|0x00000000ae100000, 0x00000000ae200000, 0x00000000ae200000|100%| E|CS|TAMS 0x00000000ae100000, 0x00000000ae100000| Complete 
| 226|0x00000000ae200000, 0x00000000ae300000, 0x00000000ae300000|100%| E|CS|TAMS 0x00000000ae200000, 0x00000000ae200000| Complete 
| 227|0x00000000ae300000, 0x00000000ae400000, 0x00000000ae400000|100%| E|CS|TAMS 0x00000000ae300000, 0x00000000ae300000| Complete 
| 228|0x00000000ae400000, 0x00000000ae500000, 0x00000000ae500000|100%| E|CS|TAMS 0x00000000ae400000, 0x00000000ae400000| Complete 
| 229|0x00000000ae500000, 0x00000000ae600000, 0x00000000ae600000|100%| E|CS|TAMS 0x00000000ae500000, 0x00000000ae500000| Complete 
| 230|0x00000000ae600000, 0x00000000ae700000, 0x00000000ae700000|100%| E|CS|TAMS 0x00000000ae600000, 0x00000000ae600000| Complete 
| 231|0x00000000ae700000, 0x00000000ae800000, 0x00000000ae800000|100%| E|CS|TAMS 0x00000000ae700000, 0x00000000ae700000| Complete 
| 232|0x00000000ae800000, 0x00000000ae900000, 0x00000000ae900000|100%| E|CS|TAMS 0x00000000ae800000, 0x00000000ae800000| Complete 
| 233|0x00000000ae900000, 0x00000000aea00000, 0x00000000aea00000|100%| E|CS|TAMS 0x00000000ae900000, 0x00000000ae900000| Complete 
| 234|0x00000000aea00000, 0x00000000aeb00000, 0x00000000aeb00000|100%| E|CS|TAMS 0x00000000aea00000, 0x00000000aea00000| Complete 
| 235|0x00000000aeb00000, 0x00000000aec00000, 0x00000000aec00000|100%| E|CS|TAMS 0x00000000aeb00000, 0x00000000aeb00000| Complete 
| 236|0x00000000aec00000, 0x00000000aed00000, 0x00000000aed00000|100%| E|CS|TAMS 0x00000000aec00000, 0x00000000aec00000| Complete 
| 237|0x00000000aed00000, 0x00000000aee00000, 0x00000000aee00000|100%| E|CS|TAMS 0x00000000aed00000, 0x00000000aed00000| Complete 
| 238|0x00000000aee00000, 0x00000000aef00000, 0x00000000aef00000|100%| E|CS|TAMS 0x00000000aee00000, 0x00000000aee00000| Complete 
| 239|0x00000000aef00000, 0x00000000af000000, 0x00000000af000000|100%| E|CS|TAMS 0x00000000aef00000, 0x00000000aef00000| Complete 
| 240|0x00000000af000000, 0x00000000af100000, 0x00000000af100000|100%| E|CS|TAMS 0x00000000af000000, 0x00000000af000000| Complete 
| 241|0x00000000af100000, 0x00000000af200000, 0x00000000af200000|100%| E|CS|TAMS 0x00000000af100000, 0x00000000af100000| Complete 
| 242|0x00000000af200000, 0x00000000af300000, 0x00000000af300000|100%| E|CS|TAMS 0x00000000af200000, 0x00000000af200000| Complete 
| 243|0x00000000af300000, 0x00000000af400000, 0x00000000af400000|100%| E|CS|TAMS 0x00000000af300000, 0x00000000af300000| Complete 
| 244|0x00000000af400000, 0x00000000af500000, 0x00000000af500000|100%| E|CS|TAMS 0x00000000af400000, 0x00000000af400000| Complete 
| 245|0x00000000af500000, 0x00000000af600000, 0x00000000af600000|100%| E|CS|TAMS 0x00000000af500000, 0x00000000af500000| Complete 

Card table byte_map: [0x00000230faca0000,0x00000230fafa0000] _byte_map_base: 0x00000230fa7a0000

Marking Bits (Prev, Next): (CMBitMap*) 0x00000230f67baa58, (CMBitMap*) 0x00000230f67baa90
 Prev Bits: [0x00000230fb2a0000, 0x00000230fcaa0000)
 Next Bits: [0x00000230fcaa0000, 0x00000230fe2a0000)

Polling page: 0x00000230f5ec0000

Metaspace:

Usage:
  Non-class:     33.61 MB capacity,    33.02 MB ( 98%) used,   519.03 KB (  2%) free+waste,    88.00 KB ( <1%) overhead. 
      Class:      5.08 MB capacity,     4.76 MB ( 94%) used,   286.56 KB (  6%) free+waste,    42.06 KB ( <1%) overhead. 
       Both:     38.69 MB capacity,    37.78 MB ( 98%) used,   805.59 KB (  2%) free+waste,   130.06 KB ( <1%) overhead. 

Virtual space:
  Non-class space:       34.00 MB reserved,      33.83 MB (>99%) committed 
      Class space:        1.00 GB reserved,       5.13 MB ( <1%) committed 
             Both:        1.03 GB reserved,      38.95 MB (  4%) committed 

Chunk freelists:
   Non-Class:  31.00 KB
       Class:  12.00 KB
        Both:  43.00 KB

MaxMetaspaceSize: 17179869184.00 GB
CompressedClassSpaceSize: 1.00 GB
Initial GC threshold: 20.80 MB
Current GC threshold: 58.88 MB
CDS: off

CodeHeap 'non-profiled nmethods': size=120000Kb used=1752Kb max_used=1752Kb free=118247Kb
 bounds [0x0000023087ad0000, 0x0000023087d40000, 0x000002308f000000]
CodeHeap 'profiled nmethods': size=120000Kb used=7043Kb max_used=7043Kb free=112957Kb
 bounds [0x00000230805a0000, 0x0000023080c90000, 0x0000023087ad0000]
CodeHeap 'non-nmethods': size=5760Kb used=2272Kb max_used=2299Kb free=3487Kb
 bounds [0x0000023080000000, 0x0000023080270000, 0x00000230805a0000]
 total_blobs=4122 nmethods=3359 adapters=675
 compilation: enabled
              stopped_count=0, restarted_count=0
 full_count=0

Compilation events (20 events):
Event: 12.838 Thread 0x00000230fefb8000 nmethod 3317 0x0000023080c55190 code [0x0000023080c553a0, 0x0000023080c55778]
Event: 12.838 Thread 0x00000230fefb8000 3324       1       groovy.lang.MetaBeanProperty::setGetter (6 bytes)
Event: 12.838 Thread 0x00000230fefb8000 nmethod 3324 0x0000023087c7bc90 code [0x0000023087c7be40, 0x0000023087c7bf38]
Event: 12.838 Thread 0x00000230fefb8000 3322       1       groovy.lang.MetaBeanProperty::getGetter (5 bytes)
Event: 12.838 Thread 0x00000230fefb8000 nmethod 3322 0x0000023087c7bf90 code [0x0000023087c7c140, 0x0000023087c7c1f8]
Event: 12.843 Thread 0x00000230fefb8000 3327  s!   3       java.beans.PropertyDescriptor::getPropertyType (33 bytes)
Event: 12.843 Thread 0x00000230fefb8000 nmethod 3327 0x0000023080c55910 code [0x0000023080c55b60, 0x0000023080c565c8]
Event: 12.844 Thread 0x00000230fefb8000 3328       3       org.codehaus.groovy.util.ComplexKeyHashMap$1::hasNext (13 bytes)
Event: 12.844 Thread 0x00000230fefb8000 nmethod 3328 0x0000023080c56910 code [0x0000023080c56ac0, 0x0000023080c56c18]
Event: 12.844 Thread 0x00000230fefb8000 3329       3       groovy.lang.MetaClassImpl::getPropName (19 bytes)
Event: 12.844 Thread 0x00000230fefb8000 nmethod 3329 0x0000023080c56c90 code [0x0000023080c56ea0, 0x0000023080c574a8]
Event: 12.844 Thread 0x00000230fefb8000 3330       3       groovy.lang.MetaClassImpl$$Lambda$271/0x000000010048e840::get$Lambda (9 bytes)
Event: 12.844 Thread 0x00000230fefb8000 nmethod 3330 0x0000023080c57690 code [0x0000023080c57860, 0x0000023080c57ab8]
Event: 12.844 Thread 0x00000230fefb8000 3331       3       groovy.lang.MetaClassImpl$$Lambda$271/0x000000010048e840::<init> (10 bytes)
Event: 12.844 Thread 0x00000230fefb8000 nmethod 3331 0x0000023080c57b90 code [0x0000023080c57d40, 0x0000023080c57ef8]
Event: 12.844 Thread 0x00000230fefb8000 3332       3       groovy.lang.MetaClassImpl::createMetaBeanProperty (35 bytes)
Event: 12.844 Thread 0x00000230fefb8000 nmethod 3332 0x0000023080c57f90 code [0x0000023080c58180, 0x0000023080c58628]
Event: 12.844 Thread 0x00000230fefb8000 3333       3       groovy.lang.MetaClassImpl::makeReplacementMetaProperty (241 bytes)
Event: 12.846 Thread 0x00000230fefb8000 nmethod 3333 0x0000023080c58810 code [0x0000023080c58c40, 0x0000023080c5b418]
Event: 13.631 Thread 0x00000230fefb8000 3335       3       javax.management.ObjectName::construct (1135 bytes)

GC Heap History (8 events):
Event: 0.814 GC heap before
{Heap before GC invocations=0 (full 0):
 garbage-first heap   total 251904K, used 29696K [0x00000000a0000000, 0x0000000100000000)
  region size 1024K, 24 young (24576K), 0 survivors (0K)
 Metaspace       used 10162K, capacity 10401K, committed 10624K, reserved 1058816K
  class space    used 1044K, capacity 1107K, committed 1152K, reserved 1048576K
}
Event: 0.819 GC heap after
{Heap after GC invocations=1 (full 0):
 garbage-first heap   total 251904K, used 9196K [0x00000000a0000000, 0x0000000100000000)
  region size 1024K, 3 young (3072K), 3 survivors (3072K)
 Metaspace       used 10162K, capacity 10401K, committed 10624K, reserved 1058816K
  class space    used 1044K, capacity 1107K, committed 1152K, reserved 1048576K
}
Event: 3.069 GC heap before
{Heap before GC invocations=1 (full 0):
 garbage-first heap   total 251904K, used 106476K [0x00000000a0000000, 0x0000000100000000)
  region size 1024K, 99 young (101376K), 3 survivors (3072K)
 Metaspace       used 20657K, capacity 21196K, committed 21296K, reserved 1069056K
  class space    used 2489K, capacity 2658K, committed 2688K, reserved 1048576K
}
Event: 3.077 GC heap after
{Heap after GC invocations=2 (full 0):
 garbage-first heap   total 251904K, used 16727K [0x00000000a0000000, 0x0000000100000000)
  region size 1024K, 11 young (11264K), 11 survivors (11264K)
 Metaspace       used 20657K, capacity 21196K, committed 21296K, reserved 1069056K
  class space    used 2489K, capacity 2658K, committed 2688K, reserved 1048576K
}
Event: 3.195 GC heap before
{Heap before GC invocations=3 (full 0):
 garbage-first heap   total 251904K, used 27991K [0x00000000a0000000, 0x0000000100000000)
  region size 1024K, 23 young (23552K), 11 survivors (11264K)
 Metaspace       used 21794K, capacity 22379K, committed 22576K, reserved 1069056K
  class space    used 2709K, capacity 2906K, committed 2944K, reserved 1048576K
}
Event: 3.201 GC heap after
{Heap after GC invocations=4 (full 0):
 garbage-first heap   total 251904K, used 17993K [0x00000000a0000000, 0x0000000100000000)
  region size 1024K, 1 young (1024K), 1 survivors (1024K)
 Metaspace       used 21794K, capacity 22379K, committed 22576K, reserved 1069056K
  class space    used 2709K, capacity 2906K, committed 2944K, reserved 1048576K
}
Event: 4.404 GC heap before
{Heap before GC invocations=4 (full 0):
 garbage-first heap   total 251904K, used 118345K [0x00000000a0000000, 0x0000000100000000)
  region size 1024K, 101 young (103424K), 1 survivors (1024K)
 Metaspace       used 34998K, capacity 35770K, committed 35920K, reserved 1081344K
  class space    used 4477K, capacity 4800K, committed 4864K, reserved 1048576K
}
Event: 4.412 GC heap after
{Heap after GC invocations=5 (full 0):
 garbage-first heap   total 251904K, used 22485K [0x00000000a0000000, 0x0000000100000000)
  region size 1024K, 6 young (6144K), 6 survivors (6144K)
 Metaspace       used 34998K, capacity 35770K, committed 35920K, reserved 1081344K
  class space    used 4477K, capacity 4800K, committed 4864K, reserved 1048576K
}

Deoptimization events (20 events):
Event: 12.820 Thread 0x0000023092754800 Uncommon trap: trap_request=0xffffffbe fr.pc=0x0000023087c76b04 relative=0x0000000000000824
Event: 12.820 Thread 0x0000023092754800 Uncommon trap: reason=profile_predicate action=maybe_recompile pc=0x0000023087c76b04 method=java.lang.PublicMethods$MethodList.filter([Ljava/lang/reflect/Method;Ljava/lang/String;[Ljava/lang/Class;Z)Ljava/lang/PublicMethods$MethodList; @ 21 c2
Event: 12.820 Thread 0x0000023092754800 DEOPT PACKING pc=0x0000023087c76b04 sp=0x00000032beff9180
Event: 12.820 Thread 0x0000023092754800 DEOPT UNPACKING pc=0x000002308004a1af sp=0x00000032beff9138 mode 2
Event: 12.829 Thread 0x0000023092754800 Uncommon trap: trap_request=0xffffffde fr.pc=0x0000023087c56c90 relative=0x0000000000000470
Event: 12.829 Thread 0x0000023092754800 Uncommon trap: reason=class_check action=maybe_recompile pc=0x0000023087c56c90 method=java.util.regex.Pattern$Start.match(Ljava/util/regex/Matcher;ILjava/lang/CharSequence;)Z @ 44 c2
Event: 12.829 Thread 0x0000023092754800 DEOPT PACKING pc=0x0000023087c56c90 sp=0x00000032beff81a0
Event: 12.829 Thread 0x0000023092754800 DEOPT UNPACKING pc=0x000002308004a1af sp=0x00000032beff8068 mode 2
Event: 12.830 Thread 0x0000023092754800 Uncommon trap: trap_request=0xffffffde fr.pc=0x0000023087c56c90 relative=0x0000000000000470
Event: 12.830 Thread 0x0000023092754800 Uncommon trap: reason=class_check action=maybe_recompile pc=0x0000023087c56c90 method=java.util.regex.Pattern$Start.match(Ljava/util/regex/Matcher;ILjava/lang/CharSequence;)Z @ 44 c2
Event: 12.830 Thread 0x0000023092754800 DEOPT PACKING pc=0x0000023087c56c90 sp=0x00000032beff81a0
Event: 12.830 Thread 0x0000023092754800 DEOPT UNPACKING pc=0x000002308004a1af sp=0x00000032beff8068 mode 2
Event: 12.834 Thread 0x0000023092754800 Uncommon trap: trap_request=0xffffffbe fr.pc=0x0000023087c6a7ec relative=0x0000000000003ccc
Event: 12.834 Thread 0x0000023092754800 Uncommon trap: reason=profile_predicate action=maybe_recompile pc=0x0000023087c6a7ec method=java.util.AbstractCollection.addAll(Ljava/util/Collection;)Z @ 15 c2
Event: 12.834 Thread 0x0000023092754800 DEOPT PACKING pc=0x0000023087c6a7ec sp=0x00000032beffa090
Event: 12.834 Thread 0x0000023092754800 DEOPT UNPACKING pc=0x000002308004a1af sp=0x00000032beffa0a8 mode 2
Event: 12.843 Thread 0x0000023092754800 Uncommon trap: trap_request=0xffffffbe fr.pc=0x0000023087c6a7ec relative=0x0000000000003ccc
Event: 12.843 Thread 0x0000023092754800 Uncommon trap: reason=profile_predicate action=maybe_recompile pc=0x0000023087c6a7ec method=java.util.AbstractCollection.addAll(Ljava/util/Collection;)Z @ 15 c2
Event: 12.843 Thread 0x0000023092754800 DEOPT PACKING pc=0x0000023087c6a7ec sp=0x00000032beffa400
Event: 12.843 Thread 0x0000023092754800 DEOPT UNPACKING pc=0x000002308004a1af sp=0x00000032beffa418 mode 2

Classes redefined (0 events):
No events

Internal exceptions (20 events):
Event: 12.790 Thread 0x0000023092754800 Exception <a 'java/lang/ClassNotFoundException'{0x00000000ad69d260}: org/gradle/groovy/scripts/DefaultScriptBeanInfo> (0x00000000ad69d260) thrown at [./src/hotspot/share/classfile/systemDictionary.cpp, line 231]
Event: 12.790 Thread 0x0000023092754800 Exception <a 'java/lang/ClassNotFoundException'{0x00000000ad6b1e48}: org/gradle/groovy/scripts/BasicScriptBeanInfo> (0x00000000ad6b1e48) thrown at [./src/hotspot/share/classfile/systemDictionary.cpp, line 231]
Event: 12.791 Thread 0x0000023092754800 Exception <a 'java/lang/ClassNotFoundException'{0x00000000ad6c5ea0}: org/gradle/groovy/scripts/ScriptBeanInfo> (0x00000000ad6c5ea0) thrown at [./src/hotspot/share/classfile/systemDictionary.cpp, line 231]
Event: 12.791 Thread 0x0000023092754800 Exception <a 'java/lang/ClassNotFoundException'{0x00000000ad6e6580}: groovy/lang/ScriptBeanInfo> (0x00000000ad6e6580) thrown at [./src/hotspot/share/classfile/systemDictionary.cpp, line 231]
Event: 12.791 Thread 0x0000023092754800 Exception <a 'java/lang/ClassNotFoundException'{0x00000000ad507688}: groovy/lang/ScriptCustomizer> (0x00000000ad507688) thrown at [./src/hotspot/share/classfile/systemDictionary.cpp, line 231]
Event: 12.792 Thread 0x0000023092754800 Exception <a 'java/lang/ClassNotFoundException'{0x00000000ad523278}: org/gradle/groovy/scripts/ScriptCustomizer> (0x00000000ad523278) thrown at [./src/hotspot/share/classfile/systemDictionary.cpp, line 231]
Event: 12.793 Thread 0x0000023092754800 Exception <a 'java/lang/ClassNotFoundException'{0x00000000ad53ea98}: org/gradle/groovy/scripts/BasicScriptCustomizer> (0x00000000ad53ea98) thrown at [./src/hotspot/share/classfile/systemDictionary.cpp, line 231]
Event: 12.794 Thread 0x0000023092754800 Exception <a 'java/lang/ClassNotFoundException'{0x00000000ad55fe18}: org/gradle/groovy/scripts/DefaultScriptCustomizer> (0x00000000ad55fe18) thrown at [./src/hotspot/share/classfile/systemDictionary.cpp, line 231]
Event: 12.797 Thread 0x0000023092754800 Exception <a 'java/lang/ClassNotFoundException'{0x00000000ad5ae638}: org/gradle/plugin/use/internal/PluginsAwareScriptCustomizer> (0x00000000ad5ae638) thrown at [./src/hotspot/share/classfile/systemDictionary.cpp, line 231]
Event: 12.798 Thread 0x0000023092754800 Exception <a 'java/lang/ClassNotFoundException'{0x00000000ad5cbc78}: org/gradle/initialization/SettingsScriptCustomizer> (0x00000000ad5cbc78) thrown at [./src/hotspot/share/classfile/systemDictionary.cpp, line 231]
Event: 12.798 Thread 0x0000023092754800 Exception <a 'java/lang/ClassNotFoundException'{0x00000000ad5dea68}: settings_5wxlgebf696x41kgsz5dvgkmiCustomizer> (0x00000000ad5dea68) thrown at [./src/hotspot/share/classfile/systemDictionary.cpp, line 231]
Event: 12.826 Thread 0x0000023092754800 Exception <a 'java/lang/ClassNotFoundException'{0x00000000ad38a710}: org/gradle/initialization/DefaultSettings_DecoratedBeanInfo> (0x00000000ad38a710) thrown at [./src/hotspot/share/classfile/systemDictionary.cpp, line 231]
Event: 12.827 Thread 0x0000023092754800 Exception <a 'java/lang/ClassNotFoundException'{0x00000000ad3acb78}: org/gradle/initialization/DefaultSettingsBeanInfo> (0x00000000ad3acb78) thrown at [./src/hotspot/share/classfile/systemDictionary.cpp, line 231]
Event: 12.827 Thread 0x0000023092754800 Exception <a 'java/lang/ClassNotFoundException'{0x00000000ad3d2900}: org/gradle/api/internal/project/AbstractPluginAwareBeanInfo> (0x00000000ad3d2900) thrown at [./src/hotspot/share/classfile/systemDictionary.cpp, line 231]
Event: 12.828 Thread 0x0000023092754800 Exception <a 'java/lang/ClassNotFoundException'{0x00000000ad3f8840}: org/gradle/api/internal/project/AbstractPluginAwareCustomizer> (0x00000000ad3f8840) thrown at [./src/hotspot/share/classfile/systemDictionary.cpp, line 231]
Event: 12.829 Thread 0x0000023092754800 Exception <a 'java/lang/ClassNotFoundException'{0x00000000ad222be0}: org/gradle/initialization/DefaultSettingsCustomizer> (0x00000000ad222be0) thrown at [./src/hotspot/share/classfile/systemDictionary.cpp, line 231]
Event: 12.832 Thread 0x0000023092754800 Exception <a 'java/lang/ClassNotFoundException'{0x00000000ad275a40}: org/gradle/initialization/DefaultSettings_DecoratedCustomizer> (0x00000000ad275a40) thrown at [./src/hotspot/share/classfile/systemDictionary.cpp, line 231]
Event: 12.842 Thread 0x0000023092754800 Exception <a 'java/lang/ClassNotFoundException'{0x00000000ad131840}: org/gradle/initialization/DefaultProjectDescriptorBeanInfo> (0x00000000ad131840) thrown at [./src/hotspot/share/classfile/systemDictionary.cpp, line 231]
Event: 12.842 Thread 0x0000023092754800 Exception <a 'java/lang/ClassNotFoundException'{0x00000000ad156818}: org/gradle/initialization/DefaultProjectDescriptorCustomizer> (0x00000000ad156818) thrown at [./src/hotspot/share/classfile/systemDictionary.cpp, line 231]
Event: 12.890 Thread 0x0000023092754800 Exception <a 'java/lang/NoSuchMethodError'{0x00000000acf4d0b8}: 'int java.lang.invoke.DirectMethodHandle$Holder.invokeVirtual(java.lang.Object, java.lang.Object)'> (0x00000000acf4d0b8) thrown at [./src/hotspot/share/interpreter/linkResolver.cpp, line 773]

Events (20 events):
Event: 12.885 loading class org/codehaus/groovy/util/AbstractConcurrentMap$Segment
Event: 12.885 loading class org/codehaus/groovy/util/AbstractConcurrentMap$Segment done
Event: 12.885 loading class org/codehaus/groovy/util/ManagedConcurrentMap$Segment
Event: 12.885 loading class org/codehaus/groovy/util/ManagedConcurrentMap$Segment done
Event: 12.886 loading class org/codehaus/groovy/util/AbstractConcurrentMap$Entry
Event: 12.886 loading class org/codehaus/groovy/util/AbstractConcurrentMap$Entry done
Event: 12.886 loading class org/codehaus/groovy/util/AbstractConcurrentMapBase$Entry
Event: 12.886 loading class org/codehaus/groovy/util/AbstractConcurrentMapBase$Entry done
Event: 12.887 loading class org/codehaus/groovy/ast/MixinNode
Event: 12.887 loading class org/codehaus/groovy/ast/MixinNode done
Event: 12.888 loading class org/codehaus/groovy/ast/ClassNode$MapOfLists
Event: 12.888 loading class org/codehaus/groovy/ast/ClassNode$MapOfLists done
Event: 12.888 loading class org/codehaus/groovy/util/ManagedConcurrentMap$EntryWithValue
Event: 12.888 loading class org/codehaus/groovy/util/ManagedConcurrentMap$EntryWithValue done
Event: 12.889 loading class org/codehaus/groovy/util/ManagedConcurrentMap$Entry
Event: 12.889 loading class org/codehaus/groovy/util/ManagedConcurrentMap$Entry done
Event: 12.890 loading class org/codehaus/groovy/ast/ClassNode
Event: 12.890 loading class org/codehaus/groovy/ast/ClassNode done
Event: 12.891 loading class groovyjarjarasm/asm/Type
Event: 12.891 loading class groovyjarjarasm/asm/Type done


Dynamic libraries:
0x00007ff7234c0000 - 0x00007ff7234ca000 	E:\IDEA\2021.3.1\IntelliJ IDEA 2021.3.1\jbr\bin\java.exe
0x00007ff856fb0000 - 0x00007ff8571c6000 	C:\WINDOWS\SYSTEM32\ntdll.dll
0x00007ff8556e0000 - 0x00007ff8557a4000 	C:\WINDOWS\System32\KERNEL32.DLL
0x00007ff8548b0000 - 0x00007ff854c5d000 	C:\WINDOWS\System32\KERNELBASE.dll
0x00007ff8542f0000 - 0x00007ff854405000 	C:\WINDOWS\System32\ucrtbase.dll
0x00007ff842df0000 - 0x00007ff842e09000 	E:\IDEA\2021.3.1\IntelliJ IDEA 2021.3.1\jbr\bin\jli.dll
0x00007ff842cd0000 - 0x00007ff842ce7000 	E:\IDEA\2021.3.1\IntelliJ IDEA 2021.3.1\jbr\bin\VCRUNTIME140.dll
0x00007ff8568c0000 - 0x00007ff856a73000 	C:\WINDOWS\System32\USER32.dll
0x00007ff8545c0000 - 0x00007ff8545e7000 	C:\WINDOWS\System32\win32u.dll
0x00007ff856340000 - 0x00007ff856369000 	C:\WINDOWS\System32\GDI32.dll
0x00007ff83ccc0000 - 0x00007ff83cf5d000 	C:\WINDOWS\WinSxS\amd64_microsoft.windows.common-controls_6595b64144ccf1df_6.0.25314.1000_none_7ba522e2a3810f62\COMCTL32.dll
0x00007ff854490000 - 0x00007ff8545af000 	C:\WINDOWS\System32\gdi32full.dll
0x00007ff855540000 - 0x00007ff8555e7000 	C:\WINDOWS\System32\msvcrt.dll
0x00007ff854770000 - 0x00007ff854815000 	C:\WINDOWS\System32\msvcp_win.dll
0x00007ff856770000 - 0x00007ff8567a0000 	C:\WINDOWS\System32\IMM32.DLL
0x00007ff83f680000 - 0x00007ff83f808000 	E:\steam\steam_app\gameoverlayrenderer64.dll
0x00007ff856e30000 - 0x00007ff856ee0000 	C:\WINDOWS\System32\ADVAPI32.dll
0x00007ff856d20000 - 0x00007ff856dc5000 	C:\WINDOWS\System32\sechost.dll
0x00007ff8565d0000 - 0x00007ff8566f9000 	C:\WINDOWS\System32\RPCRT4.dll
0x00007ff856380000 - 0x00007ff85651f000 	C:\WINDOWS\System32\ole32.dll
0x00007ff855b20000 - 0x00007ff855ecc000 	C:\WINDOWS\System32\combase.dll
0x00007ff8557c0000 - 0x00007ff855898000 	C:\WINDOWS\System32\OLEAUT32.dll
0x00007ff854d20000 - 0x00007ff854d28000 	C:\WINDOWS\System32\PSAPI.DLL
0x00007ff84b5e0000 - 0x00007ff84b615000 	C:\WINDOWS\SYSTEM32\WINMM.dll
0x00007ff80b100000 - 0x00007ff80b19d000 	E:\IDEA\2021.3.1\IntelliJ IDEA 2021.3.1\jbr\bin\msvcp140.dll
0x00007ff8195e0000 - 0x00007ff81a156000 	E:\IDEA\2021.3.1\IntelliJ IDEA 2021.3.1\jbr\bin\server\jvm.dll
0x00007ff84aaa0000 - 0x00007ff84aaaa000 	C:\WINDOWS\SYSTEM32\VERSION.dll
0x00007ff839540000 - 0x00007ff839549000 	C:\WINDOWS\SYSTEM32\WSOCK32.dll
0x00007ff856ef0000 - 0x00007ff856f63000 	C:\WINDOWS\System32\WS2_32.dll
0x00007ff853290000 - 0x00007ff8532a8000 	C:\WINDOWS\SYSTEM32\kernel.appcore.dll
0x00007ff845000000 - 0x00007ff845011000 	E:\IDEA\2021.3.1\IntelliJ IDEA 2021.3.1\jbr\bin\verify.dll
0x00007ff851b80000 - 0x00007ff851db5000 	C:\WINDOWS\SYSTEM32\DBGHELP.DLL
0x00007ff83c4f0000 - 0x00007ff83c522000 	C:\WINDOWS\SYSTEM32\dbgcore.DLL
0x00007ff854820000 - 0x00007ff8548a3000 	C:\WINDOWS\System32\bcryptPrimitives.dll
0x00007ff843530000 - 0x00007ff843559000 	E:\IDEA\2021.3.1\IntelliJ IDEA 2021.3.1\jbr\bin\java.dll
0x00007ff8434f0000 - 0x00007ff8434fb000 	E:\IDEA\2021.3.1\IntelliJ IDEA 2021.3.1\jbr\bin\jimage.dll
0x00007ff842d40000 - 0x00007ff842d58000 	E:\IDEA\2021.3.1\IntelliJ IDEA 2021.3.1\jbr\bin\zip.dll
0x00007ff854d30000 - 0x00007ff85553a000 	C:\WINDOWS\System32\SHELL32.dll
0x00007ff8521f0000 - 0x00007ff852a95000 	C:\WINDOWS\SYSTEM32\windows.storage.dll
0x00007ff8558f0000 - 0x00007ff8559d0000 	C:\WINDOWS\System32\SHCORE.dll
0x00007ff856dd0000 - 0x00007ff856e2d000 	C:\WINDOWS\System32\shlwapi.dll
0x00007ff854210000 - 0x00007ff854231000 	C:\WINDOWS\SYSTEM32\profapi.dll
0x00007ff842d20000 - 0x00007ff842d3a000 	E:\IDEA\2021.3.1\IntelliJ IDEA 2021.3.1\jbr\bin\net.dll
0x00007ff84c9b0000 - 0x00007ff84cade000 	C:\WINDOWS\SYSTEM32\WINHTTP.dll
0x00007ff853720000 - 0x00007ff853789000 	C:\WINDOWS\system32\mswsock.dll
0x00007ff842320000 - 0x00007ff842334000 	E:\IDEA\2021.3.1\IntelliJ IDEA 2021.3.1\jbr\bin\nio.dll
0x00007ff814020000 - 0x00007ff814047000 	C:\Users\Lenovo\.gradle\native\8bec1ad78214c89d9ad589b4d07fe93259594b29d510b10fafb7a158f7737e5d\windows-amd64\native-platform.dll
0x00007ff802550000 - 0x00007ff80268d000 	C:\Users\Lenovo\.gradle\native\53dbd7edfb1c66fb8903c78663c9afc45aea4f116125fa6feffd364cf09443e8\windows-amd64\native-platform-file-events.dll
0x00007ff842d10000 - 0x00007ff842d1a000 	E:\IDEA\2021.3.1\IntelliJ IDEA 2021.3.1\jbr\bin\management.dll
0x00007ff842b70000 - 0x00007ff842b7d000 	E:\IDEA\2021.3.1\IntelliJ IDEA 2021.3.1\jbr\bin\management_ext.dll
0x00007ff8539c0000 - 0x00007ff8539db000 	C:\WINDOWS\SYSTEM32\CRYPTSP.dll
0x00007ff8531f0000 - 0x00007ff853225000 	C:\WINDOWS\system32\rsaenh.dll
0x00007ff853820000 - 0x00007ff853848000 	C:\WINDOWS\SYSTEM32\USERENV.dll
0x00007ff853b70000 - 0x00007ff853b98000 	C:\WINDOWS\SYSTEM32\bcrypt.dll
0x00007ff8539b0000 - 0x00007ff8539bc000 	C:\WINDOWS\SYSTEM32\CRYPTBASE.dll
0x00007ff852d40000 - 0x00007ff852d6f000 	C:\WINDOWS\SYSTEM32\IPHLPAPI.DLL
0x00007ff856530000 - 0x00007ff856539000 	C:\WINDOWS\System32\NSI.dll
0x00007ff84d420000 - 0x00007ff84d439000 	C:\WINDOWS\SYSTEM32\dhcpcsvc6.DLL
0x00007ff84d3d0000 - 0x00007ff84d3ee000 	C:\WINDOWS\SYSTEM32\dhcpcsvc.DLL
0x00007ff852dd0000 - 0x00007ff852ede000 	C:\WINDOWS\SYSTEM32\DNSAPI.dll

dbghelp: loaded successfully - version: 4.0.5 - missing functions: none
symbol engine: initialized successfully - sym options: 0x614 - pdb path: .;E:\IDEA\2021.3.1\IntelliJ IDEA 2021.3.1\jbr\bin;C:\WINDOWS\SYSTEM32;C:\WINDOWS\WinSxS\amd64_microsoft.windows.common-controls_6595b64144ccf1df_6.0.25314.1000_none_7ba522e2a3810f62;E:\steam\steam_app;E:\IDEA\2021.3.1\IntelliJ IDEA 2021.3.1\jbr\bin\server;C:\Users\Lenovo\.gradle\native\8bec1ad78214c89d9ad589b4d07fe93259594b29d510b10fafb7a158f7737e5d\windows-amd64;C:\Users\Lenovo\.gradle\native\53dbd7edfb1c66fb8903c78663c9afc45aea4f116125fa6feffd364cf09443e8\windows-amd64

VM Arguments:
jvm_args: --add-opens=java.base/java.util=ALL-UNNAMED --add-opens=java.base/java.lang=ALL-UNNAMED --add-opens=java.base/java.lang.invoke=ALL-UNNAMED --add-opens=java.base/java.util=ALL-UNNAMED --add-opens=java.prefs/java.util.prefs=ALL-UNNAMED --add-opens=java.prefs/java.util.prefs=ALL-UNNAMED --add-opens=java.base/java.nio.charset=ALL-UNNAMED --add-opens=java.base/java.net=ALL-UNNAMED --add-opens=java.base/java.util.concurrent.atomic=ALL-UNNAMED -Xmx1536m -Dfile.encoding=GBK -Duser.country=CN -Duser.language=zh -Duser.variant 
java_command: org.gradle.launcher.daemon.bootstrap.GradleDaemon 7.0.2
java_class_path (initial): C:\Users\Lenovo\.gradle\wrapper\dists\gradle-7.0.2-all\7era6s5ay7zsbhuvl0oc9g94s\gradle-7.0.2\lib\gradle-launcher-7.0.2.jar
Launcher Type: SUN_STANDARD

[Global flags]
     intx CICompilerCount                          = 4                                         {product} {ergonomic}
     uint ConcGCThreads                            = 3                                         {product} {ergonomic}
     uint G1ConcRefinementThreads                  = 10                                        {product} {ergonomic}
   size_t G1HeapRegionSize                         = 1048576                                   {product} {ergonomic}
    uintx GCDrainStackTargetSize                   = 64                                        {product} {ergonomic}
   size_t InitialHeapSize                          = 257949696                                 {product} {ergonomic}
   size_t MarkStackSize                            = 4194304                                   {product} {ergonomic}
   size_t MaxHeapSize                              = 1610612736                                {product} {command line}
   size_t MaxNewSize                               = 965738496                                 {product} {ergonomic}
   size_t MinHeapDeltaBytes                        = 1048576                                   {product} {ergonomic}
    uintx NonNMethodCodeHeapSize                   = 5836300                                {pd product} {ergonomic}
    uintx NonProfiledCodeHeapSize                  = 122910970                              {pd product} {ergonomic}
    uintx ProfiledCodeHeapSize                     = 122910970                              {pd product} {ergonomic}
    uintx ReservedCodeCacheSize                    = 251658240                              {pd product} {ergonomic}
     bool SegmentedCodeCache                       = true                                      {product} {ergonomic}
     bool UseCompressedClassPointers               = true                                 {lp64_product} {ergonomic}
     bool UseCompressedOops                        = true                                 {lp64_product} {ergonomic}
     bool UseG1GC                                  = true                                      {product} {ergonomic}
     bool UseLargePagesIndividualAllocation        = false                                  {pd product} {ergonomic}

Logging:
Log output configuration:
 #0: stdout all=warning uptime,level,tags
 #1: stderr all=off uptime,level,tags

Environment Variables:
JAVA_HOME=C:\Program Files\Java\jdk1.8.0_201
CLASSPATH= .;C:\Program Files\Java\jdk1.8.0_201\lib\dt.jar;C:\Program Files\Java\jdk1.8.0_201\lib\tools.jar
PATH=E:\steam\steam_app;E:\VMware-station\bin\;C:\Program Files\Common Files\Oracle\Java\javapath;C:\Program Files\CodeBlocks\MinGW\bin;E:\PYTHON\Scripts\;E:\PYTHON\;C:\Program Files\Java\jdk1.8.0_201\bin;C:\Program Files\Java\jdk1.8.0_201\jre\bin;C:\Program Files (x86)\Common Files\Oracle\Java\javapath;C:\WINDOWS\system32;C:\WINDOWS;C:\WINDOWS\System32\Wbem;C:\WINDOWS\System32\WindowsPowerShell\v1.0\;C:\WINDOWS\System32\OpenSSH\;C:\Program Files\dotnet\;D:\Microsoft SQL Server (x86) (x86)\90\Tools\binn\;E:\GIT\Git\cmd;E:\Nodejs\;C:\ProgramData\chocolatey\bin;E:\Maven\apache-maven-3.8.4\bin;C:\Program Files\MySQL\MySQL Server 8.0\bin;E:\Redis\;C:\WINDOWS\system32;C:\WINDOWS;C:\WINDOWS\System32\Wbem;C:\WINDOWS\System32\WindowsPowerShell\v1.0\;C:\WINDOWS\System32\OpenSSH\;E:\Opencv455\opencv\build\x64\vc15\bin;E:\SecureCRT\;C:\myapps\Zookeeper\apache-zookeeper-3.7.1-bin\bin;C:\myapps\Nasm\nasm-2.16rc12\;C:\myapps\Qemu\;C:\Program Files\MySQL\MySQL Shell 8.0\bin\;C:\Users\Lenovo\AppData\Local\Microsoft\WindowsApps;E:\IDEA\2021.3.1\IntelliJ IDEA 2021.3.1\bin;C:\Program Files\Java\jre1.8.0_201\bin;E:\Microsoft VS Code\bin;C:\Users\Lenovo\AppData\Local\GitHubDesktop\bin;C:\Users\Lenovo\.dotnet\tools;C:\Users\Lenovo\AppData\Roaming\npm;E:\Tencent\QQGameTempest\Hall.57734\;E:\MINGW_Lib\mingw64\bin\;C:\myapps\Pycharm\PyCharm Community Edition 2022.3.2\bin
USERNAME=Lenovo
OS=Windows_NT
PROCESSOR_IDENTIFIER=AMD64 Family 23 Model 96 Stepping 1, AuthenticAMD



---------------  S Y S T E M  ---------------

OS: Windows 11 , 64 bit Build 25314 (10.0.25314.1000)
OS uptime: 2 days 5:43 hours

CPU:total 12 (initial active 12) (12 cores per cpu, 2 threads per core) family 23 model 96 stepping 1 microcode 0x8600106, cmov, cx8, fxsr, mmx, sse, sse2, sse3, ssse3, sse4.1, sse4.2, popcnt, avx, avx2, aes, clmul, mmxext, 3dnowpref, lzcnt, sse4a, ht, tsc, tscinvbit, tscinv, bmi1, bmi2, adx, sha, fma

Memory: 4k page, system-wide physical 15741M (1071M free)
TotalPageFile size 23933M (AvailPageFile size 13M)
current process WorkingSet (physical memory assigned to process): 294M, peak: 303M
current process commit charge ("private bytes"): 434M, peak: 446M

vm_info: OpenJDK 64-Bit Server VM (11.0.13+7-b1751.21) for windows-amd64 JRE (11.0.13+7-b1751.21), built on Nov 30 2021 02:32:50 by "" with MS VC++ 14.0 (VS2015)

END.
