#
# There is insufficient memory for the Java Runtime Environment to continue.
# Native memory allocation (malloc) failed to allocate 1838096 bytes for Chunk::new
# Possible reasons:
#   The system is out of physical RAM or swap space
#   The process is running with CompressedOops enabled, and the Java Heap may be blocking the growth of the native heap
# Possible solutions:
#   Reduce memory load on the system
#   Increase physical memory or swap space
#   Check if swap backing store is full
#   Decrease Java heap size (-Xmx/-Xms)
#   Decrease number of Java threads
#   Decrease Java thread stack sizes (-Xss)
#   Set larger code cache with -XX:ReservedCodeCacheSize=
#   JVM is running with Unscaled Compressed Oops mode in which the Java heap is
#     placed in the first 4GB address space. The Java Heap base address is the
#     maximum limit for the native heap growth. Please use -XX:HeapBaseMinAddress
#     to set the Java Heap base and to place the Java Heap above 4GB virtual address.
# This output file may be truncated or incomplete.
#
#  Out of Memory Error (./src/hotspot/share/memory/arena.cpp:197), pid=27720, tid=13180
#
# JRE version: OpenJDK Runtime Environment JBR-11.0.13.7-1751.21-jcef (11.0.13+7) (build 11.0.13+7-b1751.21)
# Java VM: OpenJDK 64-Bit Server VM JBR-11.0.13.7-1751.21-jcef (11.0.13+7-b1751.21, mixed mode, tiered, compressed oops, g1 gc, windows-amd64)
# No core dump will be written. Minidumps are not enabled by default on client versions of Windows
#

---------------  S U M M A R Y ------------

Command Line: --add-opens=java.base/java.util=ALL-UNNAMED --add-opens=java.base/java.lang=ALL-UNNAMED --add-opens=java.base/java.lang.invoke=ALL-UNNAMED --add-opens=java.base/java.util=ALL-UNNAMED --add-opens=java.prefs/java.util.prefs=ALL-UNNAMED --add-opens=java.prefs/java.util.prefs=ALL-UNNAMED --add-opens=java.base/java.nio.charset=ALL-UNNAMED --add-opens=java.base/java.net=ALL-UNNAMED --add-opens=java.base/java.util.concurrent.atomic=ALL-UNNAMED -Xmx1536m -Dfile.encoding=GBK -Duser.country=CN -Duser.language=zh -Duser.variant org.gradle.launcher.daemon.bootstrap.GradleDaemon 7.0.2

Host: AMD Ryzen 5 4600U with Radeon Graphics         , 12 cores, 15G,  Windows 11 , 64 bit Build 25314 (10.0.25314.1000)
Time: Mon Mar 13 15:36:26 2023 马来西亚半岛标准时间 elapsed time: 4.786870 seconds (0d 0h 0m 4s)

---------------  T H R E A D  ---------------

Current thread (0x00000234f7d9c000):  JavaThread "C2 CompilerThread0" daemon [_thread_in_native, id=13180, stack(0x000000e0d9700000,0x000000e0d9800000)]


Current CompileTask:
C2:   4787 2177   !   4       java.net.URLClassLoader$1::run (81 bytes)

Stack: [0x000000e0d9700000,0x000000e0d9800000]
Native frames: (J=compiled Java code, j=interpreted, Vv=VM code, C=native code)
V  [jvm.dll+0x613daa]
V  [jvm.dll+0x799b30]
V  [jvm.dll+0x79b14d]
V  [jvm.dll+0x79b823]
V  [jvm.dll+0x24c958]
V  [jvm.dll+0xc14dc]
V  [jvm.dll+0xc1a0c]
V  [jvm.dll+0x360c3d]
V  [jvm.dll+0x32d723]
V  [jvm.dll+0x32cc1a]
V  [jvm.dll+0x204d82]
V  [jvm.dll+0x203f07]
V  [jvm.dll+0x18b2a1]
V  [jvm.dll+0x212c3b]
V  [jvm.dll+0x211491]
V  [jvm.dll+0x760b9f]
V  [jvm.dll+0x759755]
V  [jvm.dll+0x612a16]
C  [ucrtbase.dll+0x244eb]
C  [KERNEL32.DLL+0x3e2d]
C  [ntdll.dll+0x4ef48]


---------------  P R O C E S S  ---------------

Threads class SMR info:
_java_thread_list=0x00000234fbb2f590, length=28, elements={
0x00000234de5b0000, 0x00000234f7d04000, 0x00000234f7d25800, 0x00000234f7d96800,
0x00000234f7d99800, 0x00000234f7d9b000, 0x00000234f7d9c000, 0x00000234f7d9f000,
0x00000234f7daa000, 0x00000234f7f3d800, 0x00000234fac47800, 0x00000234f8d12800,
0x00000234f9cba800, 0x00000234f7f4e800, 0x00000234f9c7b000, 0x00000234fa2e3000,
0x00000234fa80e000, 0x00000234f9531800, 0x00000234f9532000, 0x00000234fac16000,
0x00000234fac14800, 0x00000234fac15800, 0x00000234fac12000, 0x00000234faaae000,
0x00000234fac17000, 0x00000234fac13800, 0x00000234fac11800, 0x00000234fac13000
}

Java Threads: ( => current thread )
  0x00000234de5b0000 JavaThread "main" [_thread_blocked, id=9108, stack(0x000000e0d8b00000,0x000000e0d8c00000)]
  0x00000234f7d04000 JavaThread "Reference Handler" daemon [_thread_blocked, id=23596, stack(0x000000e0d9200000,0x000000e0d9300000)]
  0x00000234f7d25800 JavaThread "Finalizer" daemon [_thread_blocked, id=25252, stack(0x000000e0d9300000,0x000000e0d9400000)]
  0x00000234f7d96800 JavaThread "Signal Dispatcher" daemon [_thread_blocked, id=8792, stack(0x000000e0d9400000,0x000000e0d9500000)]
  0x00000234f7d99800 JavaThread "Attach Listener" daemon [_thread_blocked, id=15516, stack(0x000000e0d9500000,0x000000e0d9600000)]
  0x00000234f7d9b000 JavaThread "Service Thread" daemon [_thread_blocked, id=24304, stack(0x000000e0d9600000,0x000000e0d9700000)]
=>0x00000234f7d9c000 JavaThread "C2 CompilerThread0" daemon [_thread_in_native, id=13180, stack(0x000000e0d9700000,0x000000e0d9800000)]
  0x00000234f7d9f000 JavaThread "C1 CompilerThread0" daemon [_thread_blocked, id=13976, stack(0x000000e0d9800000,0x000000e0d9900000)]
  0x00000234f7daa000 JavaThread "Sweeper thread" daemon [_thread_blocked, id=6980, stack(0x000000e0d9900000,0x000000e0d9a00000)]
  0x00000234f7f3d800 JavaThread "Common-Cleaner" daemon [_thread_blocked, id=25572, stack(0x000000e0d9a00000,0x000000e0d9b00000)]
  0x00000234fac47800 JavaThread "Daemon health stats" [_thread_blocked, id=3224, stack(0x000000e0da200000,0x000000e0da300000)]
  0x00000234f8d12800 JavaThread "Incoming local TCP Connector on port 55204" [_thread_in_native, id=25088, stack(0x000000e0d9c00000,0x000000e0d9d00000)]
  0x00000234f9cba800 JavaThread "Daemon periodic checks" [_thread_blocked, id=8832, stack(0x000000e0d9d00000,0x000000e0d9e00000)]
  0x00000234f7f4e800 JavaThread "Daemon" [_thread_blocked, id=25000, stack(0x000000e0da300000,0x000000e0da400000)]
  0x00000234f9c7b000 JavaThread "Handler for socket connection from /127.0.0.1:55204 to /127.0.0.1:55205" [_thread_in_native, id=12048, stack(0x000000e0da400000,0x000000e0da500000)]
  0x00000234fa2e3000 JavaThread "Cancel handler" [_thread_blocked, id=25688, stack(0x000000e0da500000,0x000000e0da600000)]
  0x00000234fa80e000 JavaThread "Daemon worker" [_thread_in_vm, id=12652, stack(0x000000e0da600000,0x000000e0da700000)]
  0x00000234f9531800 JavaThread "Asynchronous log dispatcher for DefaultDaemonConnection: socket connection from /127.0.0.1:55204 to /127.0.0.1:55205" [_thread_blocked, id=27364, stack(0x000000e0da700000,0x000000e0da800000)]
  0x00000234f9532000 JavaThread "Stdin handler" [_thread_blocked, id=7860, stack(0x000000e0da800000,0x000000e0da900000)]
  0x00000234fac16000 JavaThread "Daemon client event forwarder" [_thread_blocked, id=29684, stack(0x000000e0da900000,0x000000e0daa00000)]
  0x00000234fac14800 JavaThread "Cache worker for file hash cache (C:\Users\Lenovo\.gradle\caches\7.0.2\fileHashes)" [_thread_blocked, id=22620, stack(0x000000e0daa00000,0x000000e0dab00000)]
  0x00000234fac15800 JavaThread "File lock request listener" [_thread_in_native, id=14968, stack(0x000000e0dab00000,0x000000e0dac00000)]
  0x00000234fac12000 JavaThread "Cache worker for journal cache (C:\Users\Lenovo\.gradle\caches\journal-1)" [_thread_blocked, id=21852, stack(0x000000e0db400000,0x000000e0db500000)]
  0x00000234faaae000 JavaThread "C2 CompilerThread1" daemon [_thread_in_native, id=29388, stack(0x000000e0db500000,0x000000e0db600000)]
  0x00000234fac17000 JavaThread "Cache worker for file hash cache (C:\myfiles\Projects\Dev\Android\BigDoAndroid\.gradle\7.0.2\fileHashes)" [_thread_blocked, id=28376, stack(0x000000e0db600000,0x000000e0db700000)]
  0x00000234fac13800 JavaThread "File watcher server" daemon [_thread_in_native, id=25444, stack(0x000000e0db700000,0x000000e0db800000)]
  0x00000234fac11800 JavaThread "File watcher consumer" daemon [_thread_blocked, id=23740, stack(0x000000e0db800000,0x000000e0db900000)]
  0x00000234fac13000 JavaThread "Cache worker for checksums cache (C:\myfiles\Projects\Dev\Android\BigDoAndroid\.gradle\checksums)" [_thread_blocked, id=28328, stack(0x000000e0db900000,0x000000e0dba00000)]

Other Threads:
  0x00000234f7d01000 VMThread "VM Thread" [stack: 0x000000e0d9100000,0x000000e0d9200000] [id=24320]
  0x00000234f8799800 WatcherThread [stack: 0x000000e0d9b00000,0x000000e0d9c00000] [id=2212]
  0x00000234de5c8800 GCTaskThread "GC Thread#0" [stack: 0x000000e0d8c00000,0x000000e0d8d00000] [id=17488]
  0x00000234f90b2800 GCTaskThread "GC Thread#1" [stack: 0x000000e0d9e00000,0x000000e0d9f00000] [id=22768]
  0x00000234f90b3000 GCTaskThread "GC Thread#2" [stack: 0x000000e0d9f00000,0x000000e0da000000] [id=29636]
  0x00000234f959f800 GCTaskThread "GC Thread#3" [stack: 0x000000e0da000000,0x000000e0da100000] [id=24820]
  0x00000234f95a0000 GCTaskThread "GC Thread#4" [stack: 0x000000e0da100000,0x000000e0da200000] [id=26264]
  0x00000234f7dcb800 GCTaskThread "GC Thread#5" [stack: 0x000000e0dac00000,0x000000e0dad00000] [id=25784]
  0x00000234f7dcb000 GCTaskThread "GC Thread#6" [stack: 0x000000e0dad00000,0x000000e0dae00000] [id=23896]
  0x00000234fab84000 GCTaskThread "GC Thread#7" [stack: 0x000000e0dae00000,0x000000e0daf00000] [id=25064]
  0x00000234fab83800 GCTaskThread "GC Thread#8" [stack: 0x000000e0daf00000,0x000000e0db000000] [id=7944]
  0x00000234fab84800 GCTaskThread "GC Thread#9" [stack: 0x000000e0db000000,0x000000e0db100000] [id=26980]
  0x00000234de5f0000 ConcurrentGCThread "G1 Main Marker" [stack: 0x000000e0d8d00000,0x000000e0d8e00000] [id=25188]
  0x00000234de5f2800 ConcurrentGCThread "G1 Conc#0" [stack: 0x000000e0d8e00000,0x000000e0d8f00000] [id=16860]
  0x00000234fab8b000 ConcurrentGCThread "G1 Conc#1" [stack: 0x000000e0db100000,0x000000e0db200000] [id=22056]
  0x00000234fab8c000 ConcurrentGCThread "G1 Conc#2" [stack: 0x000000e0db300000,0x000000e0db400000] [id=4812]
  0x00000234f7b61000 ConcurrentGCThread "G1 Refine#0" [stack: 0x000000e0d8f00000,0x000000e0d9000000] [id=29120]
  0x00000234fab8a800 ConcurrentGCThread "G1 Refine#1" [stack: 0x000000e0db200000,0x000000e0db300000] [id=29024]
  0x00000234de6ee000 ConcurrentGCThread "G1 Young RemSet Sampling" [stack: 0x000000e0d9000000,0x000000e0d9100000] [id=24556]

Threads with active compile tasks:
C2 CompilerThread0   5829 2177   !   4       java.net.URLClassLoader$1::run (81 bytes)
C2 CompilerThread1   5829 2176       4       java.net.URLClassLoader$1::run (5 bytes)

VM state:not at safepoint (normal execution)

VM Mutex/Monitor currently owned by a thread: None

Heap address: 0x00000000a0000000, size: 1536 MB, Compressed Oops mode: 32-bit
Narrow klass base: 0x0000000000000000, Narrow klass shift: 3
Compressed class space size: 1073741824 Address: 0x0000000100000000

Heap:
 garbage-first heap   total 251904K, used 68323K [0x00000000a0000000, 0x0000000100000000)
  region size 1024K, 52 young (53248K), 1 survivors (1024K)
 Metaspace       used 26476K, capacity 27204K, committed 27440K, reserved 1073152K
  class space    used 3442K, capacity 3691K, committed 3712K, reserved 1048576K
Heap Regions: E=young(eden), S=young(survivor), O=old, HS=humongous(starts), HC=humongous(continues), CS=collection set, F=free, A=archive, TAMS=top-at-mark-start (previous, next)
|   0|0x00000000a0000000, 0x00000000a0100000, 0x00000000a0100000|100%| O|  |TAMS 0x00000000a0000000, 0x00000000a0000000| Untracked 
|   1|0x00000000a0100000, 0x00000000a0200000, 0x00000000a0200000|100%| O|  |TAMS 0x00000000a0100000, 0x00000000a0100000| Untracked 
|   2|0x00000000a0200000, 0x00000000a0300000, 0x00000000a0300000|100%| O|  |TAMS 0x00000000a0200000, 0x00000000a0200000| Untracked 
|   3|0x00000000a0300000, 0x00000000a0400000, 0x00000000a0400000|100%|HS|  |TAMS 0x00000000a0400000, 0x00000000a0300000| Complete 
|   4|0x00000000a0400000, 0x00000000a0500000, 0x00000000a0500000|100%|HC|  |TAMS 0x00000000a0500000, 0x00000000a0400000| Complete 
|   5|0x00000000a0500000, 0x00000000a0600000, 0x00000000a0600000|100%|HC|  |TAMS 0x00000000a0600000, 0x00000000a0500000| Complete 
|   6|0x00000000a0600000, 0x00000000a0700000, 0x00000000a0700000|100%| O|  |TAMS 0x00000000a0700000, 0x00000000a0600000| Untracked 
|   7|0x00000000a0700000, 0x00000000a0800000, 0x00000000a0800000|100%| O|  |TAMS 0x00000000a0800000, 0x00000000a0700000| Untracked 
|   8|0x00000000a0800000, 0x00000000a0900000, 0x00000000a0900000|100%| O|  |TAMS 0x00000000a0900000, 0x00000000a0800000| Untracked 
|   9|0x00000000a0900000, 0x00000000a0a00000, 0x00000000a0a00000|100%| O|  |TAMS 0x00000000a096e000, 0x00000000a0900000| Untracked 
|  10|0x00000000a0a00000, 0x00000000a0b00000, 0x00000000a0b00000|100%| O|  |TAMS 0x00000000a0a00000, 0x00000000a0a00000| Untracked 
|  11|0x00000000a0b00000, 0x00000000a0c00000, 0x00000000a0c00000|100%| O|  |TAMS 0x00000000a0b00000, 0x00000000a0b00000| Untracked 
|  12|0x00000000a0c00000, 0x00000000a0d00000, 0x00000000a0d00000|100%| O|  |TAMS 0x00000000a0c00000, 0x00000000a0c00000| Untracked 
|  13|0x00000000a0d00000, 0x00000000a0e00000, 0x00000000a0e00000|100%| O|  |TAMS 0x00000000a0d00000, 0x00000000a0d00000| Untracked 
|  14|0x00000000a0e00000, 0x00000000a0f00000, 0x00000000a0f00000|100%| O|  |TAMS 0x00000000a0e00000, 0x00000000a0e00000| Untracked 
|  15|0x00000000a0f00000, 0x00000000a1000000, 0x00000000a1000000|100%| O|  |TAMS 0x00000000a0f00000, 0x00000000a0f00000| Untracked 
|  16|0x00000000a1000000, 0x00000000a100e800, 0x00000000a1100000|  5%| O|  |TAMS 0x00000000a1000000, 0x00000000a1000000| Untracked 
|  17|0x00000000a1100000, 0x00000000a1100000, 0x00000000a1200000|  0%| F|  |TAMS 0x00000000a1100000, 0x00000000a1100000| Untracked 
|  18|0x00000000a1200000, 0x00000000a1200000, 0x00000000a1300000|  0%| F|  |TAMS 0x00000000a1200000, 0x00000000a1200000| Untracked 
|  19|0x00000000a1300000, 0x00000000a1300000, 0x00000000a1400000|  0%| F|  |TAMS 0x00000000a1300000, 0x00000000a1300000| Untracked 
|  20|0x00000000a1400000, 0x00000000a1400000, 0x00000000a1500000|  0%| F|  |TAMS 0x00000000a1400000, 0x00000000a1400000| Untracked 
|  21|0x00000000a1500000, 0x00000000a1500000, 0x00000000a1600000|  0%| F|  |TAMS 0x00000000a1500000, 0x00000000a1500000| Untracked 
|  22|0x00000000a1600000, 0x00000000a1600000, 0x00000000a1700000|  0%| F|  |TAMS 0x00000000a1600000, 0x00000000a1600000| Untracked 
|  23|0x00000000a1700000, 0x00000000a1700000, 0x00000000a1800000|  0%| F|  |TAMS 0x00000000a1700000, 0x00000000a1700000| Untracked 
|  24|0x00000000a1800000, 0x00000000a1800000, 0x00000000a1900000|  0%| F|  |TAMS 0x00000000a1800000, 0x00000000a1800000| Untracked 
|  25|0x00000000a1900000, 0x00000000a1900000, 0x00000000a1a00000|  0%| F|  |TAMS 0x00000000a1900000, 0x00000000a1900000| Untracked 
|  26|0x00000000a1a00000, 0x00000000a1a00000, 0x00000000a1b00000|  0%| F|  |TAMS 0x00000000a1a00000, 0x00000000a1a00000| Untracked 
|  27|0x00000000a1b00000, 0x00000000a1b00000, 0x00000000a1c00000|  0%| F|  |TAMS 0x00000000a1b00000, 0x00000000a1b00000| Untracked 
|  28|0x00000000a1c00000, 0x00000000a1c00000, 0x00000000a1d00000|  0%| F|  |TAMS 0x00000000a1c00000, 0x00000000a1c00000| Untracked 
|  29|0x00000000a1d00000, 0x00000000a1d00000, 0x00000000a1e00000|  0%| F|  |TAMS 0x00000000a1d00000, 0x00000000a1d00000| Untracked 
|  30|0x00000000a1e00000, 0x00000000a1e00000, 0x00000000a1f00000|  0%| F|  |TAMS 0x00000000a1e00000, 0x00000000a1e00000| Untracked 
|  31|0x00000000a1f00000, 0x00000000a1f00000, 0x00000000a2000000|  0%| F|  |TAMS 0x00000000a1f00000, 0x00000000a1f00000| Untracked 
|  32|0x00000000a2000000, 0x00000000a2000000, 0x00000000a2100000|  0%| F|  |TAMS 0x00000000a2000000, 0x00000000a2000000| Untracked 
|  33|0x00000000a2100000, 0x00000000a2100000, 0x00000000a2200000|  0%| F|  |TAMS 0x00000000a2100000, 0x00000000a2100000| Untracked 
|  34|0x00000000a2200000, 0x00000000a2200000, 0x00000000a2300000|  0%| F|  |TAMS 0x00000000a2200000, 0x00000000a2200000| Untracked 
|  35|0x00000000a2300000, 0x00000000a2300000, 0x00000000a2400000|  0%| F|  |TAMS 0x00000000a2300000, 0x00000000a2300000| Untracked 
|  36|0x00000000a2400000, 0x00000000a2400000, 0x00000000a2500000|  0%| F|  |TAMS 0x00000000a2400000, 0x00000000a2400000| Untracked 
|  37|0x00000000a2500000, 0x00000000a2500000, 0x00000000a2600000|  0%| F|  |TAMS 0x00000000a2500000, 0x00000000a2500000| Untracked 
|  38|0x00000000a2600000, 0x00000000a2600000, 0x00000000a2700000|  0%| F|  |TAMS 0x00000000a2600000, 0x00000000a2600000| Untracked 
|  39|0x00000000a2700000, 0x00000000a2700000, 0x00000000a2800000|  0%| F|  |TAMS 0x00000000a2700000, 0x00000000a2700000| Untracked 
|  40|0x00000000a2800000, 0x00000000a2800000, 0x00000000a2900000|  0%| F|  |TAMS 0x00000000a2800000, 0x00000000a2800000| Untracked 
|  41|0x00000000a2900000, 0x00000000a2900000, 0x00000000a2a00000|  0%| F|  |TAMS 0x00000000a2900000, 0x00000000a2900000| Untracked 
|  42|0x00000000a2a00000, 0x00000000a2a00000, 0x00000000a2b00000|  0%| F|  |TAMS 0x00000000a2a00000, 0x00000000a2a00000| Untracked 
|  43|0x00000000a2b00000, 0x00000000a2b00000, 0x00000000a2c00000|  0%| F|  |TAMS 0x00000000a2b00000, 0x00000000a2b00000| Untracked 
|  44|0x00000000a2c00000, 0x00000000a2c00000, 0x00000000a2d00000|  0%| F|  |TAMS 0x00000000a2c00000, 0x00000000a2c00000| Untracked 
|  45|0x00000000a2d00000, 0x00000000a2d00000, 0x00000000a2e00000|  0%| F|  |TAMS 0x00000000a2d00000, 0x00000000a2d00000| Untracked 
|  46|0x00000000a2e00000, 0x00000000a2e00000, 0x00000000a2f00000|  0%| F|  |TAMS 0x00000000a2e00000, 0x00000000a2e00000| Untracked 
|  47|0x00000000a2f00000, 0x00000000a2f00000, 0x00000000a3000000|  0%| F|  |TAMS 0x00000000a2f00000, 0x00000000a2f00000| Untracked 
|  48|0x00000000a3000000, 0x00000000a3000000, 0x00000000a3100000|  0%| F|  |TAMS 0x00000000a3000000, 0x00000000a3000000| Untracked 
|  49|0x00000000a3100000, 0x00000000a3100000, 0x00000000a3200000|  0%| F|  |TAMS 0x00000000a3100000, 0x00000000a3100000| Untracked 
|  50|0x00000000a3200000, 0x00000000a3200000, 0x00000000a3300000|  0%| F|  |TAMS 0x00000000a3200000, 0x00000000a3200000| Untracked 
|  51|0x00000000a3300000, 0x00000000a3300000, 0x00000000a3400000|  0%| F|  |TAMS 0x00000000a3300000, 0x00000000a3300000| Untracked 
|  52|0x00000000a3400000, 0x00000000a3400000, 0x00000000a3500000|  0%| F|  |TAMS 0x00000000a3400000, 0x00000000a3400000| Untracked 
|  53|0x00000000a3500000, 0x00000000a3500000, 0x00000000a3600000|  0%| F|  |TAMS 0x00000000a3500000, 0x00000000a3500000| Untracked 
|  54|0x00000000a3600000, 0x00000000a3600000, 0x00000000a3700000|  0%| F|  |TAMS 0x00000000a3600000, 0x00000000a3600000| Untracked 
|  55|0x00000000a3700000, 0x00000000a3700000, 0x00000000a3800000|  0%| F|  |TAMS 0x00000000a3700000, 0x00000000a3700000| Untracked 
|  56|0x00000000a3800000, 0x00000000a3800000, 0x00000000a3900000|  0%| F|  |TAMS 0x00000000a3800000, 0x00000000a3800000| Untracked 
|  57|0x00000000a3900000, 0x00000000a3900000, 0x00000000a3a00000|  0%| F|  |TAMS 0x00000000a3900000, 0x00000000a3900000| Untracked 
|  58|0x00000000a3a00000, 0x00000000a3a00000, 0x00000000a3b00000|  0%| F|  |TAMS 0x00000000a3a00000, 0x00000000a3a00000| Untracked 
|  59|0x00000000a3b00000, 0x00000000a3b00000, 0x00000000a3c00000|  0%| F|  |TAMS 0x00000000a3b00000, 0x00000000a3b00000| Untracked 
|  60|0x00000000a3c00000, 0x00000000a3c00000, 0x00000000a3d00000|  0%| F|  |TAMS 0x00000000a3c00000, 0x00000000a3c00000| Untracked 
|  61|0x00000000a3d00000, 0x00000000a3d00000, 0x00000000a3e00000|  0%| F|  |TAMS 0x00000000a3d00000, 0x00000000a3d00000| Untracked 
|  62|0x00000000a3e00000, 0x00000000a3e00000, 0x00000000a3f00000|  0%| F|  |TAMS 0x00000000a3e00000, 0x00000000a3e00000| Untracked 
|  63|0x00000000a3f00000, 0x00000000a3f00000, 0x00000000a4000000|  0%| F|  |TAMS 0x00000000a3f00000, 0x00000000a3f00000| Untracked 
|  64|0x00000000a4000000, 0x00000000a4000000, 0x00000000a4100000|  0%| F|  |TAMS 0x00000000a4000000, 0x00000000a4000000| Untracked 
|  65|0x00000000a4100000, 0x00000000a4100000, 0x00000000a4200000|  0%| F|  |TAMS 0x00000000a4100000, 0x00000000a4100000| Untracked 
|  66|0x00000000a4200000, 0x00000000a4200000, 0x00000000a4300000|  0%| F|  |TAMS 0x00000000a4200000, 0x00000000a4200000| Untracked 
|  67|0x00000000a4300000, 0x00000000a4300000, 0x00000000a4400000|  0%| F|  |TAMS 0x00000000a4300000, 0x00000000a4300000| Untracked 
|  68|0x00000000a4400000, 0x00000000a4400000, 0x00000000a4500000|  0%| F|  |TAMS 0x00000000a4400000, 0x00000000a4400000| Untracked 
|  69|0x00000000a4500000, 0x00000000a4500000, 0x00000000a4600000|  0%| F|  |TAMS 0x00000000a4500000, 0x00000000a4500000| Untracked 
|  70|0x00000000a4600000, 0x00000000a4600000, 0x00000000a4700000|  0%| F|  |TAMS 0x00000000a4600000, 0x00000000a4600000| Untracked 
|  71|0x00000000a4700000, 0x00000000a4700000, 0x00000000a4800000|  0%| F|  |TAMS 0x00000000a4700000, 0x00000000a4700000| Untracked 
|  72|0x00000000a4800000, 0x00000000a4800000, 0x00000000a4900000|  0%| F|  |TAMS 0x00000000a4800000, 0x00000000a4800000| Untracked 
|  73|0x00000000a4900000, 0x00000000a4900000, 0x00000000a4a00000|  0%| F|  |TAMS 0x00000000a4900000, 0x00000000a4900000| Untracked 
|  74|0x00000000a4a00000, 0x00000000a4a00000, 0x00000000a4b00000|  0%| F|  |TAMS 0x00000000a4a00000, 0x00000000a4a00000| Untracked 
|  75|0x00000000a4b00000, 0x00000000a4b00000, 0x00000000a4c00000|  0%| F|  |TAMS 0x00000000a4b00000, 0x00000000a4b00000| Untracked 
|  76|0x00000000a4c00000, 0x00000000a4c00000, 0x00000000a4d00000|  0%| F|  |TAMS 0x00000000a4c00000, 0x00000000a4c00000| Untracked 
|  77|0x00000000a4d00000, 0x00000000a4d00000, 0x00000000a4e00000|  0%| F|  |TAMS 0x00000000a4d00000, 0x00000000a4d00000| Untracked 
|  78|0x00000000a4e00000, 0x00000000a4e00000, 0x00000000a4f00000|  0%| F|  |TAMS 0x00000000a4e00000, 0x00000000a4e00000| Untracked 
|  79|0x00000000a4f00000, 0x00000000a4f00000, 0x00000000a5000000|  0%| F|  |TAMS 0x00000000a4f00000, 0x00000000a4f00000| Untracked 
|  80|0x00000000a5000000, 0x00000000a5000000, 0x00000000a5100000|  0%| F|  |TAMS 0x00000000a5000000, 0x00000000a5000000| Untracked 
|  81|0x00000000a5100000, 0x00000000a5100000, 0x00000000a5200000|  0%| F|  |TAMS 0x00000000a5100000, 0x00000000a5100000| Untracked 
|  82|0x00000000a5200000, 0x00000000a5200000, 0x00000000a5300000|  0%| F|  |TAMS 0x00000000a5200000, 0x00000000a5200000| Untracked 
|  83|0x00000000a5300000, 0x00000000a5300000, 0x00000000a5400000|  0%| F|  |TAMS 0x00000000a5300000, 0x00000000a5300000| Untracked 
|  84|0x00000000a5400000, 0x00000000a5400000, 0x00000000a5500000|  0%| F|  |TAMS 0x00000000a5400000, 0x00000000a5400000| Untracked 
|  85|0x00000000a5500000, 0x00000000a5500000, 0x00000000a5600000|  0%| F|  |TAMS 0x00000000a5500000, 0x00000000a5500000| Untracked 
|  86|0x00000000a5600000, 0x00000000a5600000, 0x00000000a5700000|  0%| F|  |TAMS 0x00000000a5600000, 0x00000000a5600000| Untracked 
|  87|0x00000000a5700000, 0x00000000a5700000, 0x00000000a5800000|  0%| F|  |TAMS 0x00000000a5700000, 0x00000000a5700000| Untracked 
|  88|0x00000000a5800000, 0x00000000a5800000, 0x00000000a5900000|  0%| F|  |TAMS 0x00000000a5800000, 0x00000000a5800000| Untracked 
|  89|0x00000000a5900000, 0x00000000a5900000, 0x00000000a5a00000|  0%| F|  |TAMS 0x00000000a5900000, 0x00000000a5900000| Untracked 
|  90|0x00000000a5a00000, 0x00000000a5a00000, 0x00000000a5b00000|  0%| F|  |TAMS 0x00000000a5a00000, 0x00000000a5a00000| Untracked 
|  91|0x00000000a5b00000, 0x00000000a5b00000, 0x00000000a5c00000|  0%| F|  |TAMS 0x00000000a5b00000, 0x00000000a5b00000| Untracked 
|  92|0x00000000a5c00000, 0x00000000a5c00000, 0x00000000a5d00000|  0%| F|  |TAMS 0x00000000a5c00000, 0x00000000a5c00000| Untracked 
|  93|0x00000000a5d00000, 0x00000000a5d00000, 0x00000000a5e00000|  0%| F|  |TAMS 0x00000000a5d00000, 0x00000000a5d00000| Untracked 
|  94|0x00000000a5e00000, 0x00000000a5e00000, 0x00000000a5f00000|  0%| F|  |TAMS 0x00000000a5e00000, 0x00000000a5e00000| Untracked 
|  95|0x00000000a5f00000, 0x00000000a5f00000, 0x00000000a6000000|  0%| F|  |TAMS 0x00000000a5f00000, 0x00000000a5f00000| Untracked 
|  96|0x00000000a6000000, 0x00000000a6000000, 0x00000000a6100000|  0%| F|  |TAMS 0x00000000a6000000, 0x00000000a6000000| Untracked 
|  97|0x00000000a6100000, 0x00000000a6100000, 0x00000000a6200000|  0%| F|  |TAMS 0x00000000a6100000, 0x00000000a6100000| Untracked 
|  98|0x00000000a6200000, 0x00000000a6200000, 0x00000000a6300000|  0%| F|  |TAMS 0x00000000a6200000, 0x00000000a6200000| Untracked 
|  99|0x00000000a6300000, 0x00000000a6300000, 0x00000000a6400000|  0%| F|  |TAMS 0x00000000a6300000, 0x00000000a6300000| Untracked 
| 100|0x00000000a6400000, 0x00000000a6400000, 0x00000000a6500000|  0%| F|  |TAMS 0x00000000a6400000, 0x00000000a6400000| Untracked 
| 101|0x00000000a6500000, 0x00000000a6500000, 0x00000000a6600000|  0%| F|  |TAMS 0x00000000a6500000, 0x00000000a6500000| Untracked 
| 102|0x00000000a6600000, 0x00000000a6600000, 0x00000000a6700000|  0%| F|  |TAMS 0x00000000a6600000, 0x00000000a6600000| Untracked 
| 103|0x00000000a6700000, 0x00000000a6700000, 0x00000000a6800000|  0%| F|  |TAMS 0x00000000a6700000, 0x00000000a6700000| Untracked 
| 104|0x00000000a6800000, 0x00000000a6800000, 0x00000000a6900000|  0%| F|  |TAMS 0x00000000a6800000, 0x00000000a6800000| Untracked 
| 105|0x00000000a6900000, 0x00000000a6900000, 0x00000000a6a00000|  0%| F|  |TAMS 0x00000000a6900000, 0x00000000a6900000| Untracked 
| 106|0x00000000a6a00000, 0x00000000a6a00000, 0x00000000a6b00000|  0%| F|  |TAMS 0x00000000a6a00000, 0x00000000a6a00000| Untracked 
| 107|0x00000000a6b00000, 0x00000000a6b00000, 0x00000000a6c00000|  0%| F|  |TAMS 0x00000000a6b00000, 0x00000000a6b00000| Untracked 
| 108|0x00000000a6c00000, 0x00000000a6c00000, 0x00000000a6d00000|  0%| F|  |TAMS 0x00000000a6c00000, 0x00000000a6c00000| Untracked 
| 109|0x00000000a6d00000, 0x00000000a6d00000, 0x00000000a6e00000|  0%| F|  |TAMS 0x00000000a6d00000, 0x00000000a6d00000| Untracked 
| 110|0x00000000a6e00000, 0x00000000a6e00000, 0x00000000a6f00000|  0%| F|  |TAMS 0x00000000a6e00000, 0x00000000a6e00000| Untracked 
| 111|0x00000000a6f00000, 0x00000000a6f00000, 0x00000000a7000000|  0%| F|  |TAMS 0x00000000a6f00000, 0x00000000a6f00000| Untracked 
| 112|0x00000000a7000000, 0x00000000a7000000, 0x00000000a7100000|  0%| F|  |TAMS 0x00000000a7000000, 0x00000000a7000000| Untracked 
| 113|0x00000000a7100000, 0x00000000a7100000, 0x00000000a7200000|  0%| F|  |TAMS 0x00000000a7100000, 0x00000000a7100000| Untracked 
| 114|0x00000000a7200000, 0x00000000a7200000, 0x00000000a7300000|  0%| F|  |TAMS 0x00000000a7200000, 0x00000000a7200000| Untracked 
| 115|0x00000000a7300000, 0x00000000a7300000, 0x00000000a7400000|  0%| F|  |TAMS 0x00000000a7300000, 0x00000000a7300000| Untracked 
| 116|0x00000000a7400000, 0x00000000a7400000, 0x00000000a7500000|  0%| F|  |TAMS 0x00000000a7400000, 0x00000000a7400000| Untracked 
| 117|0x00000000a7500000, 0x00000000a7500000, 0x00000000a7600000|  0%| F|  |TAMS 0x00000000a7500000, 0x00000000a7500000| Untracked 
| 118|0x00000000a7600000, 0x00000000a7600000, 0x00000000a7700000|  0%| F|  |TAMS 0x00000000a7600000, 0x00000000a7600000| Untracked 
| 119|0x00000000a7700000, 0x00000000a7700000, 0x00000000a7800000|  0%| F|  |TAMS 0x00000000a7700000, 0x00000000a7700000| Untracked 
| 120|0x00000000a7800000, 0x00000000a7800000, 0x00000000a7900000|  0%| F|  |TAMS 0x00000000a7800000, 0x00000000a7800000| Untracked 
| 121|0x00000000a7900000, 0x00000000a7900000, 0x00000000a7a00000|  0%| F|  |TAMS 0x00000000a7900000, 0x00000000a7900000| Untracked 
| 122|0x00000000a7a00000, 0x00000000a7a00000, 0x00000000a7b00000|  0%| F|  |TAMS 0x00000000a7a00000, 0x00000000a7a00000| Untracked 
| 123|0x00000000a7b00000, 0x00000000a7b00000, 0x00000000a7c00000|  0%| F|  |TAMS 0x00000000a7b00000, 0x00000000a7b00000| Untracked 
| 124|0x00000000a7c00000, 0x00000000a7c00000, 0x00000000a7d00000|  0%| F|  |TAMS 0x00000000a7c00000, 0x00000000a7c00000| Untracked 
| 125|0x00000000a7d00000, 0x00000000a7d00000, 0x00000000a7e00000|  0%| F|  |TAMS 0x00000000a7d00000, 0x00000000a7d00000| Untracked 
| 126|0x00000000a7e00000, 0x00000000a7e00000, 0x00000000a7f00000|  0%| F|  |TAMS 0x00000000a7e00000, 0x00000000a7e00000| Untracked 
| 127|0x00000000a7f00000, 0x00000000a7f00000, 0x00000000a8000000|  0%| F|  |TAMS 0x00000000a7f00000, 0x00000000a7f00000| Untracked 
| 128|0x00000000a8000000, 0x00000000a8000000, 0x00000000a8100000|  0%| F|  |TAMS 0x00000000a8000000, 0x00000000a8000000| Untracked 
| 129|0x00000000a8100000, 0x00000000a8100000, 0x00000000a8200000|  0%| F|  |TAMS 0x00000000a8100000, 0x00000000a8100000| Untracked 
| 130|0x00000000a8200000, 0x00000000a8200000, 0x00000000a8300000|  0%| F|  |TAMS 0x00000000a8200000, 0x00000000a8200000| Untracked 
| 131|0x00000000a8300000, 0x00000000a8300000, 0x00000000a8400000|  0%| F|  |TAMS 0x00000000a8300000, 0x00000000a8300000| Untracked 
| 132|0x00000000a8400000, 0x00000000a8400000, 0x00000000a8500000|  0%| F|  |TAMS 0x00000000a8400000, 0x00000000a8400000| Untracked 
| 133|0x00000000a8500000, 0x00000000a8500000, 0x00000000a8600000|  0%| F|  |TAMS 0x00000000a8500000, 0x00000000a8500000| Untracked 
| 134|0x00000000a8600000, 0x00000000a8600000, 0x00000000a8700000|  0%| F|  |TAMS 0x00000000a8600000, 0x00000000a8600000| Untracked 
| 135|0x00000000a8700000, 0x00000000a8700000, 0x00000000a8800000|  0%| F|  |TAMS 0x00000000a8700000, 0x00000000a8700000| Untracked 
| 136|0x00000000a8800000, 0x00000000a8800000, 0x00000000a8900000|  0%| F|  |TAMS 0x00000000a8800000, 0x00000000a8800000| Untracked 
| 137|0x00000000a8900000, 0x00000000a8900000, 0x00000000a8a00000|  0%| F|  |TAMS 0x00000000a8900000, 0x00000000a8900000| Untracked 
| 138|0x00000000a8a00000, 0x00000000a8a00000, 0x00000000a8b00000|  0%| F|  |TAMS 0x00000000a8a00000, 0x00000000a8a00000| Untracked 
| 139|0x00000000a8b00000, 0x00000000a8b00000, 0x00000000a8c00000|  0%| F|  |TAMS 0x00000000a8b00000, 0x00000000a8b00000| Untracked 
| 140|0x00000000a8c00000, 0x00000000a8c00000, 0x00000000a8d00000|  0%| F|  |TAMS 0x00000000a8c00000, 0x00000000a8c00000| Untracked 
| 141|0x00000000a8d00000, 0x00000000a8d00000, 0x00000000a8e00000|  0%| F|  |TAMS 0x00000000a8d00000, 0x00000000a8d00000| Untracked 
| 142|0x00000000a8e00000, 0x00000000a8e00000, 0x00000000a8f00000|  0%| F|  |TAMS 0x00000000a8e00000, 0x00000000a8e00000| Untracked 
| 143|0x00000000a8f00000, 0x00000000a8f00000, 0x00000000a9000000|  0%| F|  |TAMS 0x00000000a8f00000, 0x00000000a8f00000| Untracked 
| 144|0x00000000a9000000, 0x00000000a9000000, 0x00000000a9100000|  0%| F|  |TAMS 0x00000000a9000000, 0x00000000a9000000| Untracked 
| 145|0x00000000a9100000, 0x00000000a9100000, 0x00000000a9200000|  0%| F|  |TAMS 0x00000000a9100000, 0x00000000a9100000| Untracked 
| 146|0x00000000a9200000, 0x00000000a9200000, 0x00000000a9300000|  0%| F|  |TAMS 0x00000000a9200000, 0x00000000a9200000| Untracked 
| 147|0x00000000a9300000, 0x00000000a9300000, 0x00000000a9400000|  0%| F|  |TAMS 0x00000000a9300000, 0x00000000a9300000| Untracked 
| 148|0x00000000a9400000, 0x00000000a9400000, 0x00000000a9500000|  0%| F|  |TAMS 0x00000000a9400000, 0x00000000a9400000| Untracked 
| 149|0x00000000a9500000, 0x00000000a9500000, 0x00000000a9600000|  0%| F|  |TAMS 0x00000000a9500000, 0x00000000a9500000| Untracked 
| 150|0x00000000a9600000, 0x00000000a9600000, 0x00000000a9700000|  0%| F|  |TAMS 0x00000000a9600000, 0x00000000a9600000| Untracked 
| 151|0x00000000a9700000, 0x00000000a9700000, 0x00000000a9800000|  0%| F|  |TAMS 0x00000000a9700000, 0x00000000a9700000| Untracked 
| 152|0x00000000a9800000, 0x00000000a9800000, 0x00000000a9900000|  0%| F|  |TAMS 0x00000000a9800000, 0x00000000a9800000| Untracked 
| 153|0x00000000a9900000, 0x00000000a9900000, 0x00000000a9a00000|  0%| F|  |TAMS 0x00000000a9900000, 0x00000000a9900000| Untracked 
| 154|0x00000000a9a00000, 0x00000000a9a00000, 0x00000000a9b00000|  0%| F|  |TAMS 0x00000000a9a00000, 0x00000000a9a00000| Untracked 
| 155|0x00000000a9b00000, 0x00000000a9b00000, 0x00000000a9c00000|  0%| F|  |TAMS 0x00000000a9b00000, 0x00000000a9b00000| Untracked 
| 156|0x00000000a9c00000, 0x00000000a9c00000, 0x00000000a9d00000|  0%| F|  |TAMS 0x00000000a9c00000, 0x00000000a9c00000| Untracked 
| 157|0x00000000a9d00000, 0x00000000a9d00000, 0x00000000a9e00000|  0%| F|  |TAMS 0x00000000a9d00000, 0x00000000a9d00000| Untracked 
| 158|0x00000000a9e00000, 0x00000000a9e00000, 0x00000000a9f00000|  0%| F|  |TAMS 0x00000000a9e00000, 0x00000000a9e00000| Untracked 
| 159|0x00000000a9f00000, 0x00000000a9f00000, 0x00000000aa000000|  0%| F|  |TAMS 0x00000000a9f00000, 0x00000000a9f00000| Untracked 
| 160|0x00000000aa000000, 0x00000000aa000000, 0x00000000aa100000|  0%| F|  |TAMS 0x00000000aa000000, 0x00000000aa000000| Untracked 
| 161|0x00000000aa100000, 0x00000000aa100000, 0x00000000aa200000|  0%| F|  |TAMS 0x00000000aa100000, 0x00000000aa100000| Untracked 
| 162|0x00000000aa200000, 0x00000000aa200000, 0x00000000aa300000|  0%| F|  |TAMS 0x00000000aa200000, 0x00000000aa200000| Untracked 
| 163|0x00000000aa300000, 0x00000000aa300000, 0x00000000aa400000|  0%| F|  |TAMS 0x00000000aa300000, 0x00000000aa300000| Untracked 
| 164|0x00000000aa400000, 0x00000000aa400000, 0x00000000aa500000|  0%| F|  |TAMS 0x00000000aa400000, 0x00000000aa400000| Untracked 
| 165|0x00000000aa500000, 0x00000000aa500000, 0x00000000aa600000|  0%| F|  |TAMS 0x00000000aa500000, 0x00000000aa500000| Untracked 
| 166|0x00000000aa600000, 0x00000000aa600000, 0x00000000aa700000|  0%| F|  |TAMS 0x00000000aa600000, 0x00000000aa600000| Untracked 
| 167|0x00000000aa700000, 0x00000000aa700000, 0x00000000aa800000|  0%| F|  |TAMS 0x00000000aa700000, 0x00000000aa700000| Untracked 
| 168|0x00000000aa800000, 0x00000000aa800000, 0x00000000aa900000|  0%| F|  |TAMS 0x00000000aa800000, 0x00000000aa800000| Untracked 
| 169|0x00000000aa900000, 0x00000000aa900000, 0x00000000aaa00000|  0%| F|  |TAMS 0x00000000aa900000, 0x00000000aa900000| Untracked 
| 170|0x00000000aaa00000, 0x00000000aaa00000, 0x00000000aab00000|  0%| F|  |TAMS 0x00000000aaa00000, 0x00000000aaa00000| Untracked 
| 171|0x00000000aab00000, 0x00000000aab00000, 0x00000000aac00000|  0%| F|  |TAMS 0x00000000aab00000, 0x00000000aab00000| Untracked 
| 172|0x00000000aac00000, 0x00000000aac00000, 0x00000000aad00000|  0%| F|  |TAMS 0x00000000aac00000, 0x00000000aac00000| Untracked 
| 173|0x00000000aad00000, 0x00000000aad00000, 0x00000000aae00000|  0%| F|  |TAMS 0x00000000aad00000, 0x00000000aad00000| Untracked 
| 174|0x00000000aae00000, 0x00000000aae00000, 0x00000000aaf00000|  0%| F|  |TAMS 0x00000000aae00000, 0x00000000aae00000| Untracked 
| 175|0x00000000aaf00000, 0x00000000aaf00000, 0x00000000ab000000|  0%| F|  |TAMS 0x00000000aaf00000, 0x00000000aaf00000| Untracked 
| 176|0x00000000ab000000, 0x00000000ab000000, 0x00000000ab100000|  0%| F|  |TAMS 0x00000000ab000000, 0x00000000ab000000| Untracked 
| 177|0x00000000ab100000, 0x00000000ab100000, 0x00000000ab200000|  0%| F|  |TAMS 0x00000000ab100000, 0x00000000ab100000| Untracked 
| 178|0x00000000ab200000, 0x00000000ab200000, 0x00000000ab300000|  0%| F|  |TAMS 0x00000000ab200000, 0x00000000ab200000| Untracked 
| 179|0x00000000ab300000, 0x00000000ab300000, 0x00000000ab400000|  0%| F|  |TAMS 0x00000000ab300000, 0x00000000ab300000| Untracked 
| 180|0x00000000ab400000, 0x00000000ab400000, 0x00000000ab500000|  0%| F|  |TAMS 0x00000000ab400000, 0x00000000ab400000| Untracked 
| 181|0x00000000ab500000, 0x00000000ab500000, 0x00000000ab600000|  0%| F|  |TAMS 0x00000000ab500000, 0x00000000ab500000| Untracked 
| 182|0x00000000ab600000, 0x00000000ab600000, 0x00000000ab700000|  0%| F|  |TAMS 0x00000000ab600000, 0x00000000ab600000| Untracked 
| 183|0x00000000ab700000, 0x00000000ab700000, 0x00000000ab800000|  0%| F|  |TAMS 0x00000000ab700000, 0x00000000ab700000| Untracked 
| 184|0x00000000ab800000, 0x00000000ab800000, 0x00000000ab900000|  0%| F|  |TAMS 0x00000000ab800000, 0x00000000ab800000| Untracked 
| 185|0x00000000ab900000, 0x00000000ab900000, 0x00000000aba00000|  0%| F|  |TAMS 0x00000000ab900000, 0x00000000ab900000| Untracked 
| 186|0x00000000aba00000, 0x00000000aba00000, 0x00000000abb00000|  0%| F|  |TAMS 0x00000000aba00000, 0x00000000aba00000| Untracked 
| 187|0x00000000abb00000, 0x00000000abb00000, 0x00000000abc00000|  0%| F|  |TAMS 0x00000000abb00000, 0x00000000abb00000| Untracked 
| 188|0x00000000abc00000, 0x00000000abc00000, 0x00000000abd00000|  0%| F|  |TAMS 0x00000000abc00000, 0x00000000abc00000| Untracked 
| 189|0x00000000abd00000, 0x00000000abd00000, 0x00000000abe00000|  0%| F|  |TAMS 0x00000000abd00000, 0x00000000abd00000| Untracked 
| 190|0x00000000abe00000, 0x00000000abe00000, 0x00000000abf00000|  0%| F|  |TAMS 0x00000000abe00000, 0x00000000abe00000| Untracked 
| 191|0x00000000abf00000, 0x00000000abf00000, 0x00000000ac000000|  0%| F|  |TAMS 0x00000000abf00000, 0x00000000abf00000| Untracked 
| 192|0x00000000ac000000, 0x00000000ac080800, 0x00000000ac100000|100%| E|  |TAMS 0x00000000ac000000, 0x00000000ac000000| Complete 
| 193|0x00000000ac100000, 0x00000000ac200000, 0x00000000ac200000|100%| E|CS|TAMS 0x00000000ac100000, 0x00000000ac100000| Complete 
| 194|0x00000000ac200000, 0x00000000ac300000, 0x00000000ac300000|100%| E|CS|TAMS 0x00000000ac200000, 0x00000000ac200000| Complete 
| 195|0x00000000ac300000, 0x00000000ac400000, 0x00000000ac400000|100%| E|CS|TAMS 0x00000000ac300000, 0x00000000ac300000| Complete 
| 196|0x00000000ac400000, 0x00000000ac500000, 0x00000000ac500000|100%| E|CS|TAMS 0x00000000ac400000, 0x00000000ac400000| Complete 
| 197|0x00000000ac500000, 0x00000000ac600000, 0x00000000ac600000|100%| E|CS|TAMS 0x00000000ac500000, 0x00000000ac500000| Complete 
| 198|0x00000000ac600000, 0x00000000ac700000, 0x00000000ac700000|100%| E|CS|TAMS 0x00000000ac600000, 0x00000000ac600000| Complete 
| 199|0x00000000ac700000, 0x00000000ac800000, 0x00000000ac800000|100%| E|CS|TAMS 0x00000000ac700000, 0x00000000ac700000| Complete 
| 200|0x00000000ac800000, 0x00000000ac900000, 0x00000000ac900000|100%| E|CS|TAMS 0x00000000ac800000, 0x00000000ac800000| Complete 
| 201|0x00000000ac900000, 0x00000000aca00000, 0x00000000aca00000|100%| E|CS|TAMS 0x00000000ac900000, 0x00000000ac900000| Complete 
| 202|0x00000000aca00000, 0x00000000acb00000, 0x00000000acb00000|100%| E|CS|TAMS 0x00000000aca00000, 0x00000000aca00000| Complete 
| 203|0x00000000acb00000, 0x00000000acc00000, 0x00000000acc00000|100%| E|CS|TAMS 0x00000000acb00000, 0x00000000acb00000| Complete 
| 204|0x00000000acc00000, 0x00000000acd00000, 0x00000000acd00000|100%| E|CS|TAMS 0x00000000acc00000, 0x00000000acc00000| Complete 
| 205|0x00000000acd00000, 0x00000000ace00000, 0x00000000ace00000|100%| E|CS|TAMS 0x00000000acd00000, 0x00000000acd00000| Complete 
| 206|0x00000000ace00000, 0x00000000acf00000, 0x00000000acf00000|100%| E|CS|TAMS 0x00000000ace00000, 0x00000000ace00000| Complete 
| 207|0x00000000acf00000, 0x00000000ad000000, 0x00000000ad000000|100%| E|CS|TAMS 0x00000000acf00000, 0x00000000acf00000| Complete 
| 208|0x00000000ad000000, 0x00000000ad100000, 0x00000000ad100000|100%| E|CS|TAMS 0x00000000ad000000, 0x00000000ad000000| Complete 
| 209|0x00000000ad100000, 0x00000000ad200000, 0x00000000ad200000|100%| E|CS|TAMS 0x00000000ad100000, 0x00000000ad100000| Complete 
| 210|0x00000000ad200000, 0x00000000ad300000, 0x00000000ad300000|100%| E|CS|TAMS 0x00000000ad200000, 0x00000000ad200000| Complete 
| 211|0x00000000ad300000, 0x00000000ad400000, 0x00000000ad400000|100%| E|CS|TAMS 0x00000000ad300000, 0x00000000ad300000| Complete 
| 212|0x00000000ad400000, 0x00000000ad500000, 0x00000000ad500000|100%| E|CS|TAMS 0x00000000ad400000, 0x00000000ad400000| Complete 
| 213|0x00000000ad500000, 0x00000000ad600000, 0x00000000ad600000|100%| E|CS|TAMS 0x00000000ad500000, 0x00000000ad500000| Complete 
| 214|0x00000000ad600000, 0x00000000ad700000, 0x00000000ad700000|100%| E|CS|TAMS 0x00000000ad600000, 0x00000000ad600000| Complete 
| 215|0x00000000ad700000, 0x00000000ad800000, 0x00000000ad800000|100%| E|CS|TAMS 0x00000000ad700000, 0x00000000ad700000| Complete 
| 216|0x00000000ad800000, 0x00000000ad900000, 0x00000000ad900000|100%| E|CS|TAMS 0x00000000ad800000, 0x00000000ad800000| Complete 
| 217|0x00000000ad900000, 0x00000000ada00000, 0x00000000ada00000|100%| E|CS|TAMS 0x00000000ad900000, 0x00000000ad900000| Complete 
| 218|0x00000000ada00000, 0x00000000adb00000, 0x00000000adb00000|100%| E|CS|TAMS 0x00000000ada00000, 0x00000000ada00000| Complete 
| 219|0x00000000adb00000, 0x00000000adc00000, 0x00000000adc00000|100%| E|CS|TAMS 0x00000000adb00000, 0x00000000adb00000| Complete 
| 220|0x00000000adc00000, 0x00000000add00000, 0x00000000add00000|100%| E|CS|TAMS 0x00000000adc00000, 0x00000000adc00000| Complete 
| 221|0x00000000add00000, 0x00000000ade00000, 0x00000000ade00000|100%| E|CS|TAMS 0x00000000add00000, 0x00000000add00000| Complete 
| 222|0x00000000ade00000, 0x00000000adf00000, 0x00000000adf00000|100%| E|CS|TAMS 0x00000000ade00000, 0x00000000ade00000| Complete 
| 223|0x00000000adf00000, 0x00000000ae000000, 0x00000000ae000000|100%| E|CS|TAMS 0x00000000adf00000, 0x00000000adf00000| Complete 
| 224|0x00000000ae000000, 0x00000000ae100000, 0x00000000ae100000|100%| E|CS|TAMS 0x00000000ae000000, 0x00000000ae000000| Complete 
| 225|0x00000000ae100000, 0x00000000ae200000, 0x00000000ae200000|100%| E|CS|TAMS 0x00000000ae100000, 0x00000000ae100000| Complete 
| 226|0x00000000ae200000, 0x00000000ae300000, 0x00000000ae300000|100%| E|CS|TAMS 0x00000000ae200000, 0x00000000ae200000| Complete 
| 227|0x00000000ae300000, 0x00000000ae400000, 0x00000000ae400000|100%| E|CS|TAMS 0x00000000ae300000, 0x00000000ae300000| Complete 
| 228|0x00000000ae400000, 0x00000000ae500000, 0x00000000ae500000|100%| E|CS|TAMS 0x00000000ae400000, 0x00000000ae400000| Complete 
| 229|0x00000000ae500000, 0x00000000ae600000, 0x00000000ae600000|100%| E|CS|TAMS 0x00000000ae500000, 0x00000000ae500000| Complete 
| 230|0x00000000ae600000, 0x00000000ae700000, 0x00000000ae700000|100%| E|CS|TAMS 0x00000000ae600000, 0x00000000ae600000| Complete 
| 231|0x00000000ae700000, 0x00000000ae800000, 0x00000000ae800000|100%| E|CS|TAMS 0x00000000ae700000, 0x00000000ae700000| Complete 
| 232|0x00000000ae800000, 0x00000000ae900000, 0x00000000ae900000|100%| E|CS|TAMS 0x00000000ae800000, 0x00000000ae800000| Complete 
| 233|0x00000000ae900000, 0x00000000aea00000, 0x00000000aea00000|100%| E|CS|TAMS 0x00000000ae900000, 0x00000000ae900000| Complete 
| 234|0x00000000aea00000, 0x00000000aeb00000, 0x00000000aeb00000|100%| E|CS|TAMS 0x00000000aea00000, 0x00000000aea00000| Complete 
| 235|0x00000000aeb00000, 0x00000000aebaa690, 0x00000000aec00000| 66%| S|CS|TAMS 0x00000000aeb00000, 0x00000000aeb00000| Complete 
| 236|0x00000000aec00000, 0x00000000aed00000, 0x00000000aed00000|100%| E|CS|TAMS 0x00000000aec00000, 0x00000000aec00000| Complete 
| 237|0x00000000aed00000, 0x00000000aee00000, 0x00000000aee00000|100%| E|CS|TAMS 0x00000000aed00000, 0x00000000aed00000| Complete 
| 238|0x00000000aee00000, 0x00000000aef00000, 0x00000000aef00000|100%| E|CS|TAMS 0x00000000aee00000, 0x00000000aee00000| Complete 
| 239|0x00000000aef00000, 0x00000000af000000, 0x00000000af000000|100%| E|CS|TAMS 0x00000000aef00000, 0x00000000aef00000| Complete 
| 240|0x00000000af000000, 0x00000000af100000, 0x00000000af100000|100%| E|CS|TAMS 0x00000000af000000, 0x00000000af000000| Complete 
| 241|0x00000000af100000, 0x00000000af200000, 0x00000000af200000|100%| E|CS|TAMS 0x00000000af100000, 0x00000000af100000| Complete 
| 242|0x00000000af200000, 0x00000000af300000, 0x00000000af300000|100%| E|CS|TAMS 0x00000000af200000, 0x00000000af200000| Complete 
| 243|0x00000000af300000, 0x00000000af400000, 0x00000000af400000|100%| E|CS|TAMS 0x00000000af300000, 0x00000000af300000| Complete 
| 244|0x00000000af400000, 0x00000000af500000, 0x00000000af500000|100%| E|CS|TAMS 0x00000000af400000, 0x00000000af400000| Complete 
| 245|0x00000000af500000, 0x00000000af600000, 0x00000000af600000|100%| E|CS|TAMS 0x00000000af500000, 0x00000000af500000| Complete 

Card table byte_map: [0x00000234f1ab0000,0x00000234f1db0000] _byte_map_base: 0x00000234f15b0000

Marking Bits (Prev, Next): (CMBitMap*) 0x00000234de5e9110, (CMBitMap*) 0x00000234de5e90d8
 Prev Bits: [0x00000234f38b0000, 0x00000234f50b0000)
 Next Bits: [0x00000234f20b0000, 0x00000234f38b0000)

Polling page: 0x00000234db220000

Metaspace:

Usage:
  Non-class:     23.03 MB capacity,    22.61 MB ( 98%) used,   375.84 KB (  2%) free+waste,    53.63 KB ( <1%) overhead. 
      Class:      3.61 MB capacity,     3.38 MB ( 94%) used,   203.75 KB (  6%) free+waste,    27.25 KB ( <1%) overhead. 
       Both:     26.63 MB capacity,    25.99 MB ( 98%) used,   579.59 KB (  2%) free+waste,    80.88 KB ( <1%) overhead. 

Virtual space:
  Non-class space:       24.00 MB reserved,      23.17 MB ( 97%) committed 
      Class space:        1.00 GB reserved,       3.63 MB ( <1%) committed 
             Both:        1.02 GB reserved,      26.80 MB (  3%) committed 

Chunk freelists:
   Non-Class:  20.00 KB
       Class:  19.00 KB
        Both:  39.00 KB

MaxMetaspaceSize: 17179869184.00 GB
CompressedClassSpaceSize: 1.00 GB
Initial GC threshold: 20.80 MB
Current GC threshold: 35.08 MB
CDS: off

CodeHeap 'non-profiled nmethods': size=120000Kb used=1192Kb max_used=1192Kb free=118807Kb
 bounds [0x00000234e9d30000, 0x00000234e9fa0000, 0x00000234f1260000]
CodeHeap 'profiled nmethods': size=120000Kb used=4789Kb max_used=4789Kb free=115210Kb
 bounds [0x00000234e2800000, 0x00000234e2cb0000, 0x00000234e9d30000]
CodeHeap 'non-nmethods': size=5760Kb used=1228Kb max_used=1256Kb free=4531Kb
 bounds [0x00000234e2260000, 0x00000234e24d0000, 0x00000234e2800000]
 total_blobs=2737 nmethods=2232 adapters=417
 compilation: enabled
              stopped_count=0, restarted_count=0
 full_count=0

Compilation events (20 events):
Event: 3.772 Thread 0x00000234f7d9f000 2214       3       org.objectweb.asm.Handler::getExceptionTableLength (21 bytes)
Event: 3.772 Thread 0x00000234f7d9f000 nmethod 2214 0x00000234e2ca7590 code [0x00000234e2ca7740, 0x00000234e2ca78d8]
Event: 3.772 Thread 0x00000234f7d9f000 2216       3       org.objectweb.asm.ByteVector::putInt (74 bytes)
Event: 3.772 Thread 0x00000234f7d9f000 nmethod 2216 0x00000234e2ca7a10 code [0x00000234e2ca7be0, 0x00000234e2ca7e28]
Event: 3.772 Thread 0x00000234f7d9f000 2215       3       org.objectweb.asm.MethodWriter::visitAbstractType (8 bytes)
Event: 3.772 Thread 0x00000234f7d9f000 nmethod 2215 0x00000234e2ca7f90 code [0x00000234e2ca8140, 0x00000234e2ca8278]
Event: 4.361 Thread 0x00000234f7d9f000 2217       3       java.util.concurrent.locks.ReentrantLock::unlock (10 bytes)
Event: 4.361 Thread 0x00000234f7d9f000 nmethod 2217 0x00000234e2ca8390 code [0x00000234e2ca8560, 0x00000234e2ca8898]
Event: 4.626 Thread 0x00000234f7d9f000 2218       3       java.util.concurrent.locks.LockSupport::setBlocker (12 bytes)
Event: 4.626 Thread 0x00000234f7d9f000 nmethod 2218 0x00000234e2ca8a10 code [0x00000234e2ca8bc0, 0x00000234e2ca8cf8]
Event: 4.641 Thread 0x00000234f7d9f000 2219       3       java.util.concurrent.locks.AbstractQueuedSynchronizer::isOnSyncQueue (33 bytes)
Event: 4.641 Thread 0x00000234f7d9f000 nmethod 2219 0x00000234e2ca8d90 code [0x00000234e2ca8f60, 0x00000234e2ca92b8]
Event: 4.657 Thread 0x00000234f7d9f000 2220       3       java.lang.invoke.DirectMethodHandle$Holder::invokeStatic (20 bytes)
Event: 4.657 Thread 0x00000234f7d9f000 nmethod 2220 0x00000234e2ca9410 code [0x00000234e2ca95e0, 0x00000234e2ca9ab8]
Event: 4.657 Thread 0x00000234f7d9f000 2221       3       java.lang.StringConcatHelper::prepend (16 bytes)
Event: 4.657 Thread 0x00000234f7d9f000 nmethod 2221 0x00000234e2ca9c10 code [0x00000234e2ca9de0, 0x00000234e2caa008]
Event: 4.658 Thread 0x00000234f7d9f000 2222       3       java.lang.invoke.VarHandleObjects$FieldInstanceReadWrite::set (30 bytes)
Event: 4.658 Thread 0x00000234f7d9f000 nmethod 2222 0x00000234e2caa190 code [0x00000234e2caa3c0, 0x00000234e2caaac8]
Event: 4.765 Thread 0x00000234f7d9f000 2223       1       org.gradle.launcher.daemon.server.exec.DaemonConnectionBackedEventConsumer::access$000 (5 bytes)
Event: 4.765 Thread 0x00000234f7d9f000 nmethod 2223 0x00000234e9e58a90 code [0x00000234e9e58c40, 0x00000234e9e58cd8]

GC Heap History (6 events):
Event: 0.777 GC heap before
{Heap before GC invocations=0 (full 0):
 garbage-first heap   total 251904K, used 29696K [0x00000000a0000000, 0x0000000100000000)
  region size 1024K, 24 young (24576K), 0 survivors (0K)
 Metaspace       used 10160K, capacity 10397K, committed 10624K, reserved 1058816K
  class space    used 1045K, capacity 1107K, committed 1152K, reserved 1048576K
}
Event: 0.781 GC heap after
{Heap after GC invocations=1 (full 0):
 garbage-first heap   total 251904K, used 9656K [0x00000000a0000000, 0x0000000100000000)
  region size 1024K, 3 young (3072K), 3 survivors (3072K)
 Metaspace       used 10160K, capacity 10397K, committed 10624K, reserved 1058816K
  class space    used 1045K, capacity 1107K, committed 1152K, reserved 1048576K
}
Event: 3.139 GC heap before
{Heap before GC invocations=1 (full 0):
 garbage-first heap   total 251904K, used 106936K [0x00000000a0000000, 0x0000000100000000)
  region size 1024K, 99 young (101376K), 3 survivors (3072K)
 Metaspace       used 20649K, capacity 21211K, committed 21296K, reserved 1069056K
  class space    used 2492K, capacity 2665K, committed 2688K, reserved 1048576K
}
Event: 3.147 GC heap after
{Heap after GC invocations=2 (full 0):
 garbage-first heap   total 251904K, used 16803K [0x00000000a0000000, 0x0000000100000000)
  region size 1024K, 10 young (10240K), 10 survivors (10240K)
 Metaspace       used 20649K, capacity 21211K, committed 21296K, reserved 1069056K
  class space    used 2492K, capacity 2665K, committed 2688K, reserved 1048576K
}
Event: 3.255 GC heap before
{Heap before GC invocations=3 (full 0):
 garbage-first heap   total 251904K, used 26019K [0x00000000a0000000, 0x0000000100000000)
  region size 1024K, 20 young (20480K), 10 survivors (10240K)
 Metaspace       used 21698K, capacity 22343K, committed 22576K, reserved 1069056K
  class space    used 2689K, capacity 2874K, committed 2944K, reserved 1048576K
}
Event: 3.260 GC heap after
{Heap after GC invocations=4 (full 0):
 garbage-first heap   total 251904K, used 17123K [0x00000000a0000000, 0x0000000100000000)
  region size 1024K, 1 young (1024K), 1 survivors (1024K)
 Metaspace       used 21698K, capacity 22343K, committed 22576K, reserved 1069056K
  class space    used 2689K, capacity 2874K, committed 2944K, reserved 1048576K
}

Deoptimization events (20 events):
Event: 3.368 Thread 0x00000234fa80e000 Uncommon trap: trap_request=0xffffff4d fr.pc=0x00000234e9dae2d4 relative=0x0000000000000094
Event: 3.368 Thread 0x00000234fa80e000 Uncommon trap: reason=unstable_if action=reinterpret pc=0x00000234e9dae2d4 method=java.util.LinkedHashMap.afterNodeInsertion(Z)V @ 1 c2
Event: 3.368 Thread 0x00000234fa80e000 DEOPT PACKING pc=0x00000234e9dae2d4 sp=0x000000e0da6fcd50
Event: 3.368 Thread 0x00000234fa80e000 DEOPT UNPACKING pc=0x00000234e22aa1af sp=0x000000e0da6fccd0 mode 2
Event: 3.372 Thread 0x00000234fa80e000 Uncommon trap: trap_request=0xffffff4d fr.pc=0x00000234e9e17f78 relative=0x0000000000000238
Event: 3.372 Thread 0x00000234fa80e000 Uncommon trap: reason=unstable_if action=reinterpret pc=0x00000234e9e17f78 method=java.util.concurrent.ConcurrentHashMap.get(Ljava/lang/Object;)Ljava/lang/Object; @ 76 c2
Event: 3.372 Thread 0x00000234fa80e000 DEOPT PACKING pc=0x00000234e9e17f78 sp=0x000000e0da6fae60
Event: 3.372 Thread 0x00000234fa80e000 DEOPT UNPACKING pc=0x00000234e22aa1af sp=0x000000e0da6fadc8 mode 2
Event: 3.625 Thread 0x00000234fa80e000 Uncommon trap: trap_request=0xffffff7e fr.pc=0x00000234e9e4a514 relative=0x0000000000000154
Event: 3.625 Thread 0x00000234fa80e000 Uncommon trap: reason=predicate action=maybe_recompile pc=0x00000234e9e4a514 method=com.google.common.base.CharMatcher.indexIn(Ljava/lang/CharSequence;I)I @ 19 c2
Event: 3.625 Thread 0x00000234fa80e000 DEOPT PACKING pc=0x00000234e9e4a514 sp=0x000000e0da6fbe50
Event: 3.625 Thread 0x00000234fa80e000 DEOPT UNPACKING pc=0x00000234e22aa1af sp=0x000000e0da6fbde0 mode 2
Event: 3.657 Thread 0x00000234fa80e000 Uncommon trap: trap_request=0xffffffde fr.pc=0x00000234e9e302a8 relative=0x00000000000002e8
Event: 3.657 Thread 0x00000234fa80e000 Uncommon trap: reason=class_check action=maybe_recompile pc=0x00000234e9e302a8 method=java.util.Collections$SetFromMap.remove(Ljava/lang/Object;)Z @ 5 c2
Event: 3.657 Thread 0x00000234fa80e000 DEOPT PACKING pc=0x00000234e9e302a8 sp=0x000000e0da6fc890
Event: 3.657 Thread 0x00000234fa80e000 DEOPT UNPACKING pc=0x00000234e22aa1af sp=0x000000e0da6fc888 mode 2
Event: 3.657 Thread 0x00000234fa80e000 Uncommon trap: trap_request=0xffffffde fr.pc=0x00000234e9e302a8 relative=0x00000000000002e8
Event: 3.657 Thread 0x00000234fa80e000 Uncommon trap: reason=class_check action=maybe_recompile pc=0x00000234e9e302a8 method=java.util.Collections$SetFromMap.remove(Ljava/lang/Object;)Z @ 5 c2
Event: 3.657 Thread 0x00000234fa80e000 DEOPT PACKING pc=0x00000234e9e302a8 sp=0x000000e0da6fc810
Event: 3.657 Thread 0x00000234fa80e000 DEOPT UNPACKING pc=0x00000234e22aa1af sp=0x000000e0da6fc808 mode 2

Classes redefined (0 events):
No events

Internal exceptions (20 events):
Event: 3.024 Thread 0x00000234fa80e000 Exception <a 'java/lang/NoSuchMethodError'{0x00000000a9cd45f0}: 'void java.lang.invoke.DirectMethodHandle$Holder.invokeInterface(java.lang.Object, java.lang.Object)'> (0x00000000a9cd45f0) thrown at [./src/hotspot/share/interpreter/linkResolver.cpp, line 773]
Event: 3.024 Thread 0x00000234fa80e000 Exception <a 'java/lang/IncompatibleClassChangeError'{0x00000000a9cd77a0}: Found class java.lang.Object, but interface was expected> (0x00000000a9cd77a0) thrown at [./src/hotspot/share/interpreter/linkResolver.cpp, line 839]
Event: 3.039 Thread 0x00000234fa80e000 Exception <a 'java/lang/NoSuchMethodError'{0x00000000a9a4cd40}: 'void java.lang.invoke.DirectMethodHandle$Holder.invokeStaticInit(java.lang.Object)'> (0x00000000a9a4cd40) thrown at [./src/hotspot/share/interpreter/linkResolver.cpp, line 773]
Event: 3.070 Thread 0x00000234fa80e000 Exception <a 'java/lang/NoSuchMethodError'{0x00000000a98ca710}: 'java.lang.Object java.lang.invoke.DirectMethodHandle$Holder.invokeStatic(java.lang.Object, java.lang.Object, java.lang.Object, int)'> (0x00000000a98ca710) thrown at [./src/hotspot/share/interpreter/linkResolver.cpp, line 773]
Event: 3.070 Thread 0x00000234fa80e000 Exception <a 'java/lang/NoSuchMethodError'{0x00000000a98ce8d8}: 'java.lang.Object java.lang.invoke.DirectMethodHandle$Holder.invokeSpecial(java.lang.Object, java.lang.Object, java.lang.Object, java.lang.Object, int)'> (0x00000000a98ce8d8) thrown at [./src/hotspot/share/interpreter/linkResolver.cpp, line 773]
Event: 3.070 Thread 0x00000234fa80e000 Exception <a 'java/lang/NoSuchMethodError'{0x00000000a98d22c0}: 'java.lang.Object java.lang.invoke.Invokers$Holder.linkToTargetMethod(java.lang.Object, java.lang.Object, int, java.lang.Object)'> (0x00000000a98d22c0) thrown at [./src/hotspot/share/interpreter/linkResolver.cpp, line 773]
Event: 3.137 Thread 0x00000234fa80e000 Exception <a 'java/lang/NoSuchMethodError'{0x00000000a938de08}: 'int java.lang.invoke.DirectMethodHandle$Holder.invokeSpecialIFC(java.lang.Object, java.lang.Object, java.lang.Object, java.lang.Object)'> (0x00000000a938de08) thrown at [./src/hotspot/share/interpreter/linkResolver.cpp, line 773]
Event: 3.139 Thread 0x00000234fa80e000 Exception <a 'java/lang/NoSuchMethodError'{0x00000000a939bb28}: 'java.lang.Object java.lang.invoke.DirectMethodHandle$Holder.invokeInterface(java.lang.Object, java.lang.Object, java.lang.Object)'> (0x00000000a939bb28) thrown at [./src/hotspot/share/interpreter/linkResolver.cpp, line 773]
Event: 3.139 Thread 0x00000234fa80e000 Exception <a 'java/lang/IncompatibleClassChangeError'{0x00000000a939f000}: Found class java.lang.Object, but interface was expected> (0x00000000a939f000) thrown at [./src/hotspot/share/interpreter/linkResolver.cpp, line 839]
Event: 3.159 Thread 0x00000234fa80e000 Exception <a 'java/lang/NoSuchMethodError'{0x00000000af43b660}: 'void java.lang.invoke.DirectMethodHandle$Holder.invokeStatic(java.lang.Object, java.lang.Object, java.lang.Object, java.lang.Object, java.lang.Object)'> (0x00000000af43b660) thrown at [./src/hotspot/share/interpreter/linkResolver.cpp, line 773]
Event: 3.221 Thread 0x00000234fa80e000 Exception <a 'java/lang/NoSuchMethodError'{0x00000000aef18c50}: 'void java.lang.invoke.DirectMethodHandle$Holder.invokeSpecial(java.lang.Object, java.lang.Object)'> (0x00000000aef18c50) thrown at [./src/hotspot/share/interpreter/linkResolver.cpp, line 773]
Event: 3.246 Thread 0x00000234fa80e000 Exception <a 'java/lang/NoSuchMethodError'{0x00000000aed559d8}: 'java.lang.Object java.lang.invoke.DirectMethodHandle$Holder.invokeSpecial(java.lang.Object, java.lang.Object, java.lang.Object, java.lang.Object, java.lang.Object, java.lang.Object, java.lang.Object, java.lang.Object, java.lang.Object)'> (0x00000000aed559d8) thrown at [./src/hotspot/share/interpreter/linkResolver.cpp, line 773]
Event: 3.311 Thread 0x00000234fa80e000 Exception <a 'java/lang/NoSuchMethodError'{0x00000000aed5fb08}: 'java.lang.Object java.lang.invoke.DirectMethodHandle$Holder.invokeVirtual(java.lang.Object, java.lang.Object, java.lang.Object, java.lang.Object)'> (0x00000000aed5fb08) thrown at [./src/hotspot/share/interpreter/linkResolver.cpp, line 773]
Event: 3.333 Thread 0x00000234fa80e000 Exception <a 'java/lang/NoSuchMethodError'{0x00000000ae929a70}: 'java.lang.Object java.lang.invoke.Invokers$Holder.invoker(java.lang.Object, java.lang.Object, java.lang.Object, java.lang.Object, java.lang.Object)'> (0x00000000ae929a70) thrown at [./src/hotspot/share/interpreter/linkResolver.cpp, line 773]
Event: 3.405 Thread 0x00000234fa80e000 Exception <a 'java/lang/NoSuchMethodError'{0x00000000ae577b90}: 'void java.lang.invoke.DirectMethodHandle$Holder.invokeSpecial(java.lang.Object, java.lang.Object, java.lang.Object, java.lang.Object, java.lang.Object, java.lang.Object)'> (0x00000000ae577b90) thrown at [./src/hotspot/share/interpreter/linkResolver.cpp, line 773]
Event: 3.414 Thread 0x00000234fa80e000 Exception <a 'java/lang/NoSuchMethodError'{0x00000000ae5dd408}: 'void java.lang.invoke.DirectMethodHandle$Holder.invokeSpecial(java.lang.Object, java.lang.Object, java.lang.Object, java.lang.Object, java.lang.Object, java.lang.Object, java.lang.Object)'> (0x00000000ae5dd408) thrown at [./src/hotspot/share/interpreter/linkResolver.cpp, line 773]
Event: 3.415 Thread 0x00000234fa80e000 Exception <a 'java/lang/NoSuchMethodError'{0x00000000ae5e5650}: 'java.lang.Object java.lang.invoke.Invokers$Holder.linkToTargetMethod(java.lang.Object, java.lang.Object, java.lang.Object, java.lang.Object, java.lang.Object, java.lang.Object)'> (0x00000000ae5e5650) thrown at [./src/hotspot/share/interpreter/linkResolver.cpp, line 773]
Event: 3.566 Thread 0x00000234fa80e000 Exception <a 'java/lang/NoSuchMethodError'{0x00000000ad726a48}: 'void java.lang.invoke.DirectMethodHandle$Holder.invokeStaticInit(java.lang.Object, java.lang.Object)'> (0x00000000ad726a48) thrown at [./src/hotspot/share/interpreter/linkResolver.cpp, line 773]
Event: 3.649 Thread 0x00000234fa80e000 Exception <a 'java/lang/NoSuchMethodError'{0x00000000ad2fee00}: 'void java.lang.invoke.DirectMethodHandle$Holder.invokeStatic(java.lang.Object, java.lang.Object, java.lang.Object, java.lang.Object)'> (0x00000000ad2fee00) thrown at [./src/hotspot/share/interpreter/linkResolver.cpp, line 773]
Event: 3.652 Thread 0x00000234fa80e000 Exception <a 'java/lang/NoSuchMethodError'{0x00000000ad164b98}: 'int java.lang.invoke.DirectMethodHandle$Holder.invokeInterface(java.lang.Object, java.lang.Object)'> (0x00000000ad164b98) thrown at [./src/hotspot/share/interpreter/linkResolver.cpp, line 773]

Events (20 events):
Event: 3.770 loading class org/gradle/model/internal/type/ModelType$Simple
Event: 3.770 loading class org/gradle/model/internal/type/ModelType$Simple done
Event: 3.770 loading class org/gradle/model/internal/type/TypeWrapper
Event: 3.770 loading class org/gradle/model/internal/type/TypeWrapper done
Event: 3.771 loading class org/gradle/model/internal/type/ClassTypeWrapper
Event: 3.771 loading class org/gradle/model/internal/type/ClassTypeWrapper done
Event: 3.773 loading class org/gradle/internal/component/external/model/PreferJavaRuntimeVariant$PreferRuntimeVariantUsageDisambiguationRule
Event: 3.773 loading class org/gradle/internal/component/external/model/PreferJavaRuntimeVariant$PreferRuntimeVariantUsageDisambiguationRule done
Event: 3.774 loading class org/gradle/internal/component/external/model/PreferJavaRuntimeVariant$PreferJarVariantUsageDisambiguationRule
Event: 3.774 loading class org/gradle/internal/component/external/model/PreferJavaRuntimeVariant$PreferJarVariantUsageDisambiguationRule done
Event: 3.775 loading class org/gradle/api/internal/artifacts/repositories/metadata/MavenImmutableAttributesFactory
Event: 3.775 loading class org/gradle/api/internal/artifacts/repositories/metadata/MavenImmutableAttributesFactory done
Event: 3.776 loading class org/gradle/internal/component/external/model/maven/MutableMavenModuleResolveMetadata
Event: 3.776 loading class org/gradle/internal/component/external/model/maven/MutableMavenModuleResolveMetadata done
Event: 3.777 loading class org/gradle/internal/component/external/model/MutableModuleComponentResolveMetadata
Event: 3.777 loading class org/gradle/internal/component/external/model/MutableModuleComponentResolveMetadata done
Event: 3.777 loading class org/gradle/api/internal/artifacts/repositories/metadata/DefaultMavenImmutableAttributesFactory
Event: 3.777 loading class org/gradle/api/internal/artifacts/repositories/metadata/DefaultMavenImmutableAttributesFactory done
Event: 3.778 loading class org/gradle/internal/component/external/model/ivy/MutableIvyModuleResolveMetadata
Event: 3.778 loading class org/gradle/internal/component/external/model/ivy/MutableIvyModuleResolveMetadata done


Dynamic libraries:
0x00007ff7234c0000 - 0x00007ff7234ca000 	E:\IDEA\2021.3.1\IntelliJ IDEA 2021.3.1\jbr\bin\java.exe
0x00007ff856fb0000 - 0x00007ff8571c6000 	C:\WINDOWS\SYSTEM32\ntdll.dll
0x00007ff8556e0000 - 0x00007ff8557a4000 	C:\WINDOWS\System32\KERNEL32.DLL
0x00007ff8548b0000 - 0x00007ff854c5d000 	C:\WINDOWS\System32\KERNELBASE.dll
0x00007ff8542f0000 - 0x00007ff854405000 	C:\WINDOWS\System32\ucrtbase.dll
0x00007ff842df0000 - 0x00007ff842e09000 	E:\IDEA\2021.3.1\IntelliJ IDEA 2021.3.1\jbr\bin\jli.dll
0x00007ff842cd0000 - 0x00007ff842ce7000 	E:\IDEA\2021.3.1\IntelliJ IDEA 2021.3.1\jbr\bin\VCRUNTIME140.dll
0x00007ff8568c0000 - 0x00007ff856a73000 	C:\WINDOWS\System32\USER32.dll
0x00007ff8545c0000 - 0x00007ff8545e7000 	C:\WINDOWS\System32\win32u.dll
0x00007ff856340000 - 0x00007ff856369000 	C:\WINDOWS\System32\GDI32.dll
0x00007ff83ccc0000 - 0x00007ff83cf5d000 	C:\WINDOWS\WinSxS\amd64_microsoft.windows.common-controls_6595b64144ccf1df_6.0.25314.1000_none_7ba522e2a3810f62\COMCTL32.dll
0x00007ff854490000 - 0x00007ff8545af000 	C:\WINDOWS\System32\gdi32full.dll
0x00007ff855540000 - 0x00007ff8555e7000 	C:\WINDOWS\System32\msvcrt.dll
0x00007ff854770000 - 0x00007ff854815000 	C:\WINDOWS\System32\msvcp_win.dll
0x00007ff856770000 - 0x00007ff8567a0000 	C:\WINDOWS\System32\IMM32.DLL
0x00007ff83f680000 - 0x00007ff83f808000 	E:\steam\steam_app\gameoverlayrenderer64.dll
0x00007ff856e30000 - 0x00007ff856ee0000 	C:\WINDOWS\System32\ADVAPI32.dll
0x00007ff856d20000 - 0x00007ff856dc5000 	C:\WINDOWS\System32\sechost.dll
0x00007ff8565d0000 - 0x00007ff8566f9000 	C:\WINDOWS\System32\RPCRT4.dll
0x00007ff856380000 - 0x00007ff85651f000 	C:\WINDOWS\System32\ole32.dll
0x00007ff855b20000 - 0x00007ff855ecc000 	C:\WINDOWS\System32\combase.dll
0x00007ff8557c0000 - 0x00007ff855898000 	C:\WINDOWS\System32\OLEAUT32.dll
0x00007ff854d20000 - 0x00007ff854d28000 	C:\WINDOWS\System32\PSAPI.DLL
0x00007ff84b5e0000 - 0x00007ff84b615000 	C:\WINDOWS\SYSTEM32\WINMM.dll
0x00007ff80b100000 - 0x00007ff80b19d000 	E:\IDEA\2021.3.1\IntelliJ IDEA 2021.3.1\jbr\bin\msvcp140.dll
0x00007ff8195e0000 - 0x00007ff81a156000 	E:\IDEA\2021.3.1\IntelliJ IDEA 2021.3.1\jbr\bin\server\jvm.dll
0x00007ff839540000 - 0x00007ff839549000 	C:\WINDOWS\SYSTEM32\WSOCK32.dll
0x00007ff84aaa0000 - 0x00007ff84aaaa000 	C:\WINDOWS\SYSTEM32\VERSION.dll
0x00007ff856ef0000 - 0x00007ff856f63000 	C:\WINDOWS\System32\WS2_32.dll
0x00007ff853290000 - 0x00007ff8532a8000 	C:\WINDOWS\SYSTEM32\kernel.appcore.dll
0x00007ff845000000 - 0x00007ff845011000 	E:\IDEA\2021.3.1\IntelliJ IDEA 2021.3.1\jbr\bin\verify.dll
0x00007ff851b80000 - 0x00007ff851db5000 	C:\WINDOWS\SYSTEM32\DBGHELP.DLL
0x00007ff83c4f0000 - 0x00007ff83c522000 	C:\WINDOWS\SYSTEM32\dbgcore.DLL
0x00007ff854820000 - 0x00007ff8548a3000 	C:\WINDOWS\System32\bcryptPrimitives.dll
0x00007ff843530000 - 0x00007ff843559000 	E:\IDEA\2021.3.1\IntelliJ IDEA 2021.3.1\jbr\bin\java.dll
0x00007ff8434f0000 - 0x00007ff8434fb000 	E:\IDEA\2021.3.1\IntelliJ IDEA 2021.3.1\jbr\bin\jimage.dll
0x00007ff842d40000 - 0x00007ff842d58000 	E:\IDEA\2021.3.1\IntelliJ IDEA 2021.3.1\jbr\bin\zip.dll
0x00007ff854d30000 - 0x00007ff85553a000 	C:\WINDOWS\System32\SHELL32.dll
0x00007ff8521f0000 - 0x00007ff852a95000 	C:\WINDOWS\SYSTEM32\windows.storage.dll
0x00007ff8558f0000 - 0x00007ff8559d0000 	C:\WINDOWS\System32\SHCORE.dll
0x00007ff856dd0000 - 0x00007ff856e2d000 	C:\WINDOWS\System32\shlwapi.dll
0x00007ff854210000 - 0x00007ff854231000 	C:\WINDOWS\SYSTEM32\profapi.dll
0x00007ff842d20000 - 0x00007ff842d3a000 	E:\IDEA\2021.3.1\IntelliJ IDEA 2021.3.1\jbr\bin\net.dll
0x00007ff84c9b0000 - 0x00007ff84cade000 	C:\WINDOWS\SYSTEM32\WINHTTP.dll
0x00007ff853720000 - 0x00007ff853789000 	C:\WINDOWS\system32\mswsock.dll
0x00007ff842320000 - 0x00007ff842334000 	E:\IDEA\2021.3.1\IntelliJ IDEA 2021.3.1\jbr\bin\nio.dll
0x00007ff814020000 - 0x00007ff814047000 	C:\Users\Lenovo\.gradle\native\8bec1ad78214c89d9ad589b4d07fe93259594b29d510b10fafb7a158f7737e5d\windows-amd64\native-platform.dll
0x00007ff802550000 - 0x00007ff80268d000 	C:\Users\Lenovo\.gradle\native\53dbd7edfb1c66fb8903c78663c9afc45aea4f116125fa6feffd364cf09443e8\windows-amd64\native-platform-file-events.dll
0x00007ff842d10000 - 0x00007ff842d1a000 	E:\IDEA\2021.3.1\IntelliJ IDEA 2021.3.1\jbr\bin\management.dll
0x00007ff842b70000 - 0x00007ff842b7d000 	E:\IDEA\2021.3.1\IntelliJ IDEA 2021.3.1\jbr\bin\management_ext.dll
0x00007ff8539c0000 - 0x00007ff8539db000 	C:\WINDOWS\SYSTEM32\CRYPTSP.dll
0x00007ff8531f0000 - 0x00007ff853225000 	C:\WINDOWS\system32\rsaenh.dll
0x00007ff853820000 - 0x00007ff853848000 	C:\WINDOWS\SYSTEM32\USERENV.dll
0x00007ff853b70000 - 0x00007ff853b98000 	C:\WINDOWS\SYSTEM32\bcrypt.dll
0x00007ff8539b0000 - 0x00007ff8539bc000 	C:\WINDOWS\SYSTEM32\CRYPTBASE.dll
0x00007ff852d40000 - 0x00007ff852d6f000 	C:\WINDOWS\SYSTEM32\IPHLPAPI.DLL
0x00007ff856530000 - 0x00007ff856539000 	C:\WINDOWS\System32\NSI.dll
0x00007ff84d420000 - 0x00007ff84d439000 	C:\WINDOWS\SYSTEM32\dhcpcsvc6.DLL
0x00007ff84d3d0000 - 0x00007ff84d3ee000 	C:\WINDOWS\SYSTEM32\dhcpcsvc.DLL
0x00007ff852dd0000 - 0x00007ff852ede000 	C:\WINDOWS\SYSTEM32\DNSAPI.dll

dbghelp: loaded successfully - version: 4.0.5 - missing functions: none
symbol engine: initialized successfully - sym options: 0x614 - pdb path: .;E:\IDEA\2021.3.1\IntelliJ IDEA 2021.3.1\jbr\bin;C:\WINDOWS\SYSTEM32;C:\WINDOWS\WinSxS\amd64_microsoft.windows.common-controls_6595b64144ccf1df_6.0.25314.1000_none_7ba522e2a3810f62;E:\steam\steam_app;E:\IDEA\2021.3.1\IntelliJ IDEA 2021.3.1\jbr\bin\server;C:\Users\Lenovo\.gradle\native\8bec1ad78214c89d9ad589b4d07fe93259594b29d510b10fafb7a158f7737e5d\windows-amd64;C:\Users\Lenovo\.gradle\native\53dbd7edfb1c66fb8903c78663c9afc45aea4f116125fa6feffd364cf09443e8\windows-amd64

VM Arguments:
jvm_args: --add-opens=java.base/java.util=ALL-UNNAMED --add-opens=java.base/java.lang=ALL-UNNAMED --add-opens=java.base/java.lang.invoke=ALL-UNNAMED --add-opens=java.base/java.util=ALL-UNNAMED --add-opens=java.prefs/java.util.prefs=ALL-UNNAMED --add-opens=java.prefs/java.util.prefs=ALL-UNNAMED --add-opens=java.base/java.nio.charset=ALL-UNNAMED --add-opens=java.base/java.net=ALL-UNNAMED --add-opens=java.base/java.util.concurrent.atomic=ALL-UNNAMED -Xmx1536m -Dfile.encoding=GBK -Duser.country=CN -Duser.language=zh -Duser.variant 
java_command: org.gradle.launcher.daemon.bootstrap.GradleDaemon 7.0.2
java_class_path (initial): C:\Users\Lenovo\.gradle\wrapper\dists\gradle-7.0.2-all\7era6s5ay7zsbhuvl0oc9g94s\gradle-7.0.2\lib\gradle-launcher-7.0.2.jar
Launcher Type: SUN_STANDARD

[Global flags]
     intx CICompilerCount                          = 4                                         {product} {ergonomic}
     uint ConcGCThreads                            = 3                                         {product} {ergonomic}
     uint G1ConcRefinementThreads                  = 10                                        {product} {ergonomic}
   size_t G1HeapRegionSize                         = 1048576                                   {product} {ergonomic}
    uintx GCDrainStackTargetSize                   = 64                                        {product} {ergonomic}
   size_t InitialHeapSize                          = 257949696                                 {product} {ergonomic}
   size_t MarkStackSize                            = 4194304                                   {product} {ergonomic}
   size_t MaxHeapSize                              = 1610612736                                {product} {command line}
   size_t MaxNewSize                               = 965738496                                 {product} {ergonomic}
   size_t MinHeapDeltaBytes                        = 1048576                                   {product} {ergonomic}
    uintx NonNMethodCodeHeapSize                   = 5836300                                {pd product} {ergonomic}
    uintx NonProfiledCodeHeapSize                  = 122910970                              {pd product} {ergonomic}
    uintx ProfiledCodeHeapSize                     = 122910970                              {pd product} {ergonomic}
    uintx ReservedCodeCacheSize                    = 251658240                              {pd product} {ergonomic}
     bool SegmentedCodeCache                       = true                                      {product} {ergonomic}
     bool UseCompressedClassPointers               = true                                 {lp64_product} {ergonomic}
     bool UseCompressedOops                        = true                                 {lp64_product} {ergonomic}
     bool UseG1GC                                  = true                                      {product} {ergonomic}
     bool UseLargePagesIndividualAllocation        = false                                  {pd product} {ergonomic}

Logging:
Log output configuration:
 #0: stdout all=warning uptime,level,tags
 #1: stderr all=off uptime,level,tags

Environment Variables:
JAVA_HOME=C:\Program Files\Java\jdk1.8.0_201
CLASSPATH= .;C:\Program Files\Java\jdk1.8.0_201\lib\dt.jar;C:\Program Files\Java\jdk1.8.0_201\lib\tools.jar
PATH=E:\steam\steam_app;E:\VMware-station\bin\;C:\Program Files\Common Files\Oracle\Java\javapath;C:\Program Files\CodeBlocks\MinGW\bin;E:\PYTHON\Scripts\;E:\PYTHON\;C:\Program Files\Java\jdk1.8.0_201\bin;C:\Program Files\Java\jdk1.8.0_201\jre\bin;C:\Program Files (x86)\Common Files\Oracle\Java\javapath;C:\WINDOWS\system32;C:\WINDOWS;C:\WINDOWS\System32\Wbem;C:\WINDOWS\System32\WindowsPowerShell\v1.0\;C:\WINDOWS\System32\OpenSSH\;C:\Program Files\dotnet\;D:\Microsoft SQL Server (x86) (x86)\90\Tools\binn\;E:\GIT\Git\cmd;E:\Nodejs\;C:\ProgramData\chocolatey\bin;E:\Maven\apache-maven-3.8.4\bin;C:\Program Files\MySQL\MySQL Server 8.0\bin;E:\Redis\;C:\WINDOWS\system32;C:\WINDOWS;C:\WINDOWS\System32\Wbem;C:\WINDOWS\System32\WindowsPowerShell\v1.0\;C:\WINDOWS\System32\OpenSSH\;E:\Opencv455\opencv\build\x64\vc15\bin;E:\SecureCRT\;C:\myapps\Zookeeper\apache-zookeeper-3.7.1-bin\bin;C:\myapps\Nasm\nasm-2.16rc12\;C:\myapps\Qemu\;C:\Program Files\MySQL\MySQL Shell 8.0\bin\;C:\Users\Lenovo\AppData\Local\Microsoft\WindowsApps;E:\IDEA\2021.3.1\IntelliJ IDEA 2021.3.1\bin;C:\Program Files\Java\jre1.8.0_201\bin;E:\Microsoft VS Code\bin;C:\Users\Lenovo\AppData\Local\GitHubDesktop\bin;C:\Users\Lenovo\.dotnet\tools;C:\Users\Lenovo\AppData\Roaming\npm;E:\Tencent\QQGameTempest\Hall.57734\;E:\MINGW_Lib\mingw64\bin\;C:\myapps\Pycharm\PyCharm Community Edition 2022.3.2\bin
USERNAME=Lenovo
OS=Windows_NT
PROCESSOR_IDENTIFIER=AMD64 Family 23 Model 96 Stepping 1, AuthenticAMD



---------------  S Y S T E M  ---------------

OS: Windows 11 , 64 bit Build 25314 (10.0.25314.1000)
OS uptime: 2 days 5:43 hours

CPU:total 12 (initial active 12) (12 cores per cpu, 2 threads per core) family 23 model 96 stepping 1 microcode 0x8600106, cmov, cx8, fxsr, mmx, sse, sse2, sse3, ssse3, sse4.1, sse4.2, popcnt, avx, avx2, aes, clmul, mmxext, 3dnowpref, lzcnt, sse4a, ht, tsc, tscinvbit, tscinv, bmi1, bmi2, adx, sha, fma

Memory: 4k page, system-wide physical 15741M (1097M free)
TotalPageFile size 23933M (AvailPageFile size 5M)
current process WorkingSet (physical memory assigned to process): 271M, peak: 272M
current process commit charge ("private bytes"): 425M, peak: 426M

vm_info: OpenJDK 64-Bit Server VM (11.0.13+7-b1751.21) for windows-amd64 JRE (11.0.13+7-b1751.21), built on Nov 30 2021 02:32:50 by "" with MS VC++ 14.0 (VS2015)

END.
