#
# There is insufficient memory for the Java Runtime Environment to continue.
# Native memory allocation (malloc) failed to allocate 1734896 bytes for Chunk::new
# Possible reasons:
#   The system is out of physical RAM or swap space
#   The process is running with CompressedOops enabled, and the Java Heap may be blocking the growth of the native heap
# Possible solutions:
#   Reduce memory load on the system
#   Increase physical memory or swap space
#   Check if swap backing store is full
#   Decrease Java heap size (-Xmx/-Xms)
#   Decrease number of Java threads
#   Decrease Java thread stack sizes (-Xss)
#   Set larger code cache with -XX:ReservedCodeCacheSize=
#   JVM is running with Unscaled Compressed Oops mode in which the Java heap is
#     placed in the first 4GB address space. The Java Heap base address is the
#     maximum limit for the native heap growth. Please use -XX:HeapBaseMinAddress
#     to set the Java Heap base and to place the Java Heap above 4GB virtual address.
# This output file may be truncated or incomplete.
#
#  Out of Memory Error (./src/hotspot/share/memory/arena.cpp:197), pid=8, tid=8768
#
# JRE version: OpenJDK Runtime Environment JBR-11.0.13.7-1751.21-jcef (11.0.13+7) (build 11.0.13+7-b1751.21)
# Java VM: OpenJDK 64-Bit Server VM JBR-11.0.13.7-1751.21-jcef (11.0.13+7-b1751.21, mixed mode, tiered, compressed oops, g1 gc, windows-amd64)
# No core dump will be written. Minidumps are not enabled by default on client versions of Windows
#

---------------  S U M M A R Y ------------

Command Line: --add-opens=java.base/java.util=ALL-UNNAMED --add-opens=java.base/java.lang=ALL-UNNAMED --add-opens=java.base/java.lang.invoke=ALL-UNNAMED --add-opens=java.base/java.util=ALL-UNNAMED --add-opens=java.prefs/java.util.prefs=ALL-UNNAMED --add-opens=java.prefs/java.util.prefs=ALL-UNNAMED --add-opens=java.base/java.nio.charset=ALL-UNNAMED --add-opens=java.base/java.net=ALL-UNNAMED --add-opens=java.base/java.util.concurrent.atomic=ALL-UNNAMED -Xmx1536m -Dfile.encoding=GBK -Duser.country=CN -Duser.language=zh -Duser.variant org.gradle.launcher.daemon.bootstrap.GradleDaemon 7.0.2

Host: AMD Ryzen 5 4600U with Radeon Graphics         , 12 cores, 15G,  Windows 11 , 64 bit Build 25314 (10.0.25314.1000)
Time: Mon Mar 13 15:35:34 2023 马来西亚半岛标准时间 elapsed time: 5.532396 seconds (0d 0h 0m 5s)

---------------  T H R E A D  ---------------

Current thread (0x0000013242265000):  JavaThread "C2 CompilerThread0" daemon [_thread_in_native, id=8768, stack(0x0000001747700000,0x0000001747800000)]


Current CompileTask:
C2:   5532 2520       4       jdk.internal.loader.URLClassPath::getResource (74 bytes)

Stack: [0x0000001747700000,0x0000001747800000]
Native frames: (J=compiled Java code, j=interpreted, Vv=VM code, C=native code)
V  [jvm.dll+0x613daa]
V  [jvm.dll+0x799b30]
V  [jvm.dll+0x79b14d]
V  [jvm.dll+0x79b823]
V  [jvm.dll+0x24c958]
V  [jvm.dll+0xc14dc]
V  [jvm.dll+0xc1a0c]
V  [jvm.dll+0x360c3d]
V  [jvm.dll+0x19eedc]
V  [jvm.dll+0x204e8e]
V  [jvm.dll+0x203f07]
V  [jvm.dll+0x18b2a1]
V  [jvm.dll+0x212c3b]
V  [jvm.dll+0x211491]
V  [jvm.dll+0x760b9f]
V  [jvm.dll+0x759755]
V  [jvm.dll+0x612a16]
C  [ucrtbase.dll+0x244eb]
C  [KERNEL32.DLL+0x3e2d]
C  [ntdll.dll+0x4ef48]


---------------  P R O C E S S  ---------------

Threads class SMR info:
_java_thread_list=0x0000013246780830, length=31, elements={
0x0000013228a50000, 0x00000132421c8800, 0x00000132421f4800, 0x000001324225f800,
0x0000013242260800, 0x0000013242262800, 0x0000013242265000, 0x0000013242267000,
0x0000013242270000, 0x0000013242c60000, 0x000001324418b800, 0x0000013244318000,
0x0000013244ae8000, 0x00000132443c6000, 0x000001324560f000, 0x00000132452f2800,
0x00000132448cf800, 0x0000013244d7a000, 0x0000013245167800, 0x0000013244ed1000,
0x0000013244ed1800, 0x0000013244ed3800, 0x0000013244ed5000, 0x0000013244ecf800,
0x0000013244ed4000, 0x0000013244ed2800, 0x0000013244ed6000, 0x0000013244ed0000,
0x0000013245ef5000, 0x0000013245ef0000, 0x0000013245ce5800
}

Java Threads: ( => current thread )
  0x0000013228a50000 JavaThread "main" [_thread_blocked, id=24820, stack(0x0000001746b00000,0x0000001746c00000)]
  0x00000132421c8800 JavaThread "Reference Handler" daemon [_thread_blocked, id=25572, stack(0x0000001747200000,0x0000001747300000)]
  0x00000132421f4800 JavaThread "Finalizer" daemon [_thread_blocked, id=26408, stack(0x0000001747300000,0x0000001747400000)]
  0x000001324225f800 JavaThread "Signal Dispatcher" daemon [_thread_blocked, id=28836, stack(0x0000001747400000,0x0000001747500000)]
  0x0000013242260800 JavaThread "Attach Listener" daemon [_thread_blocked, id=2212, stack(0x0000001747500000,0x0000001747600000)]
  0x0000013242262800 JavaThread "Service Thread" daemon [_thread_blocked, id=24444, stack(0x0000001747600000,0x0000001747700000)]
=>0x0000013242265000 JavaThread "C2 CompilerThread0" daemon [_thread_in_native, id=8768, stack(0x0000001747700000,0x0000001747800000)]
  0x0000013242267000 JavaThread "C1 CompilerThread0" daemon [_thread_blocked, id=16660, stack(0x0000001747800000,0x0000001747900000)]
  0x0000013242270000 JavaThread "Sweeper thread" daemon [_thread_blocked, id=22068, stack(0x0000001747900000,0x0000001747a00000)]
  0x0000013242c60000 JavaThread "Common-Cleaner" daemon [_thread_blocked, id=25880, stack(0x0000001747a00000,0x0000001747b00000)]
  0x000001324418b800 JavaThread "Daemon health stats" [_thread_blocked, id=29636, stack(0x0000001748100000,0x0000001748200000)]
  0x0000013244318000 JavaThread "Incoming local TCP Connector on port 55162" [_thread_in_native, id=29244, stack(0x0000001747c00000,0x0000001747d00000)]
  0x0000013244ae8000 JavaThread "Daemon periodic checks" [_thread_blocked, id=26264, stack(0x0000001748200000,0x0000001748300000)]
  0x00000132443c6000 JavaThread "Daemon" [_thread_blocked, id=22624, stack(0x0000001748300000,0x0000001748400000)]
  0x000001324560f000 JavaThread "Handler for socket connection from /127.0.0.1:55162 to /127.0.0.1:55163" [_thread_in_native, id=22708, stack(0x0000001748400000,0x0000001748500000)]
  0x00000132452f2800 JavaThread "Cancel handler" [_thread_blocked, id=24628, stack(0x0000001748500000,0x0000001748600000)]
  0x00000132448cf800 JavaThread "Daemon worker" [_thread_in_native, id=26956, stack(0x0000001748600000,0x0000001748700000)]
  0x0000013244d7a000 JavaThread "Asynchronous log dispatcher for DefaultDaemonConnection: socket connection from /127.0.0.1:55162 to /127.0.0.1:55163" [_thread_blocked, id=25000, stack(0x0000001748700000,0x0000001748800000)]
  0x0000013245167800 JavaThread "Stdin handler" [_thread_blocked, id=25128, stack(0x0000001748800000,0x0000001748900000)]
  0x0000013244ed1000 JavaThread "Daemon client event forwarder" [_thread_blocked, id=3224, stack(0x0000001748900000,0x0000001748a00000)]
  0x0000013244ed1800 JavaThread "Cache worker for file hash cache (C:\Users\Lenovo\.gradle\caches\7.0.2\fileHashes)" [_thread_blocked, id=21008, stack(0x0000001748a00000,0x0000001748b00000)]
  0x0000013244ed3800 JavaThread "File lock request listener" [_thread_in_native, id=11488, stack(0x0000001748b00000,0x0000001748c00000)]
  0x0000013244ed5000 JavaThread "Cache worker for journal cache (C:\Users\Lenovo\.gradle\caches\journal-1)" [_thread_blocked, id=25088, stack(0x0000001749300000,0x0000001749400000)]
  0x0000013244ecf800 JavaThread "Cache worker for file hash cache (C:\myfiles\Projects\Dev\Android\BigDoAndroid\.gradle\7.0.2\fileHashes)" [_thread_blocked, id=8832, stack(0x0000001749500000,0x0000001749600000)]
  0x0000013244ed4000 JavaThread "File watcher server" daemon [_thread_in_native, id=12048, stack(0x0000001749600000,0x0000001749700000)]
  0x0000013244ed2800 JavaThread "File watcher consumer" daemon [_thread_blocked, id=25688, stack(0x0000001749700000,0x0000001749800000)]
  0x0000013244ed6000 JavaThread "Cache worker for checksums cache (C:\myfiles\Projects\Dev\Android\BigDoAndroid\.gradle\checksums)" [_thread_blocked, id=12652, stack(0x0000001749800000,0x0000001749900000)]
  0x0000013244ed0000 JavaThread "Cache worker for cache directory md-supplier (C:\Users\Lenovo\.gradle\caches\7.0.2\md-supplier)" [_thread_blocked, id=26084, stack(0x0000001749900000,0x0000001749a00000)]
  0x0000013245ef5000 JavaThread "Cache worker for cache directory md-rule (C:\Users\Lenovo\.gradle\caches\7.0.2\md-rule)" [_thread_blocked, id=15436, stack(0x0000001749b00000,0x0000001749c00000)]
  0x0000013245ef0000 JavaThread "Cache worker for execution history cache (C:\Users\Lenovo\.gradle\caches\7.0.2\executionHistory)" [_thread_blocked, id=27364, stack(0x0000001749c00000,0x0000001749d00000)]
  0x0000013245ce5800 JavaThread "C2 CompilerThread1" daemon [_thread_in_native, id=14872, stack(0x0000001749400000,0x0000001749500000)]

Other Threads:
  0x00000132421c4000 VMThread "VM Thread" [stack: 0x0000001747100000,0x0000001747200000] [id=6980]
  0x0000013242c9a000 WatcherThread [stack: 0x0000001747b00000,0x0000001747c00000] [id=16444]
  0x0000013228a68800 GCTaskThread "GC Thread#0" [stack: 0x0000001746c00000,0x0000001746d00000] [id=8792]
  0x0000013243940000 GCTaskThread "GC Thread#1" [stack: 0x0000001747d00000,0x0000001747e00000] [id=29436]
  0x00000132439e4000 GCTaskThread "GC Thread#2" [stack: 0x0000001747e00000,0x0000001747f00000] [id=13420]
  0x00000132439ae800 GCTaskThread "GC Thread#3" [stack: 0x0000001747f00000,0x0000001748000000] [id=18620]
  0x0000013242284800 GCTaskThread "GC Thread#4" [stack: 0x0000001748000000,0x0000001748100000] [id=22768]
  0x0000013244876000 GCTaskThread "GC Thread#5" [stack: 0x0000001748c00000,0x0000001748d00000] [id=22364]
  0x000001324487e800 GCTaskThread "GC Thread#6" [stack: 0x0000001748d00000,0x0000001748e00000] [id=13368]
  0x0000013244881800 GCTaskThread "GC Thread#7" [stack: 0x0000001748e00000,0x0000001748f00000] [id=27420]
  0x000001324487d800 GCTaskThread "GC Thread#8" [stack: 0x0000001748f00000,0x0000001749000000] [id=4460]
  0x000001324487b000 GCTaskThread "GC Thread#9" [stack: 0x0000001749000000,0x0000001749100000] [id=14044]
  0x0000013228a93800 ConcurrentGCThread "G1 Main Marker" [stack: 0x0000001746d00000,0x0000001746e00000] [id=15516]
  0x0000013228a95800 ConcurrentGCThread "G1 Conc#0" [stack: 0x0000001746e00000,0x0000001746f00000] [id=24304]
  0x000001324487b800 ConcurrentGCThread "G1 Conc#1" [stack: 0x0000001749100000,0x0000001749200000] [id=22884]
  0x0000013244883000 ConcurrentGCThread "G1 Conc#2" [stack: 0x0000001749200000,0x0000001749300000] [id=10948]
  0x0000013242024800 ConcurrentGCThread "G1 Refine#0" [stack: 0x0000001746f00000,0x0000001747000000] [id=13180]
  0x0000013242027800 ConcurrentGCThread "G1 Young RemSet Sampling" [stack: 0x0000001747000000,0x0000001747100000] [id=13976]

Threads with active compile tasks:
C2 CompilerThread0   5581 2520       4       jdk.internal.loader.URLClassPath::getResource (74 bytes)
C2 CompilerThread1   5582 2820   !   4       jdk.internal.loader.URLClassPath$JarLoader::getResource (353 bytes)

VM state:not at safepoint (normal execution)

VM Mutex/Monitor currently owned by a thread: None

Heap address: 0x00000000a0000000, size: 1536 MB, Compressed Oops mode: 32-bit
Narrow klass base: 0x0000000000000000, Narrow klass shift: 3
Compressed class space size: 1073741824 Address: 0x0000000100000000

Heap:
 garbage-first heap   total 251904K, used 93537K [0x00000000a0000000, 0x0000000100000000)
  region size 1024K, 77 young (78848K), 2 survivors (2048K)
 Metaspace       used 34643K, capacity 35477K, committed 35760K, reserved 1081344K
  class space    used 4454K, capacity 4768K, committed 4864K, reserved 1048576K
Heap Regions: E=young(eden), S=young(survivor), O=old, HS=humongous(starts), HC=humongous(continues), CS=collection set, F=free, A=archive, TAMS=top-at-mark-start (previous, next)
|   0|0x00000000a0000000, 0x00000000a0100000, 0x00000000a0100000|100%| O|  |TAMS 0x00000000a0000000, 0x00000000a0000000| Untracked 
|   1|0x00000000a0100000, 0x00000000a0200000, 0x00000000a0200000|100%| O|  |TAMS 0x00000000a0100000, 0x00000000a0100000| Untracked 
|   2|0x00000000a0200000, 0x00000000a0300000, 0x00000000a0300000|100%| O|  |TAMS 0x00000000a0200000, 0x00000000a0200000| Untracked 
|   3|0x00000000a0300000, 0x00000000a0400000, 0x00000000a0400000|100%|HS|  |TAMS 0x00000000a0400000, 0x00000000a0300000| Complete 
|   4|0x00000000a0400000, 0x00000000a0500000, 0x00000000a0500000|100%|HC|  |TAMS 0x00000000a0500000, 0x00000000a0400000| Complete 
|   5|0x00000000a0500000, 0x00000000a0600000, 0x00000000a0600000|100%|HC|  |TAMS 0x00000000a0600000, 0x00000000a0500000| Complete 
|   6|0x00000000a0600000, 0x00000000a0700000, 0x00000000a0700000|100%| O|  |TAMS 0x00000000a0700000, 0x00000000a0600000| Untracked 
|   7|0x00000000a0700000, 0x00000000a0800000, 0x00000000a0800000|100%| O|  |TAMS 0x00000000a0800000, 0x00000000a0700000| Untracked 
|   8|0x00000000a0800000, 0x00000000a0900000, 0x00000000a0900000|100%| O|  |TAMS 0x00000000a0900000, 0x00000000a0800000| Untracked 
|   9|0x00000000a0900000, 0x00000000a0a00000, 0x00000000a0a00000|100%| O|  |TAMS 0x00000000a0911400, 0x00000000a0900000| Untracked 
|  10|0x00000000a0a00000, 0x00000000a0b00000, 0x00000000a0b00000|100%| O|  |TAMS 0x00000000a0a00000, 0x00000000a0a00000| Untracked 
|  11|0x00000000a0b00000, 0x00000000a0c00000, 0x00000000a0c00000|100%| O|  |TAMS 0x00000000a0b00000, 0x00000000a0b00000| Untracked 
|  12|0x00000000a0c00000, 0x00000000a0d00000, 0x00000000a0d00000|100%| O|  |TAMS 0x00000000a0c00000, 0x00000000a0c00000| Untracked 
|  13|0x00000000a0d00000, 0x00000000a0e00000, 0x00000000a0e00000|100%| O|  |TAMS 0x00000000a0d00000, 0x00000000a0d00000| Untracked 
|  14|0x00000000a0e00000, 0x00000000a0f00000, 0x00000000a0f00000|100%| O|  |TAMS 0x00000000a0e00000, 0x00000000a0e00000| Untracked 
|  15|0x00000000a0f00000, 0x00000000a0fd8c00, 0x00000000a1000000| 84%| O|  |TAMS 0x00000000a0f00000, 0x00000000a0f00000| Untracked 
|  16|0x00000000a1000000, 0x00000000a1000000, 0x00000000a1100000|  0%| F|  |TAMS 0x00000000a1000000, 0x00000000a1000000| Untracked 
|  17|0x00000000a1100000, 0x00000000a1100000, 0x00000000a1200000|  0%| F|  |TAMS 0x00000000a1100000, 0x00000000a1100000| Untracked 
|  18|0x00000000a1200000, 0x00000000a1200000, 0x00000000a1300000|  0%| F|  |TAMS 0x00000000a1200000, 0x00000000a1200000| Untracked 
|  19|0x00000000a1300000, 0x00000000a1300000, 0x00000000a1400000|  0%| F|  |TAMS 0x00000000a1300000, 0x00000000a1300000| Untracked 
|  20|0x00000000a1400000, 0x00000000a1400000, 0x00000000a1500000|  0%| F|  |TAMS 0x00000000a1400000, 0x00000000a1400000| Untracked 
|  21|0x00000000a1500000, 0x00000000a1500000, 0x00000000a1600000|  0%| F|  |TAMS 0x00000000a1500000, 0x00000000a1500000| Untracked 
|  22|0x00000000a1600000, 0x00000000a1600000, 0x00000000a1700000|  0%| F|  |TAMS 0x00000000a1600000, 0x00000000a1600000| Untracked 
|  23|0x00000000a1700000, 0x00000000a1700000, 0x00000000a1800000|  0%| F|  |TAMS 0x00000000a1700000, 0x00000000a1700000| Untracked 
|  24|0x00000000a1800000, 0x00000000a1800000, 0x00000000a1900000|  0%| F|  |TAMS 0x00000000a1800000, 0x00000000a1800000| Untracked 
|  25|0x00000000a1900000, 0x00000000a1900000, 0x00000000a1a00000|  0%| F|  |TAMS 0x00000000a1900000, 0x00000000a1900000| Untracked 
|  26|0x00000000a1a00000, 0x00000000a1a00000, 0x00000000a1b00000|  0%| F|  |TAMS 0x00000000a1a00000, 0x00000000a1a00000| Untracked 
|  27|0x00000000a1b00000, 0x00000000a1b00000, 0x00000000a1c00000|  0%| F|  |TAMS 0x00000000a1b00000, 0x00000000a1b00000| Untracked 
|  28|0x00000000a1c00000, 0x00000000a1c00000, 0x00000000a1d00000|  0%| F|  |TAMS 0x00000000a1c00000, 0x00000000a1c00000| Untracked 
|  29|0x00000000a1d00000, 0x00000000a1d00000, 0x00000000a1e00000|  0%| F|  |TAMS 0x00000000a1d00000, 0x00000000a1d00000| Untracked 
|  30|0x00000000a1e00000, 0x00000000a1e00000, 0x00000000a1f00000|  0%| F|  |TAMS 0x00000000a1e00000, 0x00000000a1e00000| Untracked 
|  31|0x00000000a1f00000, 0x00000000a1f00000, 0x00000000a2000000|  0%| F|  |TAMS 0x00000000a1f00000, 0x00000000a1f00000| Untracked 
|  32|0x00000000a2000000, 0x00000000a2000000, 0x00000000a2100000|  0%| F|  |TAMS 0x00000000a2000000, 0x00000000a2000000| Untracked 
|  33|0x00000000a2100000, 0x00000000a2100000, 0x00000000a2200000|  0%| F|  |TAMS 0x00000000a2100000, 0x00000000a2100000| Untracked 
|  34|0x00000000a2200000, 0x00000000a2200000, 0x00000000a2300000|  0%| F|  |TAMS 0x00000000a2200000, 0x00000000a2200000| Untracked 
|  35|0x00000000a2300000, 0x00000000a2300000, 0x00000000a2400000|  0%| F|  |TAMS 0x00000000a2300000, 0x00000000a2300000| Untracked 
|  36|0x00000000a2400000, 0x00000000a2400000, 0x00000000a2500000|  0%| F|  |TAMS 0x00000000a2400000, 0x00000000a2400000| Untracked 
|  37|0x00000000a2500000, 0x00000000a2500000, 0x00000000a2600000|  0%| F|  |TAMS 0x00000000a2500000, 0x00000000a2500000| Untracked 
|  38|0x00000000a2600000, 0x00000000a2600000, 0x00000000a2700000|  0%| F|  |TAMS 0x00000000a2600000, 0x00000000a2600000| Untracked 
|  39|0x00000000a2700000, 0x00000000a2700000, 0x00000000a2800000|  0%| F|  |TAMS 0x00000000a2700000, 0x00000000a2700000| Untracked 
|  40|0x00000000a2800000, 0x00000000a2800000, 0x00000000a2900000|  0%| F|  |TAMS 0x00000000a2800000, 0x00000000a2800000| Untracked 
|  41|0x00000000a2900000, 0x00000000a2900000, 0x00000000a2a00000|  0%| F|  |TAMS 0x00000000a2900000, 0x00000000a2900000| Untracked 
|  42|0x00000000a2a00000, 0x00000000a2a00000, 0x00000000a2b00000|  0%| F|  |TAMS 0x00000000a2a00000, 0x00000000a2a00000| Untracked 
|  43|0x00000000a2b00000, 0x00000000a2b00000, 0x00000000a2c00000|  0%| F|  |TAMS 0x00000000a2b00000, 0x00000000a2b00000| Untracked 
|  44|0x00000000a2c00000, 0x00000000a2c00000, 0x00000000a2d00000|  0%| F|  |TAMS 0x00000000a2c00000, 0x00000000a2c00000| Untracked 
|  45|0x00000000a2d00000, 0x00000000a2d00000, 0x00000000a2e00000|  0%| F|  |TAMS 0x00000000a2d00000, 0x00000000a2d00000| Untracked 
|  46|0x00000000a2e00000, 0x00000000a2e00000, 0x00000000a2f00000|  0%| F|  |TAMS 0x00000000a2e00000, 0x00000000a2e00000| Untracked 
|  47|0x00000000a2f00000, 0x00000000a2f00000, 0x00000000a3000000|  0%| F|  |TAMS 0x00000000a2f00000, 0x00000000a2f00000| Untracked 
|  48|0x00000000a3000000, 0x00000000a3000000, 0x00000000a3100000|  0%| F|  |TAMS 0x00000000a3000000, 0x00000000a3000000| Untracked 
|  49|0x00000000a3100000, 0x00000000a3100000, 0x00000000a3200000|  0%| F|  |TAMS 0x00000000a3100000, 0x00000000a3100000| Untracked 
|  50|0x00000000a3200000, 0x00000000a3200000, 0x00000000a3300000|  0%| F|  |TAMS 0x00000000a3200000, 0x00000000a3200000| Untracked 
|  51|0x00000000a3300000, 0x00000000a3300000, 0x00000000a3400000|  0%| F|  |TAMS 0x00000000a3300000, 0x00000000a3300000| Untracked 
|  52|0x00000000a3400000, 0x00000000a3400000, 0x00000000a3500000|  0%| F|  |TAMS 0x00000000a3400000, 0x00000000a3400000| Untracked 
|  53|0x00000000a3500000, 0x00000000a3500000, 0x00000000a3600000|  0%| F|  |TAMS 0x00000000a3500000, 0x00000000a3500000| Untracked 
|  54|0x00000000a3600000, 0x00000000a3600000, 0x00000000a3700000|  0%| F|  |TAMS 0x00000000a3600000, 0x00000000a3600000| Untracked 
|  55|0x00000000a3700000, 0x00000000a3700000, 0x00000000a3800000|  0%| F|  |TAMS 0x00000000a3700000, 0x00000000a3700000| Untracked 
|  56|0x00000000a3800000, 0x00000000a3800000, 0x00000000a3900000|  0%| F|  |TAMS 0x00000000a3800000, 0x00000000a3800000| Untracked 
|  57|0x00000000a3900000, 0x00000000a3900000, 0x00000000a3a00000|  0%| F|  |TAMS 0x00000000a3900000, 0x00000000a3900000| Untracked 
|  58|0x00000000a3a00000, 0x00000000a3a00000, 0x00000000a3b00000|  0%| F|  |TAMS 0x00000000a3a00000, 0x00000000a3a00000| Untracked 
|  59|0x00000000a3b00000, 0x00000000a3b00000, 0x00000000a3c00000|  0%| F|  |TAMS 0x00000000a3b00000, 0x00000000a3b00000| Untracked 
|  60|0x00000000a3c00000, 0x00000000a3c00000, 0x00000000a3d00000|  0%| F|  |TAMS 0x00000000a3c00000, 0x00000000a3c00000| Untracked 
|  61|0x00000000a3d00000, 0x00000000a3d00000, 0x00000000a3e00000|  0%| F|  |TAMS 0x00000000a3d00000, 0x00000000a3d00000| Untracked 
|  62|0x00000000a3e00000, 0x00000000a3e00000, 0x00000000a3f00000|  0%| F|  |TAMS 0x00000000a3e00000, 0x00000000a3e00000| Untracked 
|  63|0x00000000a3f00000, 0x00000000a3f00000, 0x00000000a4000000|  0%| F|  |TAMS 0x00000000a3f00000, 0x00000000a3f00000| Untracked 
|  64|0x00000000a4000000, 0x00000000a4000000, 0x00000000a4100000|  0%| F|  |TAMS 0x00000000a4000000, 0x00000000a4000000| Untracked 
|  65|0x00000000a4100000, 0x00000000a4100000, 0x00000000a4200000|  0%| F|  |TAMS 0x00000000a4100000, 0x00000000a4100000| Untracked 
|  66|0x00000000a4200000, 0x00000000a4200000, 0x00000000a4300000|  0%| F|  |TAMS 0x00000000a4200000, 0x00000000a4200000| Untracked 
|  67|0x00000000a4300000, 0x00000000a4300000, 0x00000000a4400000|  0%| F|  |TAMS 0x00000000a4300000, 0x00000000a4300000| Untracked 
|  68|0x00000000a4400000, 0x00000000a4400000, 0x00000000a4500000|  0%| F|  |TAMS 0x00000000a4400000, 0x00000000a4400000| Untracked 
|  69|0x00000000a4500000, 0x00000000a4500000, 0x00000000a4600000|  0%| F|  |TAMS 0x00000000a4500000, 0x00000000a4500000| Untracked 
|  70|0x00000000a4600000, 0x00000000a4600000, 0x00000000a4700000|  0%| F|  |TAMS 0x00000000a4600000, 0x00000000a4600000| Untracked 
|  71|0x00000000a4700000, 0x00000000a4700000, 0x00000000a4800000|  0%| F|  |TAMS 0x00000000a4700000, 0x00000000a4700000| Untracked 
|  72|0x00000000a4800000, 0x00000000a4800000, 0x00000000a4900000|  0%| F|  |TAMS 0x00000000a4800000, 0x00000000a4800000| Untracked 
|  73|0x00000000a4900000, 0x00000000a4900000, 0x00000000a4a00000|  0%| F|  |TAMS 0x00000000a4900000, 0x00000000a4900000| Untracked 
|  74|0x00000000a4a00000, 0x00000000a4a00000, 0x00000000a4b00000|  0%| F|  |TAMS 0x00000000a4a00000, 0x00000000a4a00000| Untracked 
|  75|0x00000000a4b00000, 0x00000000a4b00000, 0x00000000a4c00000|  0%| F|  |TAMS 0x00000000a4b00000, 0x00000000a4b00000| Untracked 
|  76|0x00000000a4c00000, 0x00000000a4c00000, 0x00000000a4d00000|  0%| F|  |TAMS 0x00000000a4c00000, 0x00000000a4c00000| Untracked 
|  77|0x00000000a4d00000, 0x00000000a4d00000, 0x00000000a4e00000|  0%| F|  |TAMS 0x00000000a4d00000, 0x00000000a4d00000| Untracked 
|  78|0x00000000a4e00000, 0x00000000a4e00000, 0x00000000a4f00000|  0%| F|  |TAMS 0x00000000a4e00000, 0x00000000a4e00000| Untracked 
|  79|0x00000000a4f00000, 0x00000000a4f00000, 0x00000000a5000000|  0%| F|  |TAMS 0x00000000a4f00000, 0x00000000a4f00000| Untracked 
|  80|0x00000000a5000000, 0x00000000a5000000, 0x00000000a5100000|  0%| F|  |TAMS 0x00000000a5000000, 0x00000000a5000000| Untracked 
|  81|0x00000000a5100000, 0x00000000a5100000, 0x00000000a5200000|  0%| F|  |TAMS 0x00000000a5100000, 0x00000000a5100000| Untracked 
|  82|0x00000000a5200000, 0x00000000a5200000, 0x00000000a5300000|  0%| F|  |TAMS 0x00000000a5200000, 0x00000000a5200000| Untracked 
|  83|0x00000000a5300000, 0x00000000a5300000, 0x00000000a5400000|  0%| F|  |TAMS 0x00000000a5300000, 0x00000000a5300000| Untracked 
|  84|0x00000000a5400000, 0x00000000a5400000, 0x00000000a5500000|  0%| F|  |TAMS 0x00000000a5400000, 0x00000000a5400000| Untracked 
|  85|0x00000000a5500000, 0x00000000a5500000, 0x00000000a5600000|  0%| F|  |TAMS 0x00000000a5500000, 0x00000000a5500000| Untracked 
|  86|0x00000000a5600000, 0x00000000a5600000, 0x00000000a5700000|  0%| F|  |TAMS 0x00000000a5600000, 0x00000000a5600000| Untracked 
|  87|0x00000000a5700000, 0x00000000a5700000, 0x00000000a5800000|  0%| F|  |TAMS 0x00000000a5700000, 0x00000000a5700000| Untracked 
|  88|0x00000000a5800000, 0x00000000a5800000, 0x00000000a5900000|  0%| F|  |TAMS 0x00000000a5800000, 0x00000000a5800000| Untracked 
|  89|0x00000000a5900000, 0x00000000a5900000, 0x00000000a5a00000|  0%| F|  |TAMS 0x00000000a5900000, 0x00000000a5900000| Untracked 
|  90|0x00000000a5a00000, 0x00000000a5a00000, 0x00000000a5b00000|  0%| F|  |TAMS 0x00000000a5a00000, 0x00000000a5a00000| Untracked 
|  91|0x00000000a5b00000, 0x00000000a5b00000, 0x00000000a5c00000|  0%| F|  |TAMS 0x00000000a5b00000, 0x00000000a5b00000| Untracked 
|  92|0x00000000a5c00000, 0x00000000a5c00000, 0x00000000a5d00000|  0%| F|  |TAMS 0x00000000a5c00000, 0x00000000a5c00000| Untracked 
|  93|0x00000000a5d00000, 0x00000000a5d00000, 0x00000000a5e00000|  0%| F|  |TAMS 0x00000000a5d00000, 0x00000000a5d00000| Untracked 
|  94|0x00000000a5e00000, 0x00000000a5e00000, 0x00000000a5f00000|  0%| F|  |TAMS 0x00000000a5e00000, 0x00000000a5e00000| Untracked 
|  95|0x00000000a5f00000, 0x00000000a5f00000, 0x00000000a6000000|  0%| F|  |TAMS 0x00000000a5f00000, 0x00000000a5f00000| Untracked 
|  96|0x00000000a6000000, 0x00000000a6000000, 0x00000000a6100000|  0%| F|  |TAMS 0x00000000a6000000, 0x00000000a6000000| Untracked 
|  97|0x00000000a6100000, 0x00000000a6100000, 0x00000000a6200000|  0%| F|  |TAMS 0x00000000a6100000, 0x00000000a6100000| Untracked 
|  98|0x00000000a6200000, 0x00000000a6200000, 0x00000000a6300000|  0%| F|  |TAMS 0x00000000a6200000, 0x00000000a6200000| Untracked 
|  99|0x00000000a6300000, 0x00000000a6300000, 0x00000000a6400000|  0%| F|  |TAMS 0x00000000a6300000, 0x00000000a6300000| Untracked 
| 100|0x00000000a6400000, 0x00000000a6400000, 0x00000000a6500000|  0%| F|  |TAMS 0x00000000a6400000, 0x00000000a6400000| Untracked 
| 101|0x00000000a6500000, 0x00000000a6500000, 0x00000000a6600000|  0%| F|  |TAMS 0x00000000a6500000, 0x00000000a6500000| Untracked 
| 102|0x00000000a6600000, 0x00000000a6600000, 0x00000000a6700000|  0%| F|  |TAMS 0x00000000a6600000, 0x00000000a6600000| Untracked 
| 103|0x00000000a6700000, 0x00000000a6700000, 0x00000000a6800000|  0%| F|  |TAMS 0x00000000a6700000, 0x00000000a6700000| Untracked 
| 104|0x00000000a6800000, 0x00000000a6800000, 0x00000000a6900000|  0%| F|  |TAMS 0x00000000a6800000, 0x00000000a6800000| Untracked 
| 105|0x00000000a6900000, 0x00000000a6900000, 0x00000000a6a00000|  0%| F|  |TAMS 0x00000000a6900000, 0x00000000a6900000| Untracked 
| 106|0x00000000a6a00000, 0x00000000a6a00000, 0x00000000a6b00000|  0%| F|  |TAMS 0x00000000a6a00000, 0x00000000a6a00000| Untracked 
| 107|0x00000000a6b00000, 0x00000000a6b00000, 0x00000000a6c00000|  0%| F|  |TAMS 0x00000000a6b00000, 0x00000000a6b00000| Untracked 
| 108|0x00000000a6c00000, 0x00000000a6c00000, 0x00000000a6d00000|  0%| F|  |TAMS 0x00000000a6c00000, 0x00000000a6c00000| Untracked 
| 109|0x00000000a6d00000, 0x00000000a6d00000, 0x00000000a6e00000|  0%| F|  |TAMS 0x00000000a6d00000, 0x00000000a6d00000| Untracked 
| 110|0x00000000a6e00000, 0x00000000a6e00000, 0x00000000a6f00000|  0%| F|  |TAMS 0x00000000a6e00000, 0x00000000a6e00000| Untracked 
| 111|0x00000000a6f00000, 0x00000000a6f00000, 0x00000000a7000000|  0%| F|  |TAMS 0x00000000a6f00000, 0x00000000a6f00000| Untracked 
| 112|0x00000000a7000000, 0x00000000a7000000, 0x00000000a7100000|  0%| F|  |TAMS 0x00000000a7000000, 0x00000000a7000000| Untracked 
| 113|0x00000000a7100000, 0x00000000a7100000, 0x00000000a7200000|  0%| F|  |TAMS 0x00000000a7100000, 0x00000000a7100000| Untracked 
| 114|0x00000000a7200000, 0x00000000a7200000, 0x00000000a7300000|  0%| F|  |TAMS 0x00000000a7200000, 0x00000000a7200000| Untracked 
| 115|0x00000000a7300000, 0x00000000a7300000, 0x00000000a7400000|  0%| F|  |TAMS 0x00000000a7300000, 0x00000000a7300000| Untracked 
| 116|0x00000000a7400000, 0x00000000a7400000, 0x00000000a7500000|  0%| F|  |TAMS 0x00000000a7400000, 0x00000000a7400000| Untracked 
| 117|0x00000000a7500000, 0x00000000a7500000, 0x00000000a7600000|  0%| F|  |TAMS 0x00000000a7500000, 0x00000000a7500000| Untracked 
| 118|0x00000000a7600000, 0x00000000a7600000, 0x00000000a7700000|  0%| F|  |TAMS 0x00000000a7600000, 0x00000000a7600000| Untracked 
| 119|0x00000000a7700000, 0x00000000a7700000, 0x00000000a7800000|  0%| F|  |TAMS 0x00000000a7700000, 0x00000000a7700000| Untracked 
| 120|0x00000000a7800000, 0x00000000a7800000, 0x00000000a7900000|  0%| F|  |TAMS 0x00000000a7800000, 0x00000000a7800000| Untracked 
| 121|0x00000000a7900000, 0x00000000a7900000, 0x00000000a7a00000|  0%| F|  |TAMS 0x00000000a7900000, 0x00000000a7900000| Untracked 
| 122|0x00000000a7a00000, 0x00000000a7a00000, 0x00000000a7b00000|  0%| F|  |TAMS 0x00000000a7a00000, 0x00000000a7a00000| Untracked 
| 123|0x00000000a7b00000, 0x00000000a7b00000, 0x00000000a7c00000|  0%| F|  |TAMS 0x00000000a7b00000, 0x00000000a7b00000| Untracked 
| 124|0x00000000a7c00000, 0x00000000a7c00000, 0x00000000a7d00000|  0%| F|  |TAMS 0x00000000a7c00000, 0x00000000a7c00000| Untracked 
| 125|0x00000000a7d00000, 0x00000000a7d00000, 0x00000000a7e00000|  0%| F|  |TAMS 0x00000000a7d00000, 0x00000000a7d00000| Untracked 
| 126|0x00000000a7e00000, 0x00000000a7e00000, 0x00000000a7f00000|  0%| F|  |TAMS 0x00000000a7e00000, 0x00000000a7e00000| Untracked 
| 127|0x00000000a7f00000, 0x00000000a7f00000, 0x00000000a8000000|  0%| F|  |TAMS 0x00000000a7f00000, 0x00000000a7f00000| Untracked 
| 128|0x00000000a8000000, 0x00000000a8000000, 0x00000000a8100000|  0%| F|  |TAMS 0x00000000a8000000, 0x00000000a8000000| Untracked 
| 129|0x00000000a8100000, 0x00000000a8100000, 0x00000000a8200000|  0%| F|  |TAMS 0x00000000a8100000, 0x00000000a8100000| Untracked 
| 130|0x00000000a8200000, 0x00000000a8200000, 0x00000000a8300000|  0%| F|  |TAMS 0x00000000a8200000, 0x00000000a8200000| Untracked 
| 131|0x00000000a8300000, 0x00000000a8300000, 0x00000000a8400000|  0%| F|  |TAMS 0x00000000a8300000, 0x00000000a8300000| Untracked 
| 132|0x00000000a8400000, 0x00000000a8400000, 0x00000000a8500000|  0%| F|  |TAMS 0x00000000a8400000, 0x00000000a8400000| Untracked 
| 133|0x00000000a8500000, 0x00000000a8500000, 0x00000000a8600000|  0%| F|  |TAMS 0x00000000a8500000, 0x00000000a8500000| Untracked 
| 134|0x00000000a8600000, 0x00000000a8600000, 0x00000000a8700000|  0%| F|  |TAMS 0x00000000a8600000, 0x00000000a8600000| Untracked 
| 135|0x00000000a8700000, 0x00000000a8700000, 0x00000000a8800000|  0%| F|  |TAMS 0x00000000a8700000, 0x00000000a8700000| Untracked 
| 136|0x00000000a8800000, 0x00000000a8800000, 0x00000000a8900000|  0%| F|  |TAMS 0x00000000a8800000, 0x00000000a8800000| Untracked 
| 137|0x00000000a8900000, 0x00000000a8900000, 0x00000000a8a00000|  0%| F|  |TAMS 0x00000000a8900000, 0x00000000a8900000| Untracked 
| 138|0x00000000a8a00000, 0x00000000a8a00000, 0x00000000a8b00000|  0%| F|  |TAMS 0x00000000a8a00000, 0x00000000a8a00000| Untracked 
| 139|0x00000000a8b00000, 0x00000000a8b00000, 0x00000000a8c00000|  0%| F|  |TAMS 0x00000000a8b00000, 0x00000000a8b00000| Untracked 
| 140|0x00000000a8c00000, 0x00000000a8c00000, 0x00000000a8d00000|  0%| F|  |TAMS 0x00000000a8c00000, 0x00000000a8c00000| Untracked 
| 141|0x00000000a8d00000, 0x00000000a8d00000, 0x00000000a8e00000|  0%| F|  |TAMS 0x00000000a8d00000, 0x00000000a8d00000| Untracked 
| 142|0x00000000a8e00000, 0x00000000a8e00000, 0x00000000a8f00000|  0%| F|  |TAMS 0x00000000a8e00000, 0x00000000a8e00000| Untracked 
| 143|0x00000000a8f00000, 0x00000000a8f00000, 0x00000000a9000000|  0%| F|  |TAMS 0x00000000a8f00000, 0x00000000a8f00000| Untracked 
| 144|0x00000000a9000000, 0x00000000a9000000, 0x00000000a9100000|  0%| F|  |TAMS 0x00000000a9000000, 0x00000000a9000000| Untracked 
| 145|0x00000000a9100000, 0x00000000a9100000, 0x00000000a9200000|  0%| F|  |TAMS 0x00000000a9100000, 0x00000000a9100000| Untracked 
| 146|0x00000000a9200000, 0x00000000a9200000, 0x00000000a9300000|  0%| F|  |TAMS 0x00000000a9200000, 0x00000000a9200000| Untracked 
| 147|0x00000000a9300000, 0x00000000a9300000, 0x00000000a9400000|  0%| F|  |TAMS 0x00000000a9300000, 0x00000000a9300000| Untracked 
| 148|0x00000000a9400000, 0x00000000a9400000, 0x00000000a9500000|  0%| F|  |TAMS 0x00000000a9400000, 0x00000000a9400000| Untracked 
| 149|0x00000000a9500000, 0x00000000a9500000, 0x00000000a9600000|  0%| F|  |TAMS 0x00000000a9500000, 0x00000000a9500000| Untracked 
| 150|0x00000000a9600000, 0x00000000a9600000, 0x00000000a9700000|  0%| F|  |TAMS 0x00000000a9600000, 0x00000000a9600000| Untracked 
| 151|0x00000000a9700000, 0x00000000a9700000, 0x00000000a9800000|  0%| F|  |TAMS 0x00000000a9700000, 0x00000000a9700000| Untracked 
| 152|0x00000000a9800000, 0x00000000a9800000, 0x00000000a9900000|  0%| F|  |TAMS 0x00000000a9800000, 0x00000000a9800000| Untracked 
| 153|0x00000000a9900000, 0x00000000a9900000, 0x00000000a9a00000|  0%| F|  |TAMS 0x00000000a9900000, 0x00000000a9900000| Untracked 
| 154|0x00000000a9a00000, 0x00000000a9a00000, 0x00000000a9b00000|  0%| F|  |TAMS 0x00000000a9a00000, 0x00000000a9a00000| Untracked 
| 155|0x00000000a9b00000, 0x00000000a9b00000, 0x00000000a9c00000|  0%| F|  |TAMS 0x00000000a9b00000, 0x00000000a9b00000| Untracked 
| 156|0x00000000a9c00000, 0x00000000a9c00000, 0x00000000a9d00000|  0%| F|  |TAMS 0x00000000a9c00000, 0x00000000a9c00000| Untracked 
| 157|0x00000000a9d00000, 0x00000000a9d00000, 0x00000000a9e00000|  0%| F|  |TAMS 0x00000000a9d00000, 0x00000000a9d00000| Untracked 
| 158|0x00000000a9e00000, 0x00000000a9e00000, 0x00000000a9f00000|  0%| F|  |TAMS 0x00000000a9e00000, 0x00000000a9e00000| Untracked 
| 159|0x00000000a9f00000, 0x00000000a9f00000, 0x00000000aa000000|  0%| F|  |TAMS 0x00000000a9f00000, 0x00000000a9f00000| Untracked 
| 160|0x00000000aa000000, 0x00000000aa000000, 0x00000000aa100000|  0%| F|  |TAMS 0x00000000aa000000, 0x00000000aa000000| Untracked 
| 161|0x00000000aa100000, 0x00000000aa100000, 0x00000000aa200000|  0%| F|  |TAMS 0x00000000aa100000, 0x00000000aa100000| Untracked 
| 162|0x00000000aa200000, 0x00000000aa200000, 0x00000000aa300000|  0%| F|  |TAMS 0x00000000aa200000, 0x00000000aa200000| Untracked 
| 163|0x00000000aa300000, 0x00000000aa300000, 0x00000000aa400000|  0%| F|  |TAMS 0x00000000aa300000, 0x00000000aa300000| Untracked 
| 164|0x00000000aa400000, 0x00000000aa400000, 0x00000000aa500000|  0%| F|  |TAMS 0x00000000aa400000, 0x00000000aa400000| Untracked 
| 165|0x00000000aa500000, 0x00000000aa500000, 0x00000000aa600000|  0%| F|  |TAMS 0x00000000aa500000, 0x00000000aa500000| Untracked 
| 166|0x00000000aa600000, 0x00000000aa600000, 0x00000000aa700000|  0%| F|  |TAMS 0x00000000aa600000, 0x00000000aa600000| Untracked 
| 167|0x00000000aa700000, 0x00000000aa700000, 0x00000000aa800000|  0%| F|  |TAMS 0x00000000aa700000, 0x00000000aa700000| Untracked 
| 168|0x00000000aa800000, 0x00000000aa8ddb30, 0x00000000aa900000| 86%| E|  |TAMS 0x00000000aa800000, 0x00000000aa800000| Complete 
| 169|0x00000000aa900000, 0x00000000aaa00000, 0x00000000aaa00000|100%| E|CS|TAMS 0x00000000aa900000, 0x00000000aa900000| Complete 
| 170|0x00000000aaa00000, 0x00000000aab00000, 0x00000000aab00000|100%| E|CS|TAMS 0x00000000aaa00000, 0x00000000aaa00000| Complete 
| 171|0x00000000aab00000, 0x00000000aac00000, 0x00000000aac00000|100%| E|CS|TAMS 0x00000000aab00000, 0x00000000aab00000| Complete 
| 172|0x00000000aac00000, 0x00000000aad00000, 0x00000000aad00000|100%| E|CS|TAMS 0x00000000aac00000, 0x00000000aac00000| Complete 
| 173|0x00000000aad00000, 0x00000000aae00000, 0x00000000aae00000|100%| E|CS|TAMS 0x00000000aad00000, 0x00000000aad00000| Complete 
| 174|0x00000000aae00000, 0x00000000aaf00000, 0x00000000aaf00000|100%| E|CS|TAMS 0x00000000aae00000, 0x00000000aae00000| Complete 
| 175|0x00000000aaf00000, 0x00000000ab000000, 0x00000000ab000000|100%| E|CS|TAMS 0x00000000aaf00000, 0x00000000aaf00000| Complete 
| 176|0x00000000ab000000, 0x00000000ab100000, 0x00000000ab100000|100%| E|CS|TAMS 0x00000000ab000000, 0x00000000ab000000| Complete 
| 177|0x00000000ab100000, 0x00000000ab200000, 0x00000000ab200000|100%| E|CS|TAMS 0x00000000ab100000, 0x00000000ab100000| Complete 
| 178|0x00000000ab200000, 0x00000000ab300000, 0x00000000ab300000|100%| E|CS|TAMS 0x00000000ab200000, 0x00000000ab200000| Complete 
| 179|0x00000000ab300000, 0x00000000ab400000, 0x00000000ab400000|100%| E|CS|TAMS 0x00000000ab300000, 0x00000000ab300000| Complete 
| 180|0x00000000ab400000, 0x00000000ab500000, 0x00000000ab500000|100%| E|CS|TAMS 0x00000000ab400000, 0x00000000ab400000| Complete 
| 181|0x00000000ab500000, 0x00000000ab600000, 0x00000000ab600000|100%| E|CS|TAMS 0x00000000ab500000, 0x00000000ab500000| Complete 
| 182|0x00000000ab600000, 0x00000000ab700000, 0x00000000ab700000|100%| E|CS|TAMS 0x00000000ab600000, 0x00000000ab600000| Complete 
| 183|0x00000000ab700000, 0x00000000ab800000, 0x00000000ab800000|100%| E|CS|TAMS 0x00000000ab700000, 0x00000000ab700000| Complete 
| 184|0x00000000ab800000, 0x00000000ab900000, 0x00000000ab900000|100%| E|CS|TAMS 0x00000000ab800000, 0x00000000ab800000| Complete 
| 185|0x00000000ab900000, 0x00000000aba00000, 0x00000000aba00000|100%| E|CS|TAMS 0x00000000ab900000, 0x00000000ab900000| Complete 
| 186|0x00000000aba00000, 0x00000000abb00000, 0x00000000abb00000|100%| E|CS|TAMS 0x00000000aba00000, 0x00000000aba00000| Complete 
| 187|0x00000000abb00000, 0x00000000abc00000, 0x00000000abc00000|100%| E|CS|TAMS 0x00000000abb00000, 0x00000000abb00000| Complete 
| 188|0x00000000abc00000, 0x00000000abd00000, 0x00000000abd00000|100%| E|CS|TAMS 0x00000000abc00000, 0x00000000abc00000| Complete 
| 189|0x00000000abd00000, 0x00000000abe00000, 0x00000000abe00000|100%| E|CS|TAMS 0x00000000abd00000, 0x00000000abd00000| Complete 
| 190|0x00000000abe00000, 0x00000000abf00000, 0x00000000abf00000|100%| E|CS|TAMS 0x00000000abe00000, 0x00000000abe00000| Complete 
| 191|0x00000000abf00000, 0x00000000ac000000, 0x00000000ac000000|100%| E|CS|TAMS 0x00000000abf00000, 0x00000000abf00000| Complete 
| 192|0x00000000ac000000, 0x00000000ac100000, 0x00000000ac100000|100%| E|CS|TAMS 0x00000000ac000000, 0x00000000ac000000| Complete 
| 193|0x00000000ac100000, 0x00000000ac200000, 0x00000000ac200000|100%| E|CS|TAMS 0x00000000ac100000, 0x00000000ac100000| Complete 
| 194|0x00000000ac200000, 0x00000000ac300000, 0x00000000ac300000|100%| E|CS|TAMS 0x00000000ac200000, 0x00000000ac200000| Complete 
| 195|0x00000000ac300000, 0x00000000ac400000, 0x00000000ac400000|100%| E|CS|TAMS 0x00000000ac300000, 0x00000000ac300000| Complete 
| 196|0x00000000ac400000, 0x00000000ac500000, 0x00000000ac500000|100%| E|CS|TAMS 0x00000000ac400000, 0x00000000ac400000| Complete 
| 197|0x00000000ac500000, 0x00000000ac600000, 0x00000000ac600000|100%| E|CS|TAMS 0x00000000ac500000, 0x00000000ac500000| Complete 
| 198|0x00000000ac600000, 0x00000000ac700000, 0x00000000ac700000|100%| E|CS|TAMS 0x00000000ac600000, 0x00000000ac600000| Complete 
| 199|0x00000000ac700000, 0x00000000ac800000, 0x00000000ac800000|100%| E|CS|TAMS 0x00000000ac700000, 0x00000000ac700000| Complete 
| 200|0x00000000ac800000, 0x00000000ac900000, 0x00000000ac900000|100%| E|CS|TAMS 0x00000000ac800000, 0x00000000ac800000| Complete 
| 201|0x00000000ac900000, 0x00000000aca00000, 0x00000000aca00000|100%| E|CS|TAMS 0x00000000ac900000, 0x00000000ac900000| Complete 
| 202|0x00000000aca00000, 0x00000000acb00000, 0x00000000acb00000|100%| E|CS|TAMS 0x00000000aca00000, 0x00000000aca00000| Complete 
| 203|0x00000000acb00000, 0x00000000acc00000, 0x00000000acc00000|100%| E|CS|TAMS 0x00000000acb00000, 0x00000000acb00000| Complete 
| 204|0x00000000acc00000, 0x00000000acd00000, 0x00000000acd00000|100%| E|CS|TAMS 0x00000000acc00000, 0x00000000acc00000| Complete 
| 205|0x00000000acd00000, 0x00000000ace00000, 0x00000000ace00000|100%| E|CS|TAMS 0x00000000acd00000, 0x00000000acd00000| Complete 
| 206|0x00000000ace00000, 0x00000000acf00000, 0x00000000acf00000|100%| E|CS|TAMS 0x00000000ace00000, 0x00000000ace00000| Complete 
| 207|0x00000000acf00000, 0x00000000ad000000, 0x00000000ad000000|100%| E|CS|TAMS 0x00000000acf00000, 0x00000000acf00000| Complete 
| 208|0x00000000ad000000, 0x00000000ad100000, 0x00000000ad100000|100%| E|CS|TAMS 0x00000000ad000000, 0x00000000ad000000| Complete 
| 209|0x00000000ad100000, 0x00000000ad17f9e0, 0x00000000ad200000| 49%| S|CS|TAMS 0x00000000ad100000, 0x00000000ad100000| Complete 
| 210|0x00000000ad200000, 0x00000000ad300000, 0x00000000ad300000|100%| S|CS|TAMS 0x00000000ad200000, 0x00000000ad200000| Complete 
| 211|0x00000000ad300000, 0x00000000ad400000, 0x00000000ad400000|100%| E|CS|TAMS 0x00000000ad300000, 0x00000000ad300000| Complete 
| 212|0x00000000ad400000, 0x00000000ad500000, 0x00000000ad500000|100%| E|CS|TAMS 0x00000000ad400000, 0x00000000ad400000| Complete 
| 213|0x00000000ad500000, 0x00000000ad600000, 0x00000000ad600000|100%| E|CS|TAMS 0x00000000ad500000, 0x00000000ad500000| Complete 
| 214|0x00000000ad600000, 0x00000000ad700000, 0x00000000ad700000|100%| E|CS|TAMS 0x00000000ad600000, 0x00000000ad600000| Complete 
| 215|0x00000000ad700000, 0x00000000ad800000, 0x00000000ad800000|100%| E|CS|TAMS 0x00000000ad700000, 0x00000000ad700000| Complete 
| 216|0x00000000ad800000, 0x00000000ad900000, 0x00000000ad900000|100%| E|CS|TAMS 0x00000000ad800000, 0x00000000ad800000| Complete 
| 217|0x00000000ad900000, 0x00000000ada00000, 0x00000000ada00000|100%| E|CS|TAMS 0x00000000ad900000, 0x00000000ad900000| Complete 
| 218|0x00000000ada00000, 0x00000000adb00000, 0x00000000adb00000|100%| E|CS|TAMS 0x00000000ada00000, 0x00000000ada00000| Complete 
| 219|0x00000000adb00000, 0x00000000adc00000, 0x00000000adc00000|100%| E|CS|TAMS 0x00000000adb00000, 0x00000000adb00000| Complete 
| 220|0x00000000adc00000, 0x00000000add00000, 0x00000000add00000|100%| E|CS|TAMS 0x00000000adc00000, 0x00000000adc00000| Complete 
| 221|0x00000000add00000, 0x00000000ade00000, 0x00000000ade00000|100%| E|CS|TAMS 0x00000000add00000, 0x00000000add00000| Complete 
| 222|0x00000000ade00000, 0x00000000adf00000, 0x00000000adf00000|100%| E|CS|TAMS 0x00000000ade00000, 0x00000000ade00000| Complete 
| 223|0x00000000adf00000, 0x00000000ae000000, 0x00000000ae000000|100%| E|CS|TAMS 0x00000000adf00000, 0x00000000adf00000| Complete 
| 224|0x00000000ae000000, 0x00000000ae100000, 0x00000000ae100000|100%| E|CS|TAMS 0x00000000ae000000, 0x00000000ae000000| Complete 
| 225|0x00000000ae100000, 0x00000000ae200000, 0x00000000ae200000|100%| E|CS|TAMS 0x00000000ae100000, 0x00000000ae100000| Complete 
| 226|0x00000000ae200000, 0x00000000ae300000, 0x00000000ae300000|100%| E|CS|TAMS 0x00000000ae200000, 0x00000000ae200000| Complete 
| 227|0x00000000ae300000, 0x00000000ae400000, 0x00000000ae400000|100%| E|CS|TAMS 0x00000000ae300000, 0x00000000ae300000| Complete 
| 228|0x00000000ae400000, 0x00000000ae500000, 0x00000000ae500000|100%| E|CS|TAMS 0x00000000ae400000, 0x00000000ae400000| Complete 
| 229|0x00000000ae500000, 0x00000000ae600000, 0x00000000ae600000|100%| E|CS|TAMS 0x00000000ae500000, 0x00000000ae500000| Complete 
| 230|0x00000000ae600000, 0x00000000ae700000, 0x00000000ae700000|100%| E|CS|TAMS 0x00000000ae600000, 0x00000000ae600000| Complete 
| 231|0x00000000ae700000, 0x00000000ae800000, 0x00000000ae800000|100%| E|CS|TAMS 0x00000000ae700000, 0x00000000ae700000| Complete 
| 232|0x00000000ae800000, 0x00000000ae900000, 0x00000000ae900000|100%| E|CS|TAMS 0x00000000ae800000, 0x00000000ae800000| Complete 
| 233|0x00000000ae900000, 0x00000000aea00000, 0x00000000aea00000|100%| E|CS|TAMS 0x00000000ae900000, 0x00000000ae900000| Complete 
| 234|0x00000000aea00000, 0x00000000aeb00000, 0x00000000aeb00000|100%| E|CS|TAMS 0x00000000aea00000, 0x00000000aea00000| Complete 
| 235|0x00000000aeb00000, 0x00000000aec00000, 0x00000000aec00000|100%| E|CS|TAMS 0x00000000aeb00000, 0x00000000aeb00000| Complete 
| 236|0x00000000aec00000, 0x00000000aed00000, 0x00000000aed00000|100%| E|CS|TAMS 0x00000000aec00000, 0x00000000aec00000| Complete 
| 237|0x00000000aed00000, 0x00000000aee00000, 0x00000000aee00000|100%| E|CS|TAMS 0x00000000aed00000, 0x00000000aed00000| Complete 
| 238|0x00000000aee00000, 0x00000000aef00000, 0x00000000aef00000|100%| E|CS|TAMS 0x00000000aee00000, 0x00000000aee00000| Complete 
| 239|0x00000000aef00000, 0x00000000af000000, 0x00000000af000000|100%| E|CS|TAMS 0x00000000aef00000, 0x00000000aef00000| Complete 
| 240|0x00000000af000000, 0x00000000af100000, 0x00000000af100000|100%| E|CS|TAMS 0x00000000af000000, 0x00000000af000000| Complete 
| 241|0x00000000af100000, 0x00000000af200000, 0x00000000af200000|100%| E|CS|TAMS 0x00000000af100000, 0x00000000af100000| Complete 
| 242|0x00000000af200000, 0x00000000af300000, 0x00000000af300000|100%| E|CS|TAMS 0x00000000af200000, 0x00000000af200000| Complete 
| 243|0x00000000af300000, 0x00000000af400000, 0x00000000af400000|100%| E|CS|TAMS 0x00000000af300000, 0x00000000af300000| Complete 
| 244|0x00000000af400000, 0x00000000af500000, 0x00000000af500000|100%| E|CS|TAMS 0x00000000af400000, 0x00000000af400000| Complete 
| 245|0x00000000af500000, 0x00000000af600000, 0x00000000af600000|100%| E|CS|TAMS 0x00000000af500000, 0x00000000af500000| Complete 

Card table byte_map: [0x000001323bf50000,0x000001323c250000] _byte_map_base: 0x000001323ba50000

Marking Bits (Prev, Next): (CMBitMap*) 0x0000013228a8cde0, (CMBitMap*) 0x0000013228a8cda8
 Prev Bits: [0x000001323dd50000, 0x000001323f550000)
 Next Bits: [0x000001323c550000, 0x000001323dd50000)

Polling page: 0x00000132257b0000

Metaspace:

Usage:
  Non-class:     30.24 MB capacity,    29.77 MB ( 98%) used,   403.51 KB (  1%) free+waste,    73.81 KB ( <1%) overhead. 
      Class:      4.66 MB capacity,     4.36 MB ( 94%) used,   267.54 KB (  6%) free+waste,    36.19 KB ( <1%) overhead. 
       Both:     34.90 MB capacity,    34.13 MB ( 98%) used,   671.05 KB (  2%) free+waste,   110.00 KB ( <1%) overhead. 

Virtual space:
  Non-class space:       32.00 MB reserved,      30.33 MB ( 95%) committed 
      Class space:        1.00 GB reserved,       4.75 MB ( <1%) committed 
             Both:        1.03 GB reserved,      35.08 MB (  3%) committed 

Chunk freelists:
   Non-Class:  59.00 KB
       Class:  0 bytes
        Both:  59.00 KB

MaxMetaspaceSize: 17179869184.00 GB
CompressedClassSpaceSize: 1.00 GB
Initial GC threshold: 20.80 MB
Current GC threshold: 35.08 MB
CDS: off

CodeHeap 'non-profiled nmethods': size=120000Kb used=1467Kb max_used=1467Kb free=118532Kb
 bounds [0x00000132341d0000, 0x0000013234440000, 0x000001323b700000]
CodeHeap 'profiled nmethods': size=120000Kb used=5909Kb max_used=5909Kb free=114090Kb
 bounds [0x000001322cca0000, 0x000001322d270000, 0x00000132341d0000]
CodeHeap 'non-nmethods': size=5760Kb used=1572Kb max_used=1572Kb free=4187Kb
 bounds [0x000001322c700000, 0x000001322c970000, 0x000001322cca0000]
 total_blobs=3452 nmethods=2840 adapters=524
 compilation: enabled
              stopped_count=0, restarted_count=0
 full_count=0

Compilation events (20 events):
Event: 4.500 Thread 0x0000013245ce5800 nmethod 2773 0x0000013234339e90 code [0x000001323433a020, 0x000001323433a078]
Event: 4.500 Thread 0x0000013242267000 nmethod 2770 0x000001322d248710 code [0x000001322d248b00, 0x000001322d24a958]
Event: 4.500 Thread 0x0000013242267000 2771       3       org.codehaus.groovy.reflection.CachedClass::getSuperClassDistance (41 bytes)
Event: 4.500 Thread 0x0000013242267000 nmethod 2771 0x000001322d24b310 code [0x000001322d24b4e0, 0x000001322d24b748]
Event: 4.500 Thread 0x0000013242267000 2769       3       java.util.Arrays::binarySearch0 (95 bytes)
Event: 4.501 Thread 0x0000013242267000 nmethod 2769 0x000001322d24b890 code [0x000001322d24ba80, 0x000001322d24be58]
Event: 4.501 Thread 0x0000013242267000 2772       3       groovy.lang.MetaMethod::getMopName (105 bytes)
Event: 4.502 Thread 0x0000013242267000 nmethod 2772 0x000001322d24c010 code [0x000001322d24c3c0, 0x000001322d24d9a8]
Event: 4.502 Thread 0x0000013242267000 2774       3       java.lang.invoke.MethodHandleNatives::refKindIsGetter (32 bytes)
Event: 4.503 Thread 0x0000013242267000 nmethod 2774 0x000001322d24e010 code [0x000001322d24e1c0, 0x000001322d24e318]
Event: 4.503 Thread 0x0000013242267000 2775       3       java.lang.invoke.InvokerBytecodeGenerator::assertStaticType (58 bytes)
Event: 4.503 Thread 0x0000013245ce5800 2777       4       java.util.Arrays::equals (57 bytes)
Event: 4.503 Thread 0x0000013242267000 nmethod 2775 0x000001322d24e390 code [0x000001322d24e580, 0x000001322d24ea58]
Event: 4.503 Thread 0x0000013242267000 2776       3       java.lang.invoke.LambdaFormBuffer::indexOf (33 bytes)
Event: 4.503 Thread 0x0000013242267000 nmethod 2776 0x000001322d24ec90 code [0x000001322d24ee60, 0x000001322d24f1f8]
Event: 4.503 Thread 0x0000013242267000 2778       3       sun.invoke.util.Wrapper::isDoubleWord (15 bytes)
Event: 4.503 Thread 0x0000013242267000 nmethod 2778 0x000001322d24f310 code [0x000001322d24f4c0, 0x000001322d24f618]
Event: 4.504 Thread 0x0000013246329000 nmethod 2761 0x000001323433a190 code [0x000001323433a380, 0x000001323433ab08]
Event: 4.505 Thread 0x0000013245ce5800 nmethod 2777 0x000001323433b010 code [0x000001323433b1a0, 0x000001323433b318]
Event: 4.549 Thread 0x0000013242267000 2779       3       java.util.concurrent.locks.LockSupport::setBlocker (12 bytes)

GC Heap History (6 events):
Event: 0.769 GC heap before
{Heap before GC invocations=0 (full 0):
 garbage-first heap   total 251904K, used 29696K [0x00000000a0000000, 0x0000000100000000)
  region size 1024K, 24 young (24576K), 0 survivors (0K)
 Metaspace       used 10136K, capacity 10395K, committed 10624K, reserved 1058816K
  class space    used 1041K, capacity 1106K, committed 1152K, reserved 1048576K
}
Event: 0.773 GC heap after
{Heap after GC invocations=1 (full 0):
 garbage-first heap   total 251904K, used 9285K [0x00000000a0000000, 0x0000000100000000)
  region size 1024K, 3 young (3072K), 3 survivors (3072K)
 Metaspace       used 10136K, capacity 10395K, committed 10624K, reserved 1058816K
  class space    used 1041K, capacity 1106K, committed 1152K, reserved 1048576K
}
Event: 3.178 GC heap before
{Heap before GC invocations=1 (full 0):
 garbage-first heap   total 251904K, used 106565K [0x00000000a0000000, 0x0000000100000000)
  region size 1024K, 99 young (101376K), 3 survivors (3072K)
 Metaspace       used 20657K, capacity 21192K, committed 21296K, reserved 1069056K
  class space    used 2487K, capacity 2658K, committed 2688K, reserved 1048576K
}
Event: 3.187 GC heap after
{Heap after GC invocations=2 (full 0):
 garbage-first heap   total 251904K, used 16723K [0x00000000a0000000, 0x0000000100000000)
  region size 1024K, 11 young (11264K), 11 survivors (11264K)
 Metaspace       used 20657K, capacity 21192K, committed 21296K, reserved 1069056K
  class space    used 2487K, capacity 2658K, committed 2688K, reserved 1048576K
}
Event: 3.575 GC heap before
{Heap before GC invocations=3 (full 0):
 garbage-first heap   total 251904K, used 51539K [0x00000000a0000000, 0x0000000100000000)
  region size 1024K, 46 young (47104K), 11 survivors (11264K)
 Metaspace       used 24028K, capacity 24734K, committed 25008K, reserved 1071104K
  class space    used 3039K, capacity 3289K, committed 3328K, reserved 1048576K
}
Event: 3.581 GC heap after
{Heap after GC invocations=4 (full 0):
 garbage-first heap   total 251904K, used 17761K [0x00000000a0000000, 0x0000000100000000)
  region size 1024K, 2 young (2048K), 2 survivors (2048K)
 Metaspace       used 24028K, capacity 24734K, committed 25008K, reserved 1071104K
  class space    used 3039K, capacity 3289K, committed 3328K, reserved 1048576K
}

Deoptimization events (20 events):
Event: 3.978 Thread 0x00000132448cf800 Uncommon trap: trap_request=0xffffff4d fr.pc=0x00000132342a5b2c relative=0x000000000000008c
Event: 3.978 Thread 0x00000132448cf800 Uncommon trap: reason=unstable_if action=reinterpret pc=0x00000132342a5b2c method=java.util.HashMap.hash(Ljava/lang/Object;)I @ 1 c2
Event: 3.978 Thread 0x00000132448cf800 DEOPT PACKING pc=0x00000132342a5b2c sp=0x00000017486f90e0
Event: 3.978 Thread 0x00000132448cf800 DEOPT UNPACKING pc=0x000001322c74a1af sp=0x00000017486f9078 mode 2
Event: 4.182 Thread 0x00000132448cf800 Uncommon trap: trap_request=0xffffff4d fr.pc=0x0000013234310b64 relative=0x00000000000001a4
Event: 4.182 Thread 0x00000132448cf800 Uncommon trap: reason=unstable_if action=reinterpret pc=0x0000013234310b64 method=java.util.regex.Pattern$BmpCharProperty.match(Ljava/util/regex/Matcher;ILjava/lang/CharSequence;)Z @ 39 c2
Event: 4.182 Thread 0x00000132448cf800 DEOPT PACKING pc=0x0000013234310b64 sp=0x00000017486f9cf0
Event: 4.182 Thread 0x00000132448cf800 DEOPT UNPACKING pc=0x000001322c74a1af sp=0x00000017486f9ca0 mode 2
Event: 4.219 Thread 0x00000132448cf800 Uncommon trap: trap_request=0xffffff4d fr.pc=0x0000013234318c50 relative=0x0000000000000270
Event: 4.219 Thread 0x00000132448cf800 Uncommon trap: reason=unstable_if action=reinterpret pc=0x0000013234318c50 method=java.util.HashMap.putVal(ILjava/lang/Object;Ljava/lang/Object;ZZ)Ljava/lang/Object; @ 162 c2
Event: 4.219 Thread 0x00000132448cf800 DEOPT PACKING pc=0x0000013234318c50 sp=0x00000017486fad90
Event: 4.219 Thread 0x00000132448cf800 DEOPT UNPACKING pc=0x000001322c74a1af sp=0x00000017486fad10 mode 2
Event: 4.425 Thread 0x00000132448cf800 Uncommon trap: trap_request=0xffffff4d fr.pc=0x00000132342d6d24 relative=0x0000000000005204
Event: 4.425 Thread 0x00000132448cf800 Uncommon trap: reason=unstable_if action=reinterpret pc=0x00000132342d6d24 method=jdk.internal.loader.BuiltinClassLoader.loadClassOrNull(Ljava/lang/String;Z)Ljava/lang/Class; @ 42 c2
Event: 4.425 Thread 0x00000132448cf800 DEOPT PACKING pc=0x00000132342d6d24 sp=0x00000017486f5930
Event: 4.425 Thread 0x00000132448cf800 DEOPT UNPACKING pc=0x000001322c74a1af sp=0x00000017486f57b0 mode 2
Event: 4.549 Thread 0x000001324418b800 Uncommon trap: trap_request=0xffffffde fr.pc=0x0000013234329a14 relative=0x0000000000000314
Event: 4.549 Thread 0x000001324418b800 Uncommon trap: reason=class_check action=maybe_recompile pc=0x0000013234329a14 method=java.util.stream.ReferencePipeline.forEachWithCancel(Ljava/util/Spliterator;Ljava/util/stream/Sink;)Z @ 1 c2
Event: 4.549 Thread 0x000001324418b800 DEOPT PACKING pc=0x0000013234329a14 sp=0x00000017481fec60
Event: 4.549 Thread 0x000001324418b800 DEOPT UNPACKING pc=0x000001322c74a1af sp=0x00000017481fec00 mode 2

Classes redefined (0 events):
No events

Internal exceptions (20 events):
Event: 3.475 Thread 0x00000132448cf800 Exception <a 'java/lang/NoSuchMethodError'{0x00000000adcb9848}: 'void java.lang.invoke.DirectMethodHandle$Holder.invokeSpecial(java.lang.Object, java.lang.Object, java.lang.Object, java.lang.Object, java.lang.Object, java.lang.Object, java.lang.Object)'> (0x00000000adcb9848) thrown at [./src/hotspot/share/interpreter/linkResolver.cpp, line 773]
Event: 3.475 Thread 0x00000132448cf800 Exception <a 'java/lang/NoSuchMethodError'{0x00000000adcc1a90}: 'java.lang.Object java.lang.invoke.Invokers$Holder.linkToTargetMethod(java.lang.Object, java.lang.Object, java.lang.Object, java.lang.Object, java.lang.Object, java.lang.Object)'> (0x00000000adcc1a90) thrown at [./src/hotspot/share/interpreter/linkResolver.cpp, line 773]
Event: 3.627 Thread 0x00000132448cf800 Exception <a 'java/lang/NoSuchMethodError'{0x00000000af18f630}: 'void java.lang.invoke.DirectMethodHandle$Holder.invokeStaticInit(java.lang.Object, java.lang.Object)'> (0x00000000af18f630) thrown at [./src/hotspot/share/interpreter/linkResolver.cpp, line 773]
Event: 3.719 Thread 0x00000132448cf800 Exception <a 'java/lang/NoSuchMethodError'{0x00000000aea42d60}: 'void java.lang.invoke.DirectMethodHandle$Holder.invokeStatic(java.lang.Object, java.lang.Object, java.lang.Object, java.lang.Object)'> (0x00000000aea42d60) thrown at [./src/hotspot/share/interpreter/linkResolver.cpp, line 773]
Event: 3.722 Thread 0x00000132448cf800 Exception <a 'java/lang/NoSuchMethodError'{0x00000000aea56860}: 'int java.lang.invoke.DirectMethodHandle$Holder.invokeInterface(java.lang.Object, java.lang.Object)'> (0x00000000aea56860) thrown at [./src/hotspot/share/interpreter/linkResolver.cpp, line 773]
Event: 3.860 Thread 0x00000132448cf800 Exception <a 'java/lang/NoSuchMethodError'{0x00000000ade239e8}: 'java.lang.Object java.lang.invoke.DirectMethodHandle$Holder.invokeSpecialIFC(java.lang.Object, java.lang.Object, java.lang.Object, java.lang.Object)'> (0x00000000ade239e8) thrown at [./src/hotspot/share/interpreter/linkResolver.cpp, line 773]
Event: 3.871 Thread 0x00000132448cf800 Exception <a 'java/lang/NoSuchMethodError'{0x00000000add12d38}: 'java.lang.Object java.lang.invoke.DirectMethodHandle$Holder.invokeSpecial(java.lang.Object, java.lang.Object, java.lang.Object, java.lang.Object, java.lang.Object, java.lang.Object, java.lang.Object, java.lang.Object, java.lang.Object, java.lang.Object, java.lang.Object, java.lang.Object, java.lang.Object)'> (0x00000000add12d38) thrown at [./src/hotspot/share/interpreter/linkResolver.cpp, line 773]
Event: 3.872 Thread 0x00000132448cf800 Exception <a 'java/lang/NoSuchMethodError'{0x00000000add23fc0}: 'java.lang.Object java.lang.invoke.DirectMethodHandle$Holder.invokeSpecial(java.lang.Object, java.lang.Object, java.lang.Object, java.lang.Object, java.lang.Object, java.lang.Object, java.lang.Object, java.lang.Object, java.lang.Object, java.lang.Object, java.lang.Object, java.lang.Object)'> (0x00000000add23fc0) thrown at [./src/hotspot/share/interpreter/linkResolver.cpp, line 773]
Event: 3.872 Thread 0x00000132448cf800 Exception <a 'java/lang/NoSuchMethodError'{0x00000000add290e8}: 'java.lang.Object java.lang.invoke.Invokers$Holder.linkToTargetMethod(java.lang.Object, java.lang.Object, java.lang.Object, java.lang.Object, java.lang.Object, java.lang.Object, java.lang.Object, java.lang.Object, java.lang.Object, java.lang.Object, java.lang.Object)'> (0x00000000add290e8) thrown at [./src/hotspot/share/interpreter/linkResolver.cpp, line 773]
Event: 3.886 Thread 0x00000132448cf800 Exception <a 'java/lang/NoSuchMethodError'{0x00000000adc8d528}: 'java.lang.Object java.lang.invoke.DirectMethodHandle$Holder.invokeSpecial(java.lang.Object, java.lang.Object, java.lang.Object, java.lang.Object, java.lang.Object, java.lang.Object, java.lang.Object, java.lang.Object, java.lang.Object, java.lang.Object, java.lang.Object, java.lang.Object, java.lang.Object, java.lang.Object)'> (0x00000000adc8d528) thrown at [./src/hotspot/share/interpreter/linkResolver.cpp, line 773]
Event: 3.887 Thread 0x00000132448cf800 Exception <a 'java/lang/NoSuchMethodError'{0x00000000adc9eb20}: 'java.lang.Object java.lang.invoke.Invokers$Holder.linkToTargetMethod(java.lang.Object, java.lang.Object, java.lang.Object, java.lang.Object, java.lang.Object, java.lang.Object, java.lang.Object, java.lang.Object, java.lang.Object, java.lang.Object, java.lang.Object, java.lang.Object)'> (0x00000000adc9eb20) thrown at [./src/hotspot/share/interpreter/linkResolver.cpp, line 773]
Event: 3.892 Thread 0x00000132448cf800 Exception <a 'java/lang/NoSuchMethodError'{0x00000000adb39100}: 'java.lang.Object java.lang.invoke.DirectMethodHandle$Holder.invokeStaticInit(java.lang.Object, java.lang.Object, java.lang.Object, java.lang.Object)'> (0x00000000adb39100) thrown at [./src/hotspot/share/interpreter/linkResolver.cpp, line 773]
Event: 3.978 Thread 0x00000132448cf800 Implicit null exception at 0x00000132342e11f5 to 0x00000132342e13bc
Event: 3.978 Thread 0x00000132448cf800 Implicit null exception at 0x00000132342a5aaf to 0x00000132342a5b1d
Event: 4.317 Thread 0x00000132448cf800 Exception <a 'java/lang/NoSuchMethodError'{0x00000000ab4739f8}: 'void java.lang.invoke.DirectMethodHandle$Holder.invokeStaticInit(java.lang.Object, java.lang.Object, java.lang.Object)'> (0x00000000ab4739f8) thrown at [./src/hotspot/share/interpreter/linkResolver.cpp, line 773]
Event: 4.318 Thread 0x00000132448cf800 Exception <a 'java/lang/NoSuchMethodError'{0x00000000ab47a7d0}: 'void java.lang.invoke.DirectMethodHandle$Holder.invokeStaticInit(java.lang.Object, java.lang.Object, java.lang.Object, java.lang.Object)'> (0x00000000ab47a7d0) thrown at [./src/hotspot/share/interpreter/linkResolver.cpp, line 773]
Event: 4.321 Thread 0x00000132448cf800 Exception <a 'java/lang/NoSuchMethodError'{0x00000000ab49e478}: 'void java.lang.invoke.DirectMethodHandle$Holder.invokeStaticInit(java.lang.Object, java.lang.Object, java.lang.Object, java.lang.Object, java.lang.Object)'> (0x00000000ab49e478) thrown at [./src/hotspot/share/interpreter/linkResolver.cpp, line 773]
Event: 4.321 Thread 0x00000132448cf800 Exception <a 'java/lang/NoSuchMethodError'{0x00000000ab4a5b88}: 'int java.lang.invoke.DirectMethodHandle$Holder.invokeStaticInit(java.lang.Object, java.lang.Object, java.lang.Object)'> (0x00000000ab4a5b88) thrown at [./src/hotspot/share/interpreter/linkResolver.cpp, line 773]
Event: 4.348 Thread 0x00000132448cf800 Exception <a 'java/lang/NoSuchMethodError'{0x00000000ab303f08}: 'int java.lang.invoke.DirectMethodHandle$Holder.invokeStaticInit(java.lang.Object, java.lang.Object, java.lang.Object, java.lang.Object)'> (0x00000000ab303f08) thrown at [./src/hotspot/share/interpreter/linkResolver.cpp, line 773]
Event: 4.348 Thread 0x00000132448cf800 Exception <a 'java/lang/IncompatibleClassChangeError'{0x00000000ab30d468}: Found class java.lang.Object, but interface was expected> (0x00000000ab30d468) thrown at [./src/hotspot/share/interpreter/linkResolver.cpp, line 839]

Events (20 events):
Event: 4.499 loading class java/beans/BeanInfo done
Event: 4.499 loading class groovy/lang/MetaClassImpl
Event: 4.499 loading class groovy/lang/MetaClassImpl done
Event: 4.500 loading class java/beans/ThreadGroupContext
Event: 4.500 loading class java/beans/ThreadGroupContext done
Event: 4.500 loading class java/beans/ThreadGroupContext$1
Event: 4.500 loading class java/beans/WeakIdentityMap
Event: 4.500 loading class java/beans/WeakIdentityMap done
Event: 4.500 loading class java/beans/ThreadGroupContext$1 done
Event: 4.500 loading class java/beans/WeakIdentityMap$Entry
Event: 4.500 loading class java/beans/WeakIdentityMap$Entry done
Event: 4.500 loading class com/sun/beans/finder/BeanInfoFinder
Event: 4.501 loading class com/sun/beans/finder/InstanceFinder
Event: 4.501 loading class com/sun/beans/finder/InstanceFinder done
Event: 4.501 loading class com/sun/beans/finder/BeanInfoFinder done
Event: 4.501 Executing VM operation: RevokeBias
Event: 4.502 Executing VM operation: RevokeBias done
Event: 4.503 loading class java/lang/invoke/BoundMethodHandle$Species_LLLLLLLLI
Event: 4.503 loading class java/lang/invoke/BoundMethodHandle$Species_LLLLLLLLI done
Event: 4.503 loading class java/lang/invoke/ClassSpecializer$Factory$1Var


Dynamic libraries:
0x00007ff7234c0000 - 0x00007ff7234ca000 	E:\IDEA\2021.3.1\IntelliJ IDEA 2021.3.1\jbr\bin\java.exe
0x00007ff856fb0000 - 0x00007ff8571c6000 	C:\WINDOWS\SYSTEM32\ntdll.dll
0x00007ff8556e0000 - 0x00007ff8557a4000 	C:\WINDOWS\System32\KERNEL32.DLL
0x00007ff8548b0000 - 0x00007ff854c5d000 	C:\WINDOWS\System32\KERNELBASE.dll
0x00007ff8542f0000 - 0x00007ff854405000 	C:\WINDOWS\System32\ucrtbase.dll
0x00007ff842df0000 - 0x00007ff842e09000 	E:\IDEA\2021.3.1\IntelliJ IDEA 2021.3.1\jbr\bin\jli.dll
0x00007ff842cd0000 - 0x00007ff842ce7000 	E:\IDEA\2021.3.1\IntelliJ IDEA 2021.3.1\jbr\bin\VCRUNTIME140.dll
0x00007ff8568c0000 - 0x00007ff856a73000 	C:\WINDOWS\System32\USER32.dll
0x00007ff8545c0000 - 0x00007ff8545e7000 	C:\WINDOWS\System32\win32u.dll
0x00007ff856340000 - 0x00007ff856369000 	C:\WINDOWS\System32\GDI32.dll
0x00007ff854490000 - 0x00007ff8545af000 	C:\WINDOWS\System32\gdi32full.dll
0x00007ff83ccc0000 - 0x00007ff83cf5d000 	C:\WINDOWS\WinSxS\amd64_microsoft.windows.common-controls_6595b64144ccf1df_6.0.25314.1000_none_7ba522e2a3810f62\COMCTL32.dll
0x00007ff854770000 - 0x00007ff854815000 	C:\WINDOWS\System32\msvcp_win.dll
0x00007ff855540000 - 0x00007ff8555e7000 	C:\WINDOWS\System32\msvcrt.dll
0x00007ff856770000 - 0x00007ff8567a0000 	C:\WINDOWS\System32\IMM32.DLL
0x00007ff83f680000 - 0x00007ff83f808000 	E:\steam\steam_app\gameoverlayrenderer64.dll
0x00007ff856e30000 - 0x00007ff856ee0000 	C:\WINDOWS\System32\ADVAPI32.dll
0x00007ff856d20000 - 0x00007ff856dc5000 	C:\WINDOWS\System32\sechost.dll
0x00007ff8565d0000 - 0x00007ff8566f9000 	C:\WINDOWS\System32\RPCRT4.dll
0x00007ff856380000 - 0x00007ff85651f000 	C:\WINDOWS\System32\ole32.dll
0x00007ff855b20000 - 0x00007ff855ecc000 	C:\WINDOWS\System32\combase.dll
0x00007ff8557c0000 - 0x00007ff855898000 	C:\WINDOWS\System32\OLEAUT32.dll
0x00007ff854d20000 - 0x00007ff854d28000 	C:\WINDOWS\System32\PSAPI.DLL
0x00007ff84b5e0000 - 0x00007ff84b615000 	C:\WINDOWS\SYSTEM32\WINMM.dll
0x00007ff80b100000 - 0x00007ff80b19d000 	E:\IDEA\2021.3.1\IntelliJ IDEA 2021.3.1\jbr\bin\msvcp140.dll
0x00007ff8195e0000 - 0x00007ff81a156000 	E:\IDEA\2021.3.1\IntelliJ IDEA 2021.3.1\jbr\bin\server\jvm.dll
0x00007ff839540000 - 0x00007ff839549000 	C:\WINDOWS\SYSTEM32\WSOCK32.dll
0x00007ff84aaa0000 - 0x00007ff84aaaa000 	C:\WINDOWS\SYSTEM32\VERSION.dll
0x00007ff856ef0000 - 0x00007ff856f63000 	C:\WINDOWS\System32\WS2_32.dll
0x00007ff853290000 - 0x00007ff8532a8000 	C:\WINDOWS\SYSTEM32\kernel.appcore.dll
0x00007ff845000000 - 0x00007ff845011000 	E:\IDEA\2021.3.1\IntelliJ IDEA 2021.3.1\jbr\bin\verify.dll
0x00007ff851b80000 - 0x00007ff851db5000 	C:\WINDOWS\SYSTEM32\DBGHELP.DLL
0x00007ff83c4f0000 - 0x00007ff83c522000 	C:\WINDOWS\SYSTEM32\dbgcore.DLL
0x00007ff854820000 - 0x00007ff8548a3000 	C:\WINDOWS\System32\bcryptPrimitives.dll
0x00007ff843530000 - 0x00007ff843559000 	E:\IDEA\2021.3.1\IntelliJ IDEA 2021.3.1\jbr\bin\java.dll
0x00007ff8434f0000 - 0x00007ff8434fb000 	E:\IDEA\2021.3.1\IntelliJ IDEA 2021.3.1\jbr\bin\jimage.dll
0x00007ff842d40000 - 0x00007ff842d58000 	E:\IDEA\2021.3.1\IntelliJ IDEA 2021.3.1\jbr\bin\zip.dll
0x00007ff854d30000 - 0x00007ff85553a000 	C:\WINDOWS\System32\SHELL32.dll
0x00007ff8521f0000 - 0x00007ff852a95000 	C:\WINDOWS\SYSTEM32\windows.storage.dll
0x00007ff8558f0000 - 0x00007ff8559d0000 	C:\WINDOWS\System32\SHCORE.dll
0x00007ff856dd0000 - 0x00007ff856e2d000 	C:\WINDOWS\System32\shlwapi.dll
0x00007ff854210000 - 0x00007ff854231000 	C:\WINDOWS\SYSTEM32\profapi.dll
0x00007ff842d20000 - 0x00007ff842d3a000 	E:\IDEA\2021.3.1\IntelliJ IDEA 2021.3.1\jbr\bin\net.dll
0x00007ff84c9b0000 - 0x00007ff84cade000 	C:\WINDOWS\SYSTEM32\WINHTTP.dll
0x00007ff853720000 - 0x00007ff853789000 	C:\WINDOWS\system32\mswsock.dll
0x00007ff842320000 - 0x00007ff842334000 	E:\IDEA\2021.3.1\IntelliJ IDEA 2021.3.1\jbr\bin\nio.dll
0x00007ff814020000 - 0x00007ff814047000 	C:\Users\Lenovo\.gradle\native\8bec1ad78214c89d9ad589b4d07fe93259594b29d510b10fafb7a158f7737e5d\windows-amd64\native-platform.dll
0x00007ff802550000 - 0x00007ff80268d000 	C:\Users\Lenovo\.gradle\native\53dbd7edfb1c66fb8903c78663c9afc45aea4f116125fa6feffd364cf09443e8\windows-amd64\native-platform-file-events.dll
0x00007ff842d10000 - 0x00007ff842d1a000 	E:\IDEA\2021.3.1\IntelliJ IDEA 2021.3.1\jbr\bin\management.dll
0x00007ff842b70000 - 0x00007ff842b7d000 	E:\IDEA\2021.3.1\IntelliJ IDEA 2021.3.1\jbr\bin\management_ext.dll
0x00007ff8539c0000 - 0x00007ff8539db000 	C:\WINDOWS\SYSTEM32\CRYPTSP.dll
0x00007ff8531f0000 - 0x00007ff853225000 	C:\WINDOWS\system32\rsaenh.dll
0x00007ff853820000 - 0x00007ff853848000 	C:\WINDOWS\SYSTEM32\USERENV.dll
0x00007ff853b70000 - 0x00007ff853b98000 	C:\WINDOWS\SYSTEM32\bcrypt.dll
0x00007ff8539b0000 - 0x00007ff8539bc000 	C:\WINDOWS\SYSTEM32\CRYPTBASE.dll
0x00007ff852d40000 - 0x00007ff852d6f000 	C:\WINDOWS\SYSTEM32\IPHLPAPI.DLL
0x00007ff856530000 - 0x00007ff856539000 	C:\WINDOWS\System32\NSI.dll
0x00007ff84d420000 - 0x00007ff84d439000 	C:\WINDOWS\SYSTEM32\dhcpcsvc6.DLL
0x00007ff84d3d0000 - 0x00007ff84d3ee000 	C:\WINDOWS\SYSTEM32\dhcpcsvc.DLL
0x00007ff852dd0000 - 0x00007ff852ede000 	C:\WINDOWS\SYSTEM32\DNSAPI.dll

dbghelp: loaded successfully - version: 4.0.5 - missing functions: none
symbol engine: initialized successfully - sym options: 0x614 - pdb path: .;E:\IDEA\2021.3.1\IntelliJ IDEA 2021.3.1\jbr\bin;C:\WINDOWS\SYSTEM32;C:\WINDOWS\WinSxS\amd64_microsoft.windows.common-controls_6595b64144ccf1df_6.0.25314.1000_none_7ba522e2a3810f62;E:\steam\steam_app;E:\IDEA\2021.3.1\IntelliJ IDEA 2021.3.1\jbr\bin\server;C:\Users\Lenovo\.gradle\native\8bec1ad78214c89d9ad589b4d07fe93259594b29d510b10fafb7a158f7737e5d\windows-amd64;C:\Users\Lenovo\.gradle\native\53dbd7edfb1c66fb8903c78663c9afc45aea4f116125fa6feffd364cf09443e8\windows-amd64

VM Arguments:
jvm_args: --add-opens=java.base/java.util=ALL-UNNAMED --add-opens=java.base/java.lang=ALL-UNNAMED --add-opens=java.base/java.lang.invoke=ALL-UNNAMED --add-opens=java.base/java.util=ALL-UNNAMED --add-opens=java.prefs/java.util.prefs=ALL-UNNAMED --add-opens=java.prefs/java.util.prefs=ALL-UNNAMED --add-opens=java.base/java.nio.charset=ALL-UNNAMED --add-opens=java.base/java.net=ALL-UNNAMED --add-opens=java.base/java.util.concurrent.atomic=ALL-UNNAMED -Xmx1536m -Dfile.encoding=GBK -Duser.country=CN -Duser.language=zh -Duser.variant 
java_command: org.gradle.launcher.daemon.bootstrap.GradleDaemon 7.0.2
java_class_path (initial): C:\Users\Lenovo\.gradle\wrapper\dists\gradle-7.0.2-all\7era6s5ay7zsbhuvl0oc9g94s\gradle-7.0.2\lib\gradle-launcher-7.0.2.jar
Launcher Type: SUN_STANDARD

[Global flags]
     intx CICompilerCount                          = 4                                         {product} {ergonomic}
     uint ConcGCThreads                            = 3                                         {product} {ergonomic}
     uint G1ConcRefinementThreads                  = 10                                        {product} {ergonomic}
   size_t G1HeapRegionSize                         = 1048576                                   {product} {ergonomic}
    uintx GCDrainStackTargetSize                   = 64                                        {product} {ergonomic}
   size_t InitialHeapSize                          = 257949696                                 {product} {ergonomic}
   size_t MarkStackSize                            = 4194304                                   {product} {ergonomic}
   size_t MaxHeapSize                              = 1610612736                                {product} {command line}
   size_t MaxNewSize                               = 965738496                                 {product} {ergonomic}
   size_t MinHeapDeltaBytes                        = 1048576                                   {product} {ergonomic}
    uintx NonNMethodCodeHeapSize                   = 5836300                                {pd product} {ergonomic}
    uintx NonProfiledCodeHeapSize                  = 122910970                              {pd product} {ergonomic}
    uintx ProfiledCodeHeapSize                     = 122910970                              {pd product} {ergonomic}
    uintx ReservedCodeCacheSize                    = 251658240                              {pd product} {ergonomic}
     bool SegmentedCodeCache                       = true                                      {product} {ergonomic}
     bool UseCompressedClassPointers               = true                                 {lp64_product} {ergonomic}
     bool UseCompressedOops                        = true                                 {lp64_product} {ergonomic}
     bool UseG1GC                                  = true                                      {product} {ergonomic}
     bool UseLargePagesIndividualAllocation        = false                                  {pd product} {ergonomic}

Logging:
Log output configuration:
 #0: stdout all=warning uptime,level,tags
 #1: stderr all=off uptime,level,tags

Environment Variables:
JAVA_HOME=C:\Program Files\Java\jdk1.8.0_201
CLASSPATH= .;C:\Program Files\Java\jdk1.8.0_201\lib\dt.jar;C:\Program Files\Java\jdk1.8.0_201\lib\tools.jar
PATH=E:\steam\steam_app;E:\VMware-station\bin\;C:\Program Files\Common Files\Oracle\Java\javapath;C:\Program Files\CodeBlocks\MinGW\bin;E:\PYTHON\Scripts\;E:\PYTHON\;C:\Program Files\Java\jdk1.8.0_201\bin;C:\Program Files\Java\jdk1.8.0_201\jre\bin;C:\Program Files (x86)\Common Files\Oracle\Java\javapath;C:\WINDOWS\system32;C:\WINDOWS;C:\WINDOWS\System32\Wbem;C:\WINDOWS\System32\WindowsPowerShell\v1.0\;C:\WINDOWS\System32\OpenSSH\;C:\Program Files\dotnet\;D:\Microsoft SQL Server (x86) (x86)\90\Tools\binn\;E:\GIT\Git\cmd;E:\Nodejs\;C:\ProgramData\chocolatey\bin;E:\Maven\apache-maven-3.8.4\bin;C:\Program Files\MySQL\MySQL Server 8.0\bin;E:\Redis\;C:\WINDOWS\system32;C:\WINDOWS;C:\WINDOWS\System32\Wbem;C:\WINDOWS\System32\WindowsPowerShell\v1.0\;C:\WINDOWS\System32\OpenSSH\;E:\Opencv455\opencv\build\x64\vc15\bin;E:\SecureCRT\;C:\myapps\Zookeeper\apache-zookeeper-3.7.1-bin\bin;C:\myapps\Nasm\nasm-2.16rc12\;C:\myapps\Qemu\;C:\Program Files\MySQL\MySQL Shell 8.0\bin\;C:\Users\Lenovo\AppData\Local\Microsoft\WindowsApps;E:\IDEA\2021.3.1\IntelliJ IDEA 2021.3.1\bin;C:\Program Files\Java\jre1.8.0_201\bin;E:\Microsoft VS Code\bin;C:\Users\Lenovo\AppData\Local\GitHubDesktop\bin;C:\Users\Lenovo\.dotnet\tools;C:\Users\Lenovo\AppData\Roaming\npm;E:\Tencent\QQGameTempest\Hall.57734\;E:\MINGW_Lib\mingw64\bin\;C:\myapps\Pycharm\PyCharm Community Edition 2022.3.2\bin
USERNAME=Lenovo
OS=Windows_NT
PROCESSOR_IDENTIFIER=AMD64 Family 23 Model 96 Stepping 1, AuthenticAMD



---------------  S Y S T E M  ---------------

OS: Windows 11 , 64 bit Build 25314 (10.0.25314.1000)
OS uptime: 2 days 5:42 hours

CPU:total 12 (initial active 12) (12 cores per cpu, 2 threads per core) family 23 model 96 stepping 1 microcode 0x8600106, cmov, cx8, fxsr, mmx, sse, sse2, sse3, ssse3, sse4.1, sse4.2, popcnt, avx, avx2, aes, clmul, mmxext, 3dnowpref, lzcnt, sse4a, ht, tsc, tscinvbit, tscinv, bmi1, bmi2, adx, sha, fma

Memory: 4k page, system-wide physical 15741M (1136M free)
TotalPageFile size 23933M (AvailPageFile size 35M)
current process WorkingSet (physical memory assigned to process): 279M, peak: 298M
current process commit charge ("private bytes"): 426M, peak: 443M

vm_info: OpenJDK 64-Bit Server VM (11.0.13+7-b1751.21) for windows-amd64 JRE (11.0.13+7-b1751.21), built on Nov 30 2021 02:32:50 by "" with MS VC++ 14.0 (VS2015)

END.
